Copyright 1986-2018 Xilinx, Inc. All Rights Reserved.
--------------------------------------------------------------------------------------------------------------------------------------------------------------------------------
| Tool Version : Vivado v.2018.2 (win64) Build 2258646 Thu Jun 14 20:03:12 MDT 2018
| Date         : Fri Jun  2 13:57:43 2023
| Host         : LAPTOP-2C5C2MOC running 64-bit major release  (build 9200)
| Command      : report_timing_summary -max_paths 10 -file CPU_timing_summary_routed.rpt -pb CPU_timing_summary_routed.pb -rpx CPU_timing_summary_routed.rpx -warn_on_violation
| Design       : CPU
| Device       : 7a35t-cpg236
| Speed File   : -1  PRODUCTION 1.22 2018-03-21
--------------------------------------------------------------------------------------------------------------------------------------------------------------------------------

Timing Summary Report

------------------------------------------------------------------------------------------------
| Timer Settings
| --------------
------------------------------------------------------------------------------------------------

  Enable Multi Corner Analysis               :  Yes
  Enable Pessimism Removal                   :  Yes
  Pessimism Removal Resolution               :  Nearest Common Node
  Enable Input Delay Default Clock           :  No
  Enable Preset / Clear Arcs                 :  No
  Disable Flight Delays                      :  No
  Ignore I/O Paths                           :  No
  Timing Early Launch at Borrowing Latches   :  false

  Corner  Analyze    Analyze    
  Name    Max Paths  Min Paths  
  ------  ---------  ---------  
  Slow    Yes        Yes        
  Fast    Yes        Yes        



check_timing report

Table of Contents
-----------------
1. checking no_clock
2. checking constant_clock
3. checking pulse_width_clock
4. checking unconstrained_internal_endpoints
5. checking no_input_delay
6. checking no_output_delay
7. checking multiple_clock
8. checking generated_clocks
9. checking loops
10. checking partial_input_delay
11. checking partial_output_delay
12. checking latch_loops

1. checking no_clock
--------------------
 There are 15 register/latch pins with no clock driven by root clock pin: Slow_Clock_0/Clk_out_reg/Q (HIGH)


2. checking constant_clock
--------------------------
 There are 0 register/latch pins with constant_clock.


3. checking pulse_width_clock
-----------------------------
 There are 0 register/latch pins which need pulse_width check


4. checking unconstrained_internal_endpoints
--------------------------------------------
 There are 39 pins that are not constrained for maximum delay. (HIGH)

 There are 0 pins that are not constrained for maximum delay due to constant clock.


5. checking no_input_delay
--------------------------
 There is 1 input port with no input delay specified. (HIGH)

 There are 0 input ports with no input delay but user has a false path constraint.


6. checking no_output_delay
---------------------------
 There are 2 ports with no output delay specified. (HIGH)

 There are 0 ports with no output delay but user has a false path constraint

 There are 0 ports with no output delay but with a timing clock defined on it or propagating through it


7. checking multiple_clock
--------------------------
 There are 0 register/latch pins with multiple clocks.


8. checking generated_clocks
----------------------------
 There are 0 generated clocks that are not connected to a clock source.


9. checking loops
-----------------
 There are 0 combinational loops in the design.


10. checking partial_input_delay
--------------------------------
 There are 0 input ports with partial input delay specified.


11. checking partial_output_delay
---------------------------------
 There are 0 ports with partial output delay specified.


12. checking latch_loops
------------------------
 There are 0 combinational latch loops in the design through latch input



------------------------------------------------------------------------------------------------
| Design Timing Summary
| ---------------------
------------------------------------------------------------------------------------------------

    WNS(ns)      TNS(ns)  TNS Failing Endpoints  TNS Total Endpoints      WHS(ns)      THS(ns)  THS Failing Endpoints  THS Total Endpoints     WPWS(ns)     TPWS(ns)  TPWS Failing Endpoints  TPWS Total Endpoints  
    -------      -------  ---------------------  -------------------      -------      -------  ---------------------  -------------------     --------     --------  ----------------------  --------------------  
      5.560        0.000                      0                   65        0.280        0.000                      0                   65        4.500        0.000                       0                    35  


All user specified timing constraints are met.


------------------------------------------------------------------------------------------------
| Clock Summary
| -------------
------------------------------------------------------------------------------------------------

Clock        Waveform(ns)       Period(ns)      Frequency(MHz)
-----        ------------       ----------      --------------
sys_clk_pin  {0.000 5.000}      10.000          100.000         


------------------------------------------------------------------------------------------------
| Intra Clock Table
| -----------------
------------------------------------------------------------------------------------------------

Clock             WNS(ns)      TNS(ns)  TNS Failing Endpoints  TNS Total Endpoints      WHS(ns)      THS(ns)  THS Failing Endpoints  THS Total Endpoints     WPWS(ns)     TPWS(ns)  TPWS Failing Endpoints  TPWS Total Endpoints  
-----             -------      -------  ---------------------  -------------------      -------      -------  ---------------------  -------------------     --------     --------  ----------------------  --------------------  
sys_clk_pin         5.560        0.000                      0                   65        0.280        0.000                      0                   65        4.500        0.000                       0                    35  


------------------------------------------------------------------------------------------------
| Inter Clock Table
| -----------------
------------------------------------------------------------------------------------------------

From Clock    To Clock          WNS(ns)      TNS(ns)  TNS Failing Endpoints  TNS Total Endpoints      WHS(ns)      THS(ns)  THS Failing Endpoints  THS Total Endpoints  
----------    --------          -------      -------  ---------------------  -------------------      -------      -------  ---------------------  -------------------  


------------------------------------------------------------------------------------------------
| Other Path Groups Table
| -----------------------
------------------------------------------------------------------------------------------------

Path Group    From Clock    To Clock          WNS(ns)      TNS(ns)  TNS Failing Endpoints  TNS Total Endpoints      WHS(ns)      THS(ns)  THS Failing Endpoints  THS Total Endpoints  
----------    ----------    --------          -------      -------  ---------------------  -------------------      -------      -------  ---------------------  -------------------  


------------------------------------------------------------------------------------------------
| Timing Details
| --------------
------------------------------------------------------------------------------------------------


---------------------------------------------------------------------------------------------------
From Clock:  sys_clk_pin
  To Clock:  sys_clk_pin

Setup :            0  Failing Endpoints,  Worst Slack        5.560ns,  Total Violation        0.000ns
Hold  :            0  Failing Endpoints,  Worst Slack        0.280ns,  Total Violation        0.000ns
PW    :            0  Failing Endpoints,  Worst Slack        4.500ns,  Total Violation        0.000ns
---------------------------------------------------------------------------------------------------


Max Delay Paths
--------------------------------------------------------------------------------------
Slack (MET) :             5.560ns  (required time - arrival time)
  Source:                 Slow_Clock_0/count_reg[28]/C
                            (rising edge-triggered cell FDRE clocked by sys_clk_pin  {rise@0.000ns fall@5.000ns period=10.000ns})
  Destination:            Slow_Clock_0/count_reg[29]/R
                            (rising edge-triggered cell FDRE clocked by sys_clk_pin  {rise@0.000ns fall@5.000ns period=10.000ns})
  Path Group:             sys_clk_pin
  Path Type:              Setup (Max at Slow Process Corner)
  Requirement:            10.000ns  (sys_clk_pin rise@10.000ns - sys_clk_pin rise@0.000ns)
  Data Path Delay:        3.950ns  (logic 0.828ns (20.960%)  route 3.122ns (79.040%))
  Logic Levels:           3  (LUT4=2 LUT5=1)
  Clock Path Skew:        -0.025ns (DCD - SCD + CPR)
    Destination Clock Delay (DCD):    4.845ns = ( 14.845 - 10.000 ) 
    Source Clock Delay      (SCD):    5.142ns
    Clock Pessimism Removal (CPR):    0.272ns
  Clock Uncertainty:      0.035ns  ((TSJ^2 + TIJ^2)^1/2 + DJ) / 2 + PE
    Total System Jitter     (TSJ):    0.071ns
    Total Input Jitter      (TIJ):    0.000ns
    Discrete Jitter          (DJ):    0.000ns
    Phase Error              (PE):    0.000ns

    Location             Delay type                Incr(ns)  Path(ns)    Netlist Resource(s)
  -------------------------------------------------------------------    -------------------
                         (clock sys_clk_pin rise edge)
                                                      0.000     0.000 r  
    W5                                                0.000     0.000 r  Clk_in (IN)
                         net (fo=0)                   0.000     0.000    Clk_in
    W5                   IBUF (Prop_ibuf_I_O)         1.458     1.458 r  Clk_in_IBUF_inst/O
                         net (fo=1, routed)           1.967     3.425    Clk_in_IBUF
    BUFGCTRL_X0Y0        BUFG (Prop_bufg_I_O)         0.096     3.521 r  Clk_in_IBUF_BUFG_inst/O
                         net (fo=34, routed)          1.621     5.142    Slow_Clock_0/Clk_in_IBUF_BUFG
    SLICE_X62Y63         FDRE                                         r  Slow_Clock_0/count_reg[28]/C
  -------------------------------------------------------------------    -------------------
    SLICE_X62Y63         FDRE (Prop_fdre_C_Q)         0.456     5.598 f  Slow_Clock_0/count_reg[28]/Q
                         net (fo=2, routed)           0.812     6.410    Slow_Clock_0/count[28]
    SLICE_X63Y64         LUT4 (Prop_lut4_I1_O)        0.124     6.534 f  Slow_Clock_0/count[31]_i_8/O
                         net (fo=1, routed)           0.401     6.935    Slow_Clock_0/count[31]_i_8_n_0
    SLICE_X63Y63         LUT5 (Prop_lut5_I4_O)        0.124     7.059 f  Slow_Clock_0/count[31]_i_4/O
                         net (fo=3, routed)           0.969     8.028    Slow_Clock_0/count[31]_i_4_n_0
    SLICE_X63Y59         LUT4 (Prop_lut4_I2_O)        0.124     8.152 r  Slow_Clock_0/count[31]_i_1/O
                         net (fo=31, routed)          0.940     9.092    Slow_Clock_0/count[31]_i_1_n_0
    SLICE_X62Y64         FDRE                                         r  Slow_Clock_0/count_reg[29]/R
  -------------------------------------------------------------------    -------------------

                         (clock sys_clk_pin rise edge)
                                                     10.000    10.000 r  
    W5                                                0.000    10.000 r  Clk_in (IN)
                         net (fo=0)                   0.000    10.000    Clk_in
    W5                   IBUF (Prop_ibuf_I_O)         1.388    11.388 r  Clk_in_IBUF_inst/O
                         net (fo=1, routed)           1.862    13.250    Clk_in_IBUF
    BUFGCTRL_X0Y0        BUFG (Prop_bufg_I_O)         0.091    13.341 r  Clk_in_IBUF_BUFG_inst/O
                         net (fo=34, routed)          1.504    14.845    Slow_Clock_0/Clk_in_IBUF_BUFG
    SLICE_X62Y64         FDRE                                         r  Slow_Clock_0/count_reg[29]/C
                         clock pessimism              0.272    15.117    
                         clock uncertainty           -0.035    15.082    
    SLICE_X62Y64         FDRE (Setup_fdre_C_R)       -0.429    14.653    Slow_Clock_0/count_reg[29]
  -------------------------------------------------------------------
                         required time                         14.653    
                         arrival time                          -9.092    
  -------------------------------------------------------------------
                         slack                                  5.560    

Slack (MET) :             5.560ns  (required time - arrival time)
  Source:                 Slow_Clock_0/count_reg[28]/C
                            (rising edge-triggered cell FDRE clocked by sys_clk_pin  {rise@0.000ns fall@5.000ns period=10.000ns})
  Destination:            Slow_Clock_0/count_reg[30]/R
                            (rising edge-triggered cell FDRE clocked by sys_clk_pin  {rise@0.000ns fall@5.000ns period=10.000ns})
  Path Group:             sys_clk_pin
  Path Type:              Setup (Max at Slow Process Corner)
  Requirement:            10.000ns  (sys_clk_pin rise@10.000ns - sys_clk_pin rise@0.000ns)
  Data Path Delay:        3.950ns  (logic 0.828ns (20.960%)  route 3.122ns (79.040%))
  Logic Levels:           3  (LUT4=2 LUT5=1)
  Clock Path Skew:        -0.025ns (DCD - SCD + CPR)
    Destination Clock Delay (DCD):    4.845ns = ( 14.845 - 10.000 ) 
    Source Clock Delay      (SCD):    5.142ns
    Clock Pessimism Removal (CPR):    0.272ns
  Clock Uncertainty:      0.035ns  ((TSJ^2 + TIJ^2)^1/2 + DJ) / 2 + PE
    Total System Jitter     (TSJ):    0.071ns
    Total Input Jitter      (TIJ):    0.000ns
    Discrete Jitter          (DJ):    0.000ns
    Phase Error              (PE):    0.000ns

    Location             Delay type                Incr(ns)  Path(ns)    Netlist Resource(s)
  -------------------------------------------------------------------    -------------------
                         (clock sys_clk_pin rise edge)
                                                      0.000     0.000 r  
    W5                                                0.000     0.000 r  Clk_in (IN)
                         net (fo=0)                   0.000     0.000    Clk_in
    W5                   IBUF (Prop_ibuf_I_O)         1.458     1.458 r  Clk_in_IBUF_inst/O
                         net (fo=1, routed)           1.967     3.425    Clk_in_IBUF
    BUFGCTRL_X0Y0        BUFG (Prop_bufg_I_O)         0.096     3.521 r  Clk_in_IBUF_BUFG_inst/O
                         net (fo=34, routed)          1.621     5.142    Slow_Clock_0/Clk_in_IBUF_BUFG
    SLICE_X62Y63         FDRE                                         r  Slow_Clock_0/count_reg[28]/C
  -------------------------------------------------------------------    -------------------
    SLICE_X62Y63         FDRE (Prop_fdre_C_Q)         0.456     5.598 f  Slow_Clock_0/count_reg[28]/Q
                         net (fo=2, routed)           0.812     6.410    Slow_Clock_0/count[28]
    SLICE_X63Y64         LUT4 (Prop_lut4_I1_O)        0.124     6.534 f  Slow_Clock_0/count[31]_i_8/O
                         net (fo=1, routed)           0.401     6.935    Slow_Clock_0/count[31]_i_8_n_0
    SLICE_X63Y63         LUT5 (Prop_lut5_I4_O)        0.124     7.059 f  Slow_Clock_0/count[31]_i_4/O
                         net (fo=3, routed)           0.969     8.028    Slow_Clock_0/count[31]_i_4_n_0
    SLICE_X63Y59         LUT4 (Prop_lut4_I2_O)        0.124     8.152 r  Slow_Clock_0/count[31]_i_1/O
                         net (fo=31, routed)          0.940     9.092    Slow_Clock_0/count[31]_i_1_n_0
    SLICE_X62Y64         FDRE                                         r  Slow_Clock_0/count_reg[30]/R
  -------------------------------------------------------------------    -------------------

                         (clock sys_clk_pin rise edge)
                                                     10.000    10.000 r  
    W5                                                0.000    10.000 r  Clk_in (IN)
                         net (fo=0)                   0.000    10.000    Clk_in
    W5                   IBUF (Prop_ibuf_I_O)         1.388    11.388 r  Clk_in_IBUF_inst/O
                         net (fo=1, routed)           1.862    13.250    Clk_in_IBUF
    BUFGCTRL_X0Y0        BUFG (Prop_bufg_I_O)         0.091    13.341 r  Clk_in_IBUF_BUFG_inst/O
                         net (fo=34, routed)          1.504    14.845    Slow_Clock_0/Clk_in_IBUF_BUFG
    SLICE_X62Y64         FDRE                                         r  Slow_Clock_0/count_reg[30]/C
                         clock pessimism              0.272    15.117    
                         clock uncertainty           -0.035    15.082    
    SLICE_X62Y64         FDRE (Setup_fdre_C_R)       -0.429    14.653    Slow_Clock_0/count_reg[30]
  -------------------------------------------------------------------
                         required time                         14.653    
                         arrival time                          -9.092    
  -------------------------------------------------------------------
                         slack                                  5.560    

Slack (MET) :             5.560ns  (required time - arrival time)
  Source:                 Slow_Clock_0/count_reg[28]/C
                            (rising edge-triggered cell FDRE clocked by sys_clk_pin  {rise@0.000ns fall@5.000ns period=10.000ns})
  Destination:            Slow_Clock_0/count_reg[31]/R
                            (rising edge-triggered cell FDRE clocked by sys_clk_pin  {rise@0.000ns fall@5.000ns period=10.000ns})
  Path Group:             sys_clk_pin
  Path Type:              Setup (Max at Slow Process Corner)
  Requirement:            10.000ns  (sys_clk_pin rise@10.000ns - sys_clk_pin rise@0.000ns)
  Data Path Delay:        3.950ns  (logic 0.828ns (20.960%)  route 3.122ns (79.040%))
  Logic Levels:           3  (LUT4=2 LUT5=1)
  Clock Path Skew:        -0.025ns (DCD - SCD + CPR)
    Destination Clock Delay (DCD):    4.845ns = ( 14.845 - 10.000 ) 
    Source Clock Delay      (SCD):    5.142ns
    Clock Pessimism Removal (CPR):    0.272ns
  Clock Uncertainty:      0.035ns  ((TSJ^2 + TIJ^2)^1/2 + DJ) / 2 + PE
    Total System Jitter     (TSJ):    0.071ns
    Total Input Jitter      (TIJ):    0.000ns
    Discrete Jitter          (DJ):    0.000ns
    Phase Error              (PE):    0.000ns

    Location             Delay type                Incr(ns)  Path(ns)    Netlist Resource(s)
  -------------------------------------------------------------------    -------------------
                         (clock sys_clk_pin rise edge)
                                                      0.000     0.000 r  
    W5                                                0.000     0.000 r  Clk_in (IN)
                         net (fo=0)                   0.000     0.000    Clk_in
    W5                   IBUF (Prop_ibuf_I_O)         1.458     1.458 r  Clk_in_IBUF_inst/O
                         net (fo=1, routed)           1.967     3.425    Clk_in_IBUF
    BUFGCTRL_X0Y0        BUFG (Prop_bufg_I_O)         0.096     3.521 r  Clk_in_IBUF_BUFG_inst/O
                         net (fo=34, routed)          1.621     5.142    Slow_Clock_0/Clk_in_IBUF_BUFG
    SLICE_X62Y63         FDRE                                         r  Slow_Clock_0/count_reg[28]/C
  -------------------------------------------------------------------    -------------------
    SLICE_X62Y63         FDRE (Prop_fdre_C_Q)         0.456     5.598 f  Slow_Clock_0/count_reg[28]/Q
                         net (fo=2, routed)           0.812     6.410    Slow_Clock_0/count[28]
    SLICE_X63Y64         LUT4 (Prop_lut4_I1_O)        0.124     6.534 f  Slow_Clock_0/count[31]_i_8/O
                         net (fo=1, routed)           0.401     6.935    Slow_Clock_0/count[31]_i_8_n_0
    SLICE_X63Y63         LUT5 (Prop_lut5_I4_O)        0.124     7.059 f  Slow_Clock_0/count[31]_i_4/O
                         net (fo=3, routed)           0.969     8.028    Slow_Clock_0/count[31]_i_4_n_0
    SLICE_X63Y59         LUT4 (Prop_lut4_I2_O)        0.124     8.152 r  Slow_Clock_0/count[31]_i_1/O
                         net (fo=31, routed)          0.940     9.092    Slow_Clock_0/count[31]_i_1_n_0
    SLICE_X62Y64         FDRE                                         r  Slow_Clock_0/count_reg[31]/R
  -------------------------------------------------------------------    -------------------

                         (clock sys_clk_pin rise edge)
                                                     10.000    10.000 r  
    W5                                                0.000    10.000 r  Clk_in (IN)
                         net (fo=0)                   0.000    10.000    Clk_in
    W5                   IBUF (Prop_ibuf_I_O)         1.388    11.388 r  Clk_in_IBUF_inst/O
                         net (fo=1, routed)           1.862    13.250    Clk_in_IBUF
    BUFGCTRL_X0Y0        BUFG (Prop_bufg_I_O)         0.091    13.341 r  Clk_in_IBUF_BUFG_inst/O
                         net (fo=34, routed)          1.504    14.845    Slow_Clock_0/Clk_in_IBUF_BUFG
    SLICE_X62Y64         FDRE                                         r  Slow_Clock_0/count_reg[31]/C
                         clock pessimism              0.272    15.117    
                         clock uncertainty           -0.035    15.082    
    SLICE_X62Y64         FDRE (Setup_fdre_C_R)       -0.429    14.653    Slow_Clock_0/count_reg[31]
  -------------------------------------------------------------------
                         required time                         14.653    
                         arrival time                          -9.092    
  -------------------------------------------------------------------
                         slack                                  5.560    

Slack (MET) :             5.609ns  (required time - arrival time)
  Source:                 Slow_Clock_0/count_reg[28]/C
                            (rising edge-triggered cell FDRE clocked by sys_clk_pin  {rise@0.000ns fall@5.000ns period=10.000ns})
  Destination:            Slow_Clock_0/count_reg[1]/R
                            (rising edge-triggered cell FDRE clocked by sys_clk_pin  {rise@0.000ns fall@5.000ns period=10.000ns})
  Path Group:             sys_clk_pin
  Path Type:              Setup (Max at Slow Process Corner)
  Requirement:            10.000ns  (sys_clk_pin rise@10.000ns - sys_clk_pin rise@0.000ns)
  Data Path Delay:        3.905ns  (logic 0.828ns (21.203%)  route 3.077ns (78.797%))
  Logic Levels:           3  (LUT4=2 LUT5=1)
  Clock Path Skew:        -0.021ns (DCD - SCD + CPR)
    Destination Clock Delay (DCD):    4.849ns = ( 14.849 - 10.000 ) 
    Source Clock Delay      (SCD):    5.142ns
    Clock Pessimism Removal (CPR):    0.272ns
  Clock Uncertainty:      0.035ns  ((TSJ^2 + TIJ^2)^1/2 + DJ) / 2 + PE
    Total System Jitter     (TSJ):    0.071ns
    Total Input Jitter      (TIJ):    0.000ns
    Discrete Jitter          (DJ):    0.000ns
    Phase Error              (PE):    0.000ns

    Location             Delay type                Incr(ns)  Path(ns)    Netlist Resource(s)
  -------------------------------------------------------------------    -------------------
                         (clock sys_clk_pin rise edge)
                                                      0.000     0.000 r  
    W5                                                0.000     0.000 r  Clk_in (IN)
                         net (fo=0)                   0.000     0.000    Clk_in
    W5                   IBUF (Prop_ibuf_I_O)         1.458     1.458 r  Clk_in_IBUF_inst/O
                         net (fo=1, routed)           1.967     3.425    Clk_in_IBUF
    BUFGCTRL_X0Y0        BUFG (Prop_bufg_I_O)         0.096     3.521 r  Clk_in_IBUF_BUFG_inst/O
                         net (fo=34, routed)          1.621     5.142    Slow_Clock_0/Clk_in_IBUF_BUFG
    SLICE_X62Y63         FDRE                                         r  Slow_Clock_0/count_reg[28]/C
  -------------------------------------------------------------------    -------------------
    SLICE_X62Y63         FDRE (Prop_fdre_C_Q)         0.456     5.598 f  Slow_Clock_0/count_reg[28]/Q
                         net (fo=2, routed)           0.812     6.410    Slow_Clock_0/count[28]
    SLICE_X63Y64         LUT4 (Prop_lut4_I1_O)        0.124     6.534 f  Slow_Clock_0/count[31]_i_8/O
                         net (fo=1, routed)           0.401     6.935    Slow_Clock_0/count[31]_i_8_n_0
    SLICE_X63Y63         LUT5 (Prop_lut5_I4_O)        0.124     7.059 f  Slow_Clock_0/count[31]_i_4/O
                         net (fo=3, routed)           0.969     8.028    Slow_Clock_0/count[31]_i_4_n_0
    SLICE_X63Y59         LUT4 (Prop_lut4_I2_O)        0.124     8.152 r  Slow_Clock_0/count[31]_i_1/O
                         net (fo=31, routed)          0.895     9.047    Slow_Clock_0/count[31]_i_1_n_0
    SLICE_X62Y57         FDRE                                         r  Slow_Clock_0/count_reg[1]/R
  -------------------------------------------------------------------    -------------------

                         (clock sys_clk_pin rise edge)
                                                     10.000    10.000 r  
    W5                                                0.000    10.000 r  Clk_in (IN)
                         net (fo=0)                   0.000    10.000    Clk_in
    W5                   IBUF (Prop_ibuf_I_O)         1.388    11.388 r  Clk_in_IBUF_inst/O
                         net (fo=1, routed)           1.862    13.250    Clk_in_IBUF
    BUFGCTRL_X0Y0        BUFG (Prop_bufg_I_O)         0.091    13.341 r  Clk_in_IBUF_BUFG_inst/O
                         net (fo=34, routed)          1.508    14.849    Slow_Clock_0/Clk_in_IBUF_BUFG
    SLICE_X62Y57         FDRE                                         r  Slow_Clock_0/count_reg[1]/C
                         clock pessimism              0.272    15.121    
                         clock uncertainty           -0.035    15.086    
    SLICE_X62Y57         FDRE (Setup_fdre_C_R)       -0.429    14.657    Slow_Clock_0/count_reg[1]
  -------------------------------------------------------------------
                         required time                         14.657    
                         arrival time                          -9.047    
  -------------------------------------------------------------------
                         slack                                  5.609    

Slack (MET) :             5.609ns  (required time - arrival time)
  Source:                 Slow_Clock_0/count_reg[28]/C
                            (rising edge-triggered cell FDRE clocked by sys_clk_pin  {rise@0.000ns fall@5.000ns period=10.000ns})
  Destination:            Slow_Clock_0/count_reg[2]/R
                            (rising edge-triggered cell FDRE clocked by sys_clk_pin  {rise@0.000ns fall@5.000ns period=10.000ns})
  Path Group:             sys_clk_pin
  Path Type:              Setup (Max at Slow Process Corner)
  Requirement:            10.000ns  (sys_clk_pin rise@10.000ns - sys_clk_pin rise@0.000ns)
  Data Path Delay:        3.905ns  (logic 0.828ns (21.203%)  route 3.077ns (78.797%))
  Logic Levels:           3  (LUT4=2 LUT5=1)
  Clock Path Skew:        -0.021ns (DCD - SCD + CPR)
    Destination Clock Delay (DCD):    4.849ns = ( 14.849 - 10.000 ) 
    Source Clock Delay      (SCD):    5.142ns
    Clock Pessimism Removal (CPR):    0.272ns
  Clock Uncertainty:      0.035ns  ((TSJ^2 + TIJ^2)^1/2 + DJ) / 2 + PE
    Total System Jitter     (TSJ):    0.071ns
    Total Input Jitter      (TIJ):    0.000ns
    Discrete Jitter          (DJ):    0.000ns
    Phase Error              (PE):    0.000ns

    Location             Delay type                Incr(ns)  Path(ns)    Netlist Resource(s)
  -------------------------------------------------------------------    -------------------
                         (clock sys_clk_pin rise edge)
                                                      0.000     0.000 r  
    W5                                                0.000     0.000 r  Clk_in (IN)
                         net (fo=0)                   0.000     0.000    Clk_in
    W5                   IBUF (Prop_ibuf_I_O)         1.458     1.458 r  Clk_in_IBUF_inst/O
                         net (fo=1, routed)           1.967     3.425    Clk_in_IBUF
    BUFGCTRL_X0Y0        BUFG (Prop_bufg_I_O)         0.096     3.521 r  Clk_in_IBUF_BUFG_inst/O
                         net (fo=34, routed)          1.621     5.142    Slow_Clock_0/Clk_in_IBUF_BUFG
    SLICE_X62Y63         FDRE                                         r  Slow_Clock_0/count_reg[28]/C
  -------------------------------------------------------------------    -------------------
    SLICE_X62Y63         FDRE (Prop_fdre_C_Q)         0.456     5.598 f  Slow_Clock_0/count_reg[28]/Q
                         net (fo=2, routed)           0.812     6.410    Slow_Clock_0/count[28]
    SLICE_X63Y64         LUT4 (Prop_lut4_I1_O)        0.124     6.534 f  Slow_Clock_0/count[31]_i_8/O
                         net (fo=1, routed)           0.401     6.935    Slow_Clock_0/count[31]_i_8_n_0
    SLICE_X63Y63         LUT5 (Prop_lut5_I4_O)        0.124     7.059 f  Slow_Clock_0/count[31]_i_4/O
                         net (fo=3, routed)           0.969     8.028    Slow_Clock_0/count[31]_i_4_n_0
    SLICE_X63Y59         LUT4 (Prop_lut4_I2_O)        0.124     8.152 r  Slow_Clock_0/count[31]_i_1/O
                         net (fo=31, routed)          0.895     9.047    Slow_Clock_0/count[31]_i_1_n_0
    SLICE_X62Y57         FDRE                                         r  Slow_Clock_0/count_reg[2]/R
  -------------------------------------------------------------------    -------------------

                         (clock sys_clk_pin rise edge)
                                                     10.000    10.000 r  
    W5                                                0.000    10.000 r  Clk_in (IN)
                         net (fo=0)                   0.000    10.000    Clk_in
    W5                   IBUF (Prop_ibuf_I_O)         1.388    11.388 r  Clk_in_IBUF_inst/O
                         net (fo=1, routed)           1.862    13.250    Clk_in_IBUF
    BUFGCTRL_X0Y0        BUFG (Prop_bufg_I_O)         0.091    13.341 r  Clk_in_IBUF_BUFG_inst/O
                         net (fo=34, routed)          1.508    14.849    Slow_Clock_0/Clk_in_IBUF_BUFG
    SLICE_X62Y57         FDRE                                         r  Slow_Clock_0/count_reg[2]/C
                         clock pessimism              0.272    15.121    
                         clock uncertainty           -0.035    15.086    
    SLICE_X62Y57         FDRE (Setup_fdre_C_R)       -0.429    14.657    Slow_Clock_0/count_reg[2]
  -------------------------------------------------------------------
                         required time                         14.657    
                         arrival time                          -9.047    
  -------------------------------------------------------------------
                         slack                                  5.609    

Slack (MET) :             5.609ns  (required time - arrival time)
  Source:                 Slow_Clock_0/count_reg[28]/C
                            (rising edge-triggered cell FDRE clocked by sys_clk_pin  {rise@0.000ns fall@5.000ns period=10.000ns})
  Destination:            Slow_Clock_0/count_reg[3]/R
                            (rising edge-triggered cell FDRE clocked by sys_clk_pin  {rise@0.000ns fall@5.000ns period=10.000ns})
  Path Group:             sys_clk_pin
  Path Type:              Setup (Max at Slow Process Corner)
  Requirement:            10.000ns  (sys_clk_pin rise@10.000ns - sys_clk_pin rise@0.000ns)
  Data Path Delay:        3.905ns  (logic 0.828ns (21.203%)  route 3.077ns (78.797%))
  Logic Levels:           3  (LUT4=2 LUT5=1)
  Clock Path Skew:        -0.021ns (DCD - SCD + CPR)
    Destination Clock Delay (DCD):    4.849ns = ( 14.849 - 10.000 ) 
    Source Clock Delay      (SCD):    5.142ns
    Clock Pessimism Removal (CPR):    0.272ns
  Clock Uncertainty:      0.035ns  ((TSJ^2 + TIJ^2)^1/2 + DJ) / 2 + PE
    Total System Jitter     (TSJ):    0.071ns
    Total Input Jitter      (TIJ):    0.000ns
    Discrete Jitter          (DJ):    0.000ns
    Phase Error              (PE):    0.000ns

    Location             Delay type                Incr(ns)  Path(ns)    Netlist Resource(s)
  -------------------------------------------------------------------    -------------------
                         (clock sys_clk_pin rise edge)
                                                      0.000     0.000 r  
    W5                                                0.000     0.000 r  Clk_in (IN)
                         net (fo=0)                   0.000     0.000    Clk_in
    W5                   IBUF (Prop_ibuf_I_O)         1.458     1.458 r  Clk_in_IBUF_inst/O
                         net (fo=1, routed)           1.967     3.425    Clk_in_IBUF
    BUFGCTRL_X0Y0        BUFG (Prop_bufg_I_O)         0.096     3.521 r  Clk_in_IBUF_BUFG_inst/O
                         net (fo=34, routed)          1.621     5.142    Slow_Clock_0/Clk_in_IBUF_BUFG
    SLICE_X62Y63         FDRE                                         r  Slow_Clock_0/count_reg[28]/C
  -------------------------------------------------------------------    -------------------
    SLICE_X62Y63         FDRE (Prop_fdre_C_Q)         0.456     5.598 f  Slow_Clock_0/count_reg[28]/Q
                         net (fo=2, routed)           0.812     6.410    Slow_Clock_0/count[28]
    SLICE_X63Y64         LUT4 (Prop_lut4_I1_O)        0.124     6.534 f  Slow_Clock_0/count[31]_i_8/O
                         net (fo=1, routed)           0.401     6.935    Slow_Clock_0/count[31]_i_8_n_0
    SLICE_X63Y63         LUT5 (Prop_lut5_I4_O)        0.124     7.059 f  Slow_Clock_0/count[31]_i_4/O
                         net (fo=3, routed)           0.969     8.028    Slow_Clock_0/count[31]_i_4_n_0
    SLICE_X63Y59         LUT4 (Prop_lut4_I2_O)        0.124     8.152 r  Slow_Clock_0/count[31]_i_1/O
                         net (fo=31, routed)          0.895     9.047    Slow_Clock_0/count[31]_i_1_n_0
    SLICE_X62Y57         FDRE                                         r  Slow_Clock_0/count_reg[3]/R
  -------------------------------------------------------------------    -------------------

                         (clock sys_clk_pin rise edge)
                                                     10.000    10.000 r  
    W5                                                0.000    10.000 r  Clk_in (IN)
                         net (fo=0)                   0.000    10.000    Clk_in
    W5                   IBUF (Prop_ibuf_I_O)         1.388    11.388 r  Clk_in_IBUF_inst/O
                         net (fo=1, routed)           1.862    13.250    Clk_in_IBUF
    BUFGCTRL_X0Y0        BUFG (Prop_bufg_I_O)         0.091    13.341 r  Clk_in_IBUF_BUFG_inst/O
                         net (fo=34, routed)          1.508    14.849    Slow_Clock_0/Clk_in_IBUF_BUFG
    SLICE_X62Y57         FDRE                                         r  Slow_Clock_0/count_reg[3]/C
                         clock pessimism              0.272    15.121    
                         clock uncertainty           -0.035    15.086    
    SLICE_X62Y57         FDRE (Setup_fdre_C_R)       -0.429    14.657    Slow_Clock_0/count_reg[3]
  -------------------------------------------------------------------
                         required time                         14.657    
                         arrival time                          -9.047    
  -------------------------------------------------------------------
                         slack                                  5.609    

Slack (MET) :             5.609ns  (required time - arrival time)
  Source:                 Slow_Clock_0/count_reg[28]/C
                            (rising edge-triggered cell FDRE clocked by sys_clk_pin  {rise@0.000ns fall@5.000ns period=10.000ns})
  Destination:            Slow_Clock_0/count_reg[4]/R
                            (rising edge-triggered cell FDRE clocked by sys_clk_pin  {rise@0.000ns fall@5.000ns period=10.000ns})
  Path Group:             sys_clk_pin
  Path Type:              Setup (Max at Slow Process Corner)
  Requirement:            10.000ns  (sys_clk_pin rise@10.000ns - sys_clk_pin rise@0.000ns)
  Data Path Delay:        3.905ns  (logic 0.828ns (21.203%)  route 3.077ns (78.797%))
  Logic Levels:           3  (LUT4=2 LUT5=1)
  Clock Path Skew:        -0.021ns (DCD - SCD + CPR)
    Destination Clock Delay (DCD):    4.849ns = ( 14.849 - 10.000 ) 
    Source Clock Delay      (SCD):    5.142ns
    Clock Pessimism Removal (CPR):    0.272ns
  Clock Uncertainty:      0.035ns  ((TSJ^2 + TIJ^2)^1/2 + DJ) / 2 + PE
    Total System Jitter     (TSJ):    0.071ns
    Total Input Jitter      (TIJ):    0.000ns
    Discrete Jitter          (DJ):    0.000ns
    Phase Error              (PE):    0.000ns

    Location             Delay type                Incr(ns)  Path(ns)    Netlist Resource(s)
  -------------------------------------------------------------------    -------------------
                         (clock sys_clk_pin rise edge)
                                                      0.000     0.000 r  
    W5                                                0.000     0.000 r  Clk_in (IN)
                         net (fo=0)                   0.000     0.000    Clk_in
    W5                   IBUF (Prop_ibuf_I_O)         1.458     1.458 r  Clk_in_IBUF_inst/O
                         net (fo=1, routed)           1.967     3.425    Clk_in_IBUF
    BUFGCTRL_X0Y0        BUFG (Prop_bufg_I_O)         0.096     3.521 r  Clk_in_IBUF_BUFG_inst/O
                         net (fo=34, routed)          1.621     5.142    Slow_Clock_0/Clk_in_IBUF_BUFG
    SLICE_X62Y63         FDRE                                         r  Slow_Clock_0/count_reg[28]/C
  -------------------------------------------------------------------    -------------------
    SLICE_X62Y63         FDRE (Prop_fdre_C_Q)         0.456     5.598 f  Slow_Clock_0/count_reg[28]/Q
                         net (fo=2, routed)           0.812     6.410    Slow_Clock_0/count[28]
    SLICE_X63Y64         LUT4 (Prop_lut4_I1_O)        0.124     6.534 f  Slow_Clock_0/count[31]_i_8/O
                         net (fo=1, routed)           0.401     6.935    Slow_Clock_0/count[31]_i_8_n_0
    SLICE_X63Y63         LUT5 (Prop_lut5_I4_O)        0.124     7.059 f  Slow_Clock_0/count[31]_i_4/O
                         net (fo=3, routed)           0.969     8.028    Slow_Clock_0/count[31]_i_4_n_0
    SLICE_X63Y59         LUT4 (Prop_lut4_I2_O)        0.124     8.152 r  Slow_Clock_0/count[31]_i_1/O
                         net (fo=31, routed)          0.895     9.047    Slow_Clock_0/count[31]_i_1_n_0
    SLICE_X62Y57         FDRE                                         r  Slow_Clock_0/count_reg[4]/R
  -------------------------------------------------------------------    -------------------

                         (clock sys_clk_pin rise edge)
                                                     10.000    10.000 r  
    W5                                                0.000    10.000 r  Clk_in (IN)
                         net (fo=0)                   0.000    10.000    Clk_in
    W5                   IBUF (Prop_ibuf_I_O)         1.388    11.388 r  Clk_in_IBUF_inst/O
                         net (fo=1, routed)           1.862    13.250    Clk_in_IBUF
    BUFGCTRL_X0Y0        BUFG (Prop_bufg_I_O)         0.091    13.341 r  Clk_in_IBUF_BUFG_inst/O
                         net (fo=34, routed)          1.508    14.849    Slow_Clock_0/Clk_in_IBUF_BUFG
    SLICE_X62Y57         FDRE                                         r  Slow_Clock_0/count_reg[4]/C
                         clock pessimism              0.272    15.121    
                         clock uncertainty           -0.035    15.086    
    SLICE_X62Y57         FDRE (Setup_fdre_C_R)       -0.429    14.657    Slow_Clock_0/count_reg[4]
  -------------------------------------------------------------------
                         required time                         14.657    
                         arrival time                          -9.047    
  -------------------------------------------------------------------
                         slack                                  5.609    

Slack (MET) :             5.713ns  (required time - arrival time)
  Source:                 Slow_Clock_0/count_reg[4]/C
                            (rising edge-triggered cell FDRE clocked by sys_clk_pin  {rise@0.000ns fall@5.000ns period=10.000ns})
  Destination:            Slow_Clock_0/count_reg[25]/R
                            (rising edge-triggered cell FDRE clocked by sys_clk_pin  {rise@0.000ns fall@5.000ns period=10.000ns})
  Path Group:             sys_clk_pin
  Path Type:              Setup (Max at Slow Process Corner)
  Requirement:            10.000ns  (sys_clk_pin rise@10.000ns - sys_clk_pin rise@0.000ns)
  Data Path Delay:        3.794ns  (logic 1.056ns (27.836%)  route 2.738ns (72.164%))
  Logic Levels:           3  (LUT4=2 LUT5=1)
  Clock Path Skew:        -0.029ns (DCD - SCD + CPR)
    Destination Clock Delay (DCD):    4.845ns = ( 14.845 - 10.000 ) 
    Source Clock Delay      (SCD):    5.146ns
    Clock Pessimism Removal (CPR):    0.272ns
  Clock Uncertainty:      0.035ns  ((TSJ^2 + TIJ^2)^1/2 + DJ) / 2 + PE
    Total System Jitter     (TSJ):    0.071ns
    Total Input Jitter      (TIJ):    0.000ns
    Discrete Jitter          (DJ):    0.000ns
    Phase Error              (PE):    0.000ns

    Location             Delay type                Incr(ns)  Path(ns)    Netlist Resource(s)
  -------------------------------------------------------------------    -------------------
                         (clock sys_clk_pin rise edge)
                                                      0.000     0.000 r  
    W5                                                0.000     0.000 r  Clk_in (IN)
                         net (fo=0)                   0.000     0.000    Clk_in
    W5                   IBUF (Prop_ibuf_I_O)         1.458     1.458 r  Clk_in_IBUF_inst/O
                         net (fo=1, routed)           1.967     3.425    Clk_in_IBUF
    BUFGCTRL_X0Y0        BUFG (Prop_bufg_I_O)         0.096     3.521 r  Clk_in_IBUF_BUFG_inst/O
                         net (fo=34, routed)          1.625     5.146    Slow_Clock_0/Clk_in_IBUF_BUFG
    SLICE_X62Y57         FDRE                                         r  Slow_Clock_0/count_reg[4]/C
  -------------------------------------------------------------------    -------------------
    SLICE_X62Y57         FDRE (Prop_fdre_C_Q)         0.456     5.602 r  Slow_Clock_0/count_reg[4]/Q
                         net (fo=2, routed)           0.682     6.284    Slow_Clock_0/count[4]
    SLICE_X63Y57         LUT4 (Prop_lut4_I0_O)        0.124     6.408 f  Slow_Clock_0/count[31]_i_7/O
                         net (fo=1, routed)           0.433     6.841    Slow_Clock_0/count[31]_i_7_n_0
    SLICE_X63Y57         LUT5 (Prop_lut5_I4_O)        0.150     6.991 f  Slow_Clock_0/count[31]_i_3/O
                         net (fo=3, routed)           0.821     7.812    Slow_Clock_0/count[31]_i_3_n_0
    SLICE_X63Y59         LUT4 (Prop_lut4_I1_O)        0.326     8.138 r  Slow_Clock_0/count[31]_i_1/O
                         net (fo=31, routed)          0.802     8.939    Slow_Clock_0/count[31]_i_1_n_0
    SLICE_X62Y63         FDRE                                         r  Slow_Clock_0/count_reg[25]/R
  -------------------------------------------------------------------    -------------------

                         (clock sys_clk_pin rise edge)
                                                     10.000    10.000 r  
    W5                                                0.000    10.000 r  Clk_in (IN)
                         net (fo=0)                   0.000    10.000    Clk_in
    W5                   IBUF (Prop_ibuf_I_O)         1.388    11.388 r  Clk_in_IBUF_inst/O
                         net (fo=1, routed)           1.862    13.250    Clk_in_IBUF
    BUFGCTRL_X0Y0        BUFG (Prop_bufg_I_O)         0.091    13.341 r  Clk_in_IBUF_BUFG_inst/O
                         net (fo=34, routed)          1.504    14.845    Slow_Clock_0/Clk_in_IBUF_BUFG
    SLICE_X62Y63         FDRE                                         r  Slow_Clock_0/count_reg[25]/C
                         clock pessimism              0.272    15.117    
                         clock uncertainty           -0.035    15.082    
    SLICE_X62Y63         FDRE (Setup_fdre_C_R)       -0.429    14.653    Slow_Clock_0/count_reg[25]
  -------------------------------------------------------------------
                         required time                         14.653    
                         arrival time                          -8.939    
  -------------------------------------------------------------------
                         slack                                  5.713    

Slack (MET) :             5.713ns  (required time - arrival time)
  Source:                 Slow_Clock_0/count_reg[4]/C
                            (rising edge-triggered cell FDRE clocked by sys_clk_pin  {rise@0.000ns fall@5.000ns period=10.000ns})
  Destination:            Slow_Clock_0/count_reg[26]/R
                            (rising edge-triggered cell FDRE clocked by sys_clk_pin  {rise@0.000ns fall@5.000ns period=10.000ns})
  Path Group:             sys_clk_pin
  Path Type:              Setup (Max at Slow Process Corner)
  Requirement:            10.000ns  (sys_clk_pin rise@10.000ns - sys_clk_pin rise@0.000ns)
  Data Path Delay:        3.794ns  (logic 1.056ns (27.836%)  route 2.738ns (72.164%))
  Logic Levels:           3  (LUT4=2 LUT5=1)
  Clock Path Skew:        -0.029ns (DCD - SCD + CPR)
    Destination Clock Delay (DCD):    4.845ns = ( 14.845 - 10.000 ) 
    Source Clock Delay      (SCD):    5.146ns
    Clock Pessimism Removal (CPR):    0.272ns
  Clock Uncertainty:      0.035ns  ((TSJ^2 + TIJ^2)^1/2 + DJ) / 2 + PE
    Total System Jitter     (TSJ):    0.071ns
    Total Input Jitter      (TIJ):    0.000ns
    Discrete Jitter          (DJ):    0.000ns
    Phase Error              (PE):    0.000ns

    Location             Delay type                Incr(ns)  Path(ns)    Netlist Resource(s)
  -------------------------------------------------------------------    -------------------
                         (clock sys_clk_pin rise edge)
                                                      0.000     0.000 r  
    W5                                                0.000     0.000 r  Clk_in (IN)
                         net (fo=0)                   0.000     0.000    Clk_in
    W5                   IBUF (Prop_ibuf_I_O)         1.458     1.458 r  Clk_in_IBUF_inst/O
                         net (fo=1, routed)           1.967     3.425    Clk_in_IBUF
    BUFGCTRL_X0Y0        BUFG (Prop_bufg_I_O)         0.096     3.521 r  Clk_in_IBUF_BUFG_inst/O
                         net (fo=34, routed)          1.625     5.146    Slow_Clock_0/Clk_in_IBUF_BUFG
    SLICE_X62Y57         FDRE                                         r  Slow_Clock_0/count_reg[4]/C
  -------------------------------------------------------------------    -------------------
    SLICE_X62Y57         FDRE (Prop_fdre_C_Q)         0.456     5.602 r  Slow_Clock_0/count_reg[4]/Q
                         net (fo=2, routed)           0.682     6.284    Slow_Clock_0/count[4]
    SLICE_X63Y57         LUT4 (Prop_lut4_I0_O)        0.124     6.408 f  Slow_Clock_0/count[31]_i_7/O
                         net (fo=1, routed)           0.433     6.841    Slow_Clock_0/count[31]_i_7_n_0
    SLICE_X63Y57         LUT5 (Prop_lut5_I4_O)        0.150     6.991 f  Slow_Clock_0/count[31]_i_3/O
                         net (fo=3, routed)           0.821     7.812    Slow_Clock_0/count[31]_i_3_n_0
    SLICE_X63Y59         LUT4 (Prop_lut4_I1_O)        0.326     8.138 r  Slow_Clock_0/count[31]_i_1/O
                         net (fo=31, routed)          0.802     8.939    Slow_Clock_0/count[31]_i_1_n_0
    SLICE_X62Y63         FDRE                                         r  Slow_Clock_0/count_reg[26]/R
  -------------------------------------------------------------------    -------------------

                         (clock sys_clk_pin rise edge)
                                                     10.000    10.000 r  
    W5                                                0.000    10.000 r  Clk_in (IN)
                         net (fo=0)                   0.000    10.000    Clk_in
    W5                   IBUF (Prop_ibuf_I_O)         1.388    11.388 r  Clk_in_IBUF_inst/O
                         net (fo=1, routed)           1.862    13.250    Clk_in_IBUF
    BUFGCTRL_X0Y0        BUFG (Prop_bufg_I_O)         0.091    13.341 r  Clk_in_IBUF_BUFG_inst/O
                         net (fo=34, routed)          1.504    14.845    Slow_Clock_0/Clk_in_IBUF_BUFG
    SLICE_X62Y63         FDRE                                         r  Slow_Clock_0/count_reg[26]/C
                         clock pessimism              0.272    15.117    
                         clock uncertainty           -0.035    15.082    
    SLICE_X62Y63         FDRE (Setup_fdre_C_R)       -0.429    14.653    Slow_Clock_0/count_reg[26]
  -------------------------------------------------------------------
                         required time                         14.653    
                         arrival time                          -8.939    
  -------------------------------------------------------------------
                         slack                                  5.713    

Slack (MET) :             5.713ns  (required time - arrival time)
  Source:                 Slow_Clock_0/count_reg[4]/C
                            (rising edge-triggered cell FDRE clocked by sys_clk_pin  {rise@0.000ns fall@5.000ns period=10.000ns})
  Destination:            Slow_Clock_0/count_reg[27]/R
                            (rising edge-triggered cell FDRE clocked by sys_clk_pin  {rise@0.000ns fall@5.000ns period=10.000ns})
  Path Group:             sys_clk_pin
  Path Type:              Setup (Max at Slow Process Corner)
  Requirement:            10.000ns  (sys_clk_pin rise@10.000ns - sys_clk_pin rise@0.000ns)
  Data Path Delay:        3.794ns  (logic 1.056ns (27.836%)  route 2.738ns (72.164%))
  Logic Levels:           3  (LUT4=2 LUT5=1)
  Clock Path Skew:        -0.029ns (DCD - SCD + CPR)
    Destination Clock Delay (DCD):    4.845ns = ( 14.845 - 10.000 ) 
    Source Clock Delay      (SCD):    5.146ns
    Clock Pessimism Removal (CPR):    0.272ns
  Clock Uncertainty:      0.035ns  ((TSJ^2 + TIJ^2)^1/2 + DJ) / 2 + PE
    Total System Jitter     (TSJ):    0.071ns
    Total Input Jitter      (TIJ):    0.000ns
    Discrete Jitter          (DJ):    0.000ns
    Phase Error              (PE):    0.000ns

    Location             Delay type                Incr(ns)  Path(ns)    Netlist Resource(s)
  -------------------------------------------------------------------    -------------------
                         (clock sys_clk_pin rise edge)
                                                      0.000     0.000 r  
    W5                                                0.000     0.000 r  Clk_in (IN)
                         net (fo=0)                   0.000     0.000    Clk_in
    W5                   IBUF (Prop_ibuf_I_O)         1.458     1.458 r  Clk_in_IBUF_inst/O
                         net (fo=1, routed)           1.967     3.425    Clk_in_IBUF
    BUFGCTRL_X0Y0        BUFG (Prop_bufg_I_O)         0.096     3.521 r  Clk_in_IBUF_BUFG_inst/O
                         net (fo=34, routed)          1.625     5.146    Slow_Clock_0/Clk_in_IBUF_BUFG
    SLICE_X62Y57         FDRE                                         r  Slow_Clock_0/count_reg[4]/C
  -------------------------------------------------------------------    -------------------
    SLICE_X62Y57         FDRE (Prop_fdre_C_Q)         0.456     5.602 r  Slow_Clock_0/count_reg[4]/Q
                         net (fo=2, routed)           0.682     6.284    Slow_Clock_0/count[4]
    SLICE_X63Y57         LUT4 (Prop_lut4_I0_O)        0.124     6.408 f  Slow_Clock_0/count[31]_i_7/O
                         net (fo=1, routed)           0.433     6.841    Slow_Clock_0/count[31]_i_7_n_0
    SLICE_X63Y57         LUT5 (Prop_lut5_I4_O)        0.150     6.991 f  Slow_Clock_0/count[31]_i_3/O
                         net (fo=3, routed)           0.821     7.812    Slow_Clock_0/count[31]_i_3_n_0
    SLICE_X63Y59         LUT4 (Prop_lut4_I1_O)        0.326     8.138 r  Slow_Clock_0/count[31]_i_1/O
                         net (fo=31, routed)          0.802     8.939    Slow_Clock_0/count[31]_i_1_n_0
    SLICE_X62Y63         FDRE                                         r  Slow_Clock_0/count_reg[27]/R
  -------------------------------------------------------------------    -------------------

                         (clock sys_clk_pin rise edge)
                                                     10.000    10.000 r  
    W5                                                0.000    10.000 r  Clk_in (IN)
                         net (fo=0)                   0.000    10.000    Clk_in
    W5                   IBUF (Prop_ibuf_I_O)         1.388    11.388 r  Clk_in_IBUF_inst/O
                         net (fo=1, routed)           1.862    13.250    Clk_in_IBUF
    BUFGCTRL_X0Y0        BUFG (Prop_bufg_I_O)         0.091    13.341 r  Clk_in_IBUF_BUFG_inst/O
                         net (fo=34, routed)          1.504    14.845    Slow_Clock_0/Clk_in_IBUF_BUFG
    SLICE_X62Y63         FDRE                                         r  Slow_Clock_0/count_reg[27]/C
                         clock pessimism              0.272    15.117    
                         clock uncertainty           -0.035    15.082    
    SLICE_X62Y63         FDRE (Setup_fdre_C_R)       -0.429    14.653    Slow_Clock_0/count_reg[27]
  -------------------------------------------------------------------
                         required time                         14.653    
                         arrival time                          -8.939    
  -------------------------------------------------------------------
                         slack                                  5.713    





Min Delay Paths
--------------------------------------------------------------------------------------
Slack (MET) :             0.280ns  (arrival time - required time)
  Source:                 Slow_Clock_0/count_reg[15]/C
                            (rising edge-triggered cell FDRE clocked by sys_clk_pin  {rise@0.000ns fall@5.000ns period=10.000ns})
  Destination:            Slow_Clock_0/count_reg[15]/D
                            (rising edge-triggered cell FDRE clocked by sys_clk_pin  {rise@0.000ns fall@5.000ns period=10.000ns})
  Path Group:             sys_clk_pin
  Path Type:              Hold (Min at Fast Process Corner)
  Requirement:            0.000ns  (sys_clk_pin rise@0.000ns - sys_clk_pin rise@0.000ns)
  Data Path Delay:        0.385ns  (logic 0.252ns (65.529%)  route 0.133ns (34.471%))
  Logic Levels:           1  (CARRY4=1)
  Clock Path Skew:        0.000ns (DCD - SCD - CPR)
    Destination Clock Delay (DCD):    1.989ns
    Source Clock Delay      (SCD):    1.474ns
    Clock Pessimism Removal (CPR):    0.515ns

    Location             Delay type                Incr(ns)  Path(ns)    Netlist Resource(s)
  -------------------------------------------------------------------    -------------------
                         (clock sys_clk_pin rise edge)
                                                      0.000     0.000 r  
    W5                                                0.000     0.000 r  Clk_in (IN)
                         net (fo=0)                   0.000     0.000    Clk_in
    W5                   IBUF (Prop_ibuf_I_O)         0.226     0.226 r  Clk_in_IBUF_inst/O
                         net (fo=1, routed)           0.631     0.858    Clk_in_IBUF
    BUFGCTRL_X0Y0        BUFG (Prop_bufg_I_O)         0.026     0.884 r  Clk_in_IBUF_BUFG_inst/O
                         net (fo=34, routed)          0.591     1.474    Slow_Clock_0/Clk_in_IBUF_BUFG
    SLICE_X62Y60         FDRE                                         r  Slow_Clock_0/count_reg[15]/C
  -------------------------------------------------------------------    -------------------
    SLICE_X62Y60         FDRE (Prop_fdre_C_Q)         0.141     1.615 r  Slow_Clock_0/count_reg[15]/Q
                         net (fo=2, routed)           0.133     1.748    Slow_Clock_0/count[15]
    SLICE_X62Y60         CARRY4 (Prop_carry4_S[2]_O[2])
                                                      0.111     1.859 r  Slow_Clock_0/count0_carry__2/O[2]
                         net (fo=1, routed)           0.000     1.859    Slow_Clock_0/data0[15]
    SLICE_X62Y60         FDRE                                         r  Slow_Clock_0/count_reg[15]/D
  -------------------------------------------------------------------    -------------------

                         (clock sys_clk_pin rise edge)
                                                      0.000     0.000 r  
    W5                                                0.000     0.000 r  Clk_in (IN)
                         net (fo=0)                   0.000     0.000    Clk_in
    W5                   IBUF (Prop_ibuf_I_O)         0.414     0.414 r  Clk_in_IBUF_inst/O
                         net (fo=1, routed)           0.685     1.099    Clk_in_IBUF
    BUFGCTRL_X0Y0        BUFG (Prop_bufg_I_O)         0.029     1.128 r  Clk_in_IBUF_BUFG_inst/O
                         net (fo=34, routed)          0.861     1.989    Slow_Clock_0/Clk_in_IBUF_BUFG
    SLICE_X62Y60         FDRE                                         r  Slow_Clock_0/count_reg[15]/C
                         clock pessimism             -0.515     1.474    
    SLICE_X62Y60         FDRE (Hold_fdre_C_D)         0.105     1.579    Slow_Clock_0/count_reg[15]
  -------------------------------------------------------------------
                         required time                         -1.579    
                         arrival time                           1.859    
  -------------------------------------------------------------------
                         slack                                  0.280    

Slack (MET) :             0.280ns  (arrival time - required time)
  Source:                 Slow_Clock_0/count_reg[31]/C
                            (rising edge-triggered cell FDRE clocked by sys_clk_pin  {rise@0.000ns fall@5.000ns period=10.000ns})
  Destination:            Slow_Clock_0/count_reg[31]/D
                            (rising edge-triggered cell FDRE clocked by sys_clk_pin  {rise@0.000ns fall@5.000ns period=10.000ns})
  Path Group:             sys_clk_pin
  Path Type:              Hold (Min at Fast Process Corner)
  Requirement:            0.000ns  (sys_clk_pin rise@0.000ns - sys_clk_pin rise@0.000ns)
  Data Path Delay:        0.385ns  (logic 0.252ns (65.529%)  route 0.133ns (34.471%))
  Logic Levels:           1  (CARRY4=1)
  Clock Path Skew:        0.000ns (DCD - SCD - CPR)
    Destination Clock Delay (DCD):    1.986ns
    Source Clock Delay      (SCD):    1.472ns
    Clock Pessimism Removal (CPR):    0.514ns

    Location             Delay type                Incr(ns)  Path(ns)    Netlist Resource(s)
  -------------------------------------------------------------------    -------------------
                         (clock sys_clk_pin rise edge)
                                                      0.000     0.000 r  
    W5                                                0.000     0.000 r  Clk_in (IN)
                         net (fo=0)                   0.000     0.000    Clk_in
    W5                   IBUF (Prop_ibuf_I_O)         0.226     0.226 r  Clk_in_IBUF_inst/O
                         net (fo=1, routed)           0.631     0.858    Clk_in_IBUF
    BUFGCTRL_X0Y0        BUFG (Prop_bufg_I_O)         0.026     0.884 r  Clk_in_IBUF_BUFG_inst/O
                         net (fo=34, routed)          0.589     1.472    Slow_Clock_0/Clk_in_IBUF_BUFG
    SLICE_X62Y64         FDRE                                         r  Slow_Clock_0/count_reg[31]/C
  -------------------------------------------------------------------    -------------------
    SLICE_X62Y64         FDRE (Prop_fdre_C_Q)         0.141     1.613 r  Slow_Clock_0/count_reg[31]/Q
                         net (fo=2, routed)           0.133     1.746    Slow_Clock_0/count[31]
    SLICE_X62Y64         CARRY4 (Prop_carry4_S[2]_O[2])
                                                      0.111     1.857 r  Slow_Clock_0/count0_carry__6/O[2]
                         net (fo=1, routed)           0.000     1.857    Slow_Clock_0/data0[31]
    SLICE_X62Y64         FDRE                                         r  Slow_Clock_0/count_reg[31]/D
  -------------------------------------------------------------------    -------------------

                         (clock sys_clk_pin rise edge)
                                                      0.000     0.000 r  
    W5                                                0.000     0.000 r  Clk_in (IN)
                         net (fo=0)                   0.000     0.000    Clk_in
    W5                   IBUF (Prop_ibuf_I_O)         0.414     0.414 r  Clk_in_IBUF_inst/O
                         net (fo=1, routed)           0.685     1.099    Clk_in_IBUF
    BUFGCTRL_X0Y0        BUFG (Prop_bufg_I_O)         0.029     1.128 r  Clk_in_IBUF_BUFG_inst/O
                         net (fo=34, routed)          0.858     1.986    Slow_Clock_0/Clk_in_IBUF_BUFG
    SLICE_X62Y64         FDRE                                         r  Slow_Clock_0/count_reg[31]/C
                         clock pessimism             -0.514     1.472    
    SLICE_X62Y64         FDRE (Hold_fdre_C_D)         0.105     1.577    Slow_Clock_0/count_reg[31]
  -------------------------------------------------------------------
                         required time                         -1.577    
                         arrival time                           1.857    
  -------------------------------------------------------------------
                         slack                                  0.280    

Slack (MET) :             0.280ns  (arrival time - required time)
  Source:                 Slow_Clock_0/count_reg[11]/C
                            (rising edge-triggered cell FDRE clocked by sys_clk_pin  {rise@0.000ns fall@5.000ns period=10.000ns})
  Destination:            Slow_Clock_0/count_reg[11]/D
                            (rising edge-triggered cell FDRE clocked by sys_clk_pin  {rise@0.000ns fall@5.000ns period=10.000ns})
  Path Group:             sys_clk_pin
  Path Type:              Hold (Min at Fast Process Corner)
  Requirement:            0.000ns  (sys_clk_pin rise@0.000ns - sys_clk_pin rise@0.000ns)
  Data Path Delay:        0.385ns  (logic 0.252ns (65.529%)  route 0.133ns (34.471%))
  Logic Levels:           1  (CARRY4=1)
  Clock Path Skew:        0.000ns (DCD - SCD - CPR)
    Destination Clock Delay (DCD):    1.990ns
    Source Clock Delay      (SCD):    1.475ns
    Clock Pessimism Removal (CPR):    0.515ns

    Location             Delay type                Incr(ns)  Path(ns)    Netlist Resource(s)
  -------------------------------------------------------------------    -------------------
                         (clock sys_clk_pin rise edge)
                                                      0.000     0.000 r  
    W5                                                0.000     0.000 r  Clk_in (IN)
                         net (fo=0)                   0.000     0.000    Clk_in
    W5                   IBUF (Prop_ibuf_I_O)         0.226     0.226 r  Clk_in_IBUF_inst/O
                         net (fo=1, routed)           0.631     0.858    Clk_in_IBUF
    BUFGCTRL_X0Y0        BUFG (Prop_bufg_I_O)         0.026     0.884 r  Clk_in_IBUF_BUFG_inst/O
                         net (fo=34, routed)          0.592     1.475    Slow_Clock_0/Clk_in_IBUF_BUFG
    SLICE_X62Y59         FDRE                                         r  Slow_Clock_0/count_reg[11]/C
  -------------------------------------------------------------------    -------------------
    SLICE_X62Y59         FDRE (Prop_fdre_C_Q)         0.141     1.616 r  Slow_Clock_0/count_reg[11]/Q
                         net (fo=2, routed)           0.133     1.749    Slow_Clock_0/count[11]
    SLICE_X62Y59         CARRY4 (Prop_carry4_S[2]_O[2])
                                                      0.111     1.860 r  Slow_Clock_0/count0_carry__1/O[2]
                         net (fo=1, routed)           0.000     1.860    Slow_Clock_0/data0[11]
    SLICE_X62Y59         FDRE                                         r  Slow_Clock_0/count_reg[11]/D
  -------------------------------------------------------------------    -------------------

                         (clock sys_clk_pin rise edge)
                                                      0.000     0.000 r  
    W5                                                0.000     0.000 r  Clk_in (IN)
                         net (fo=0)                   0.000     0.000    Clk_in
    W5                   IBUF (Prop_ibuf_I_O)         0.414     0.414 r  Clk_in_IBUF_inst/O
                         net (fo=1, routed)           0.685     1.099    Clk_in_IBUF
    BUFGCTRL_X0Y0        BUFG (Prop_bufg_I_O)         0.029     1.128 r  Clk_in_IBUF_BUFG_inst/O
                         net (fo=34, routed)          0.862     1.990    Slow_Clock_0/Clk_in_IBUF_BUFG
    SLICE_X62Y59         FDRE                                         r  Slow_Clock_0/count_reg[11]/C
                         clock pessimism             -0.515     1.475    
    SLICE_X62Y59         FDRE (Hold_fdre_C_D)         0.105     1.580    Slow_Clock_0/count_reg[11]
  -------------------------------------------------------------------
                         required time                         -1.580    
                         arrival time                           1.860    
  -------------------------------------------------------------------
                         slack                                  0.280    

Slack (MET) :             0.280ns  (arrival time - required time)
  Source:                 Slow_Clock_0/count_reg[19]/C
                            (rising edge-triggered cell FDRE clocked by sys_clk_pin  {rise@0.000ns fall@5.000ns period=10.000ns})
  Destination:            Slow_Clock_0/count_reg[19]/D
                            (rising edge-triggered cell FDRE clocked by sys_clk_pin  {rise@0.000ns fall@5.000ns period=10.000ns})
  Path Group:             sys_clk_pin
  Path Type:              Hold (Min at Fast Process Corner)
  Requirement:            0.000ns  (sys_clk_pin rise@0.000ns - sys_clk_pin rise@0.000ns)
  Data Path Delay:        0.385ns  (logic 0.252ns (65.465%)  route 0.133ns (34.535%))
  Logic Levels:           1  (CARRY4=1)
  Clock Path Skew:        0.000ns (DCD - SCD - CPR)
    Destination Clock Delay (DCD):    1.989ns
    Source Clock Delay      (SCD):    1.474ns
    Clock Pessimism Removal (CPR):    0.515ns

    Location             Delay type                Incr(ns)  Path(ns)    Netlist Resource(s)
  -------------------------------------------------------------------    -------------------
                         (clock sys_clk_pin rise edge)
                                                      0.000     0.000 r  
    W5                                                0.000     0.000 r  Clk_in (IN)
                         net (fo=0)                   0.000     0.000    Clk_in
    W5                   IBUF (Prop_ibuf_I_O)         0.226     0.226 r  Clk_in_IBUF_inst/O
                         net (fo=1, routed)           0.631     0.858    Clk_in_IBUF
    BUFGCTRL_X0Y0        BUFG (Prop_bufg_I_O)         0.026     0.884 r  Clk_in_IBUF_BUFG_inst/O
                         net (fo=34, routed)          0.591     1.474    Slow_Clock_0/Clk_in_IBUF_BUFG
    SLICE_X62Y61         FDRE                                         r  Slow_Clock_0/count_reg[19]/C
  -------------------------------------------------------------------    -------------------
    SLICE_X62Y61         FDRE (Prop_fdre_C_Q)         0.141     1.615 r  Slow_Clock_0/count_reg[19]/Q
                         net (fo=2, routed)           0.133     1.748    Slow_Clock_0/count[19]
    SLICE_X62Y61         CARRY4 (Prop_carry4_S[2]_O[2])
                                                      0.111     1.859 r  Slow_Clock_0/count0_carry__3/O[2]
                         net (fo=1, routed)           0.000     1.859    Slow_Clock_0/data0[19]
    SLICE_X62Y61         FDRE                                         r  Slow_Clock_0/count_reg[19]/D
  -------------------------------------------------------------------    -------------------

                         (clock sys_clk_pin rise edge)
                                                      0.000     0.000 r  
    W5                                                0.000     0.000 r  Clk_in (IN)
                         net (fo=0)                   0.000     0.000    Clk_in
    W5                   IBUF (Prop_ibuf_I_O)         0.414     0.414 r  Clk_in_IBUF_inst/O
                         net (fo=1, routed)           0.685     1.099    Clk_in_IBUF
    BUFGCTRL_X0Y0        BUFG (Prop_bufg_I_O)         0.029     1.128 r  Clk_in_IBUF_BUFG_inst/O
                         net (fo=34, routed)          0.861     1.989    Slow_Clock_0/Clk_in_IBUF_BUFG
    SLICE_X62Y61         FDRE                                         r  Slow_Clock_0/count_reg[19]/C
                         clock pessimism             -0.515     1.474    
    SLICE_X62Y61         FDRE (Hold_fdre_C_D)         0.105     1.579    Slow_Clock_0/count_reg[19]
  -------------------------------------------------------------------
                         required time                         -1.579    
                         arrival time                           1.859    
  -------------------------------------------------------------------
                         slack                                  0.280    

Slack (MET) :             0.280ns  (arrival time - required time)
  Source:                 Slow_Clock_0/count_reg[27]/C
                            (rising edge-triggered cell FDRE clocked by sys_clk_pin  {rise@0.000ns fall@5.000ns period=10.000ns})
  Destination:            Slow_Clock_0/count_reg[27]/D
                            (rising edge-triggered cell FDRE clocked by sys_clk_pin  {rise@0.000ns fall@5.000ns period=10.000ns})
  Path Group:             sys_clk_pin
  Path Type:              Hold (Min at Fast Process Corner)
  Requirement:            0.000ns  (sys_clk_pin rise@0.000ns - sys_clk_pin rise@0.000ns)
  Data Path Delay:        0.385ns  (logic 0.252ns (65.465%)  route 0.133ns (34.535%))
  Logic Levels:           1  (CARRY4=1)
  Clock Path Skew:        0.000ns (DCD - SCD - CPR)
    Destination Clock Delay (DCD):    1.986ns
    Source Clock Delay      (SCD):    1.472ns
    Clock Pessimism Removal (CPR):    0.514ns

    Location             Delay type                Incr(ns)  Path(ns)    Netlist Resource(s)
  -------------------------------------------------------------------    -------------------
                         (clock sys_clk_pin rise edge)
                                                      0.000     0.000 r  
    W5                                                0.000     0.000 r  Clk_in (IN)
                         net (fo=0)                   0.000     0.000    Clk_in
    W5                   IBUF (Prop_ibuf_I_O)         0.226     0.226 r  Clk_in_IBUF_inst/O
                         net (fo=1, routed)           0.631     0.858    Clk_in_IBUF
    BUFGCTRL_X0Y0        BUFG (Prop_bufg_I_O)         0.026     0.884 r  Clk_in_IBUF_BUFG_inst/O
                         net (fo=34, routed)          0.589     1.472    Slow_Clock_0/Clk_in_IBUF_BUFG
    SLICE_X62Y63         FDRE                                         r  Slow_Clock_0/count_reg[27]/C
  -------------------------------------------------------------------    -------------------
    SLICE_X62Y63         FDRE (Prop_fdre_C_Q)         0.141     1.613 r  Slow_Clock_0/count_reg[27]/Q
                         net (fo=2, routed)           0.133     1.746    Slow_Clock_0/count[27]
    SLICE_X62Y63         CARRY4 (Prop_carry4_S[2]_O[2])
                                                      0.111     1.857 r  Slow_Clock_0/count0_carry__5/O[2]
                         net (fo=1, routed)           0.000     1.857    Slow_Clock_0/data0[27]
    SLICE_X62Y63         FDRE                                         r  Slow_Clock_0/count_reg[27]/D
  -------------------------------------------------------------------    -------------------

                         (clock sys_clk_pin rise edge)
                                                      0.000     0.000 r  
    W5                                                0.000     0.000 r  Clk_in (IN)
                         net (fo=0)                   0.000     0.000    Clk_in
    W5                   IBUF (Prop_ibuf_I_O)         0.414     0.414 r  Clk_in_IBUF_inst/O
                         net (fo=1, routed)           0.685     1.099    Clk_in_IBUF
    BUFGCTRL_X0Y0        BUFG (Prop_bufg_I_O)         0.029     1.128 r  Clk_in_IBUF_BUFG_inst/O
                         net (fo=34, routed)          0.858     1.986    Slow_Clock_0/Clk_in_IBUF_BUFG
    SLICE_X62Y63         FDRE                                         r  Slow_Clock_0/count_reg[27]/C
                         clock pessimism             -0.514     1.472    
    SLICE_X62Y63         FDRE (Hold_fdre_C_D)         0.105     1.577    Slow_Clock_0/count_reg[27]
  -------------------------------------------------------------------
                         required time                         -1.577    
                         arrival time                           1.857    
  -------------------------------------------------------------------
                         slack                                  0.280    

Slack (MET) :             0.280ns  (arrival time - required time)
  Source:                 Slow_Clock_0/count_reg[3]/C
                            (rising edge-triggered cell FDRE clocked by sys_clk_pin  {rise@0.000ns fall@5.000ns period=10.000ns})
  Destination:            Slow_Clock_0/count_reg[3]/D
                            (rising edge-triggered cell FDRE clocked by sys_clk_pin  {rise@0.000ns fall@5.000ns period=10.000ns})
  Path Group:             sys_clk_pin
  Path Type:              Hold (Min at Fast Process Corner)
  Requirement:            0.000ns  (sys_clk_pin rise@0.000ns - sys_clk_pin rise@0.000ns)
  Data Path Delay:        0.385ns  (logic 0.252ns (65.465%)  route 0.133ns (34.535%))
  Logic Levels:           1  (CARRY4=1)
  Clock Path Skew:        0.000ns (DCD - SCD - CPR)
    Destination Clock Delay (DCD):    1.990ns
    Source Clock Delay      (SCD):    1.475ns
    Clock Pessimism Removal (CPR):    0.515ns

    Location             Delay type                Incr(ns)  Path(ns)    Netlist Resource(s)
  -------------------------------------------------------------------    -------------------
                         (clock sys_clk_pin rise edge)
                                                      0.000     0.000 r  
    W5                                                0.000     0.000 r  Clk_in (IN)
                         net (fo=0)                   0.000     0.000    Clk_in
    W5                   IBUF (Prop_ibuf_I_O)         0.226     0.226 r  Clk_in_IBUF_inst/O
                         net (fo=1, routed)           0.631     0.858    Clk_in_IBUF
    BUFGCTRL_X0Y0        BUFG (Prop_bufg_I_O)         0.026     0.884 r  Clk_in_IBUF_BUFG_inst/O
                         net (fo=34, routed)          0.592     1.475    Slow_Clock_0/Clk_in_IBUF_BUFG
    SLICE_X62Y57         FDRE                                         r  Slow_Clock_0/count_reg[3]/C
  -------------------------------------------------------------------    -------------------
    SLICE_X62Y57         FDRE (Prop_fdre_C_Q)         0.141     1.616 r  Slow_Clock_0/count_reg[3]/Q
                         net (fo=2, routed)           0.133     1.749    Slow_Clock_0/count[3]
    SLICE_X62Y57         CARRY4 (Prop_carry4_S[2]_O[2])
                                                      0.111     1.860 r  Slow_Clock_0/count0_carry/O[2]
                         net (fo=1, routed)           0.000     1.860    Slow_Clock_0/data0[3]
    SLICE_X62Y57         FDRE                                         r  Slow_Clock_0/count_reg[3]/D
  -------------------------------------------------------------------    -------------------

                         (clock sys_clk_pin rise edge)
                                                      0.000     0.000 r  
    W5                                                0.000     0.000 r  Clk_in (IN)
                         net (fo=0)                   0.000     0.000    Clk_in
    W5                   IBUF (Prop_ibuf_I_O)         0.414     0.414 r  Clk_in_IBUF_inst/O
                         net (fo=1, routed)           0.685     1.099    Clk_in_IBUF
    BUFGCTRL_X0Y0        BUFG (Prop_bufg_I_O)         0.029     1.128 r  Clk_in_IBUF_BUFG_inst/O
                         net (fo=34, routed)          0.862     1.990    Slow_Clock_0/Clk_in_IBUF_BUFG
    SLICE_X62Y57         FDRE                                         r  Slow_Clock_0/count_reg[3]/C
                         clock pessimism             -0.515     1.475    
    SLICE_X62Y57         FDRE (Hold_fdre_C_D)         0.105     1.580    Slow_Clock_0/count_reg[3]
  -------------------------------------------------------------------
                         required time                         -1.580    
                         arrival time                           1.860    
  -------------------------------------------------------------------
                         slack                                  0.280    

Slack (MET) :             0.281ns  (arrival time - required time)
  Source:                 Slow_Clock_0/count_reg[7]/C
                            (rising edge-triggered cell FDRE clocked by sys_clk_pin  {rise@0.000ns fall@5.000ns period=10.000ns})
  Destination:            Slow_Clock_0/count_reg[7]/D
                            (rising edge-triggered cell FDRE clocked by sys_clk_pin  {rise@0.000ns fall@5.000ns period=10.000ns})
  Path Group:             sys_clk_pin
  Path Type:              Hold (Min at Fast Process Corner)
  Requirement:            0.000ns  (sys_clk_pin rise@0.000ns - sys_clk_pin rise@0.000ns)
  Data Path Delay:        0.386ns  (logic 0.252ns (65.354%)  route 0.134ns (34.646%))
  Logic Levels:           1  (CARRY4=1)
  Clock Path Skew:        0.000ns (DCD - SCD - CPR)
    Destination Clock Delay (DCD):    1.990ns
    Source Clock Delay      (SCD):    1.475ns
    Clock Pessimism Removal (CPR):    0.515ns

    Location             Delay type                Incr(ns)  Path(ns)    Netlist Resource(s)
  -------------------------------------------------------------------    -------------------
                         (clock sys_clk_pin rise edge)
                                                      0.000     0.000 r  
    W5                                                0.000     0.000 r  Clk_in (IN)
                         net (fo=0)                   0.000     0.000    Clk_in
    W5                   IBUF (Prop_ibuf_I_O)         0.226     0.226 r  Clk_in_IBUF_inst/O
                         net (fo=1, routed)           0.631     0.858    Clk_in_IBUF
    BUFGCTRL_X0Y0        BUFG (Prop_bufg_I_O)         0.026     0.884 r  Clk_in_IBUF_BUFG_inst/O
                         net (fo=34, routed)          0.592     1.475    Slow_Clock_0/Clk_in_IBUF_BUFG
    SLICE_X62Y58         FDRE                                         r  Slow_Clock_0/count_reg[7]/C
  -------------------------------------------------------------------    -------------------
    SLICE_X62Y58         FDRE (Prop_fdre_C_Q)         0.141     1.616 r  Slow_Clock_0/count_reg[7]/Q
                         net (fo=2, routed)           0.134     1.750    Slow_Clock_0/count[7]
    SLICE_X62Y58         CARRY4 (Prop_carry4_S[2]_O[2])
                                                      0.111     1.861 r  Slow_Clock_0/count0_carry__0/O[2]
                         net (fo=1, routed)           0.000     1.861    Slow_Clock_0/data0[7]
    SLICE_X62Y58         FDRE                                         r  Slow_Clock_0/count_reg[7]/D
  -------------------------------------------------------------------    -------------------

                         (clock sys_clk_pin rise edge)
                                                      0.000     0.000 r  
    W5                                                0.000     0.000 r  Clk_in (IN)
                         net (fo=0)                   0.000     0.000    Clk_in
    W5                   IBUF (Prop_ibuf_I_O)         0.414     0.414 r  Clk_in_IBUF_inst/O
                         net (fo=1, routed)           0.685     1.099    Clk_in_IBUF
    BUFGCTRL_X0Y0        BUFG (Prop_bufg_I_O)         0.029     1.128 r  Clk_in_IBUF_BUFG_inst/O
                         net (fo=34, routed)          0.862     1.990    Slow_Clock_0/Clk_in_IBUF_BUFG
    SLICE_X62Y58         FDRE                                         r  Slow_Clock_0/count_reg[7]/C
                         clock pessimism             -0.515     1.475    
    SLICE_X62Y58         FDRE (Hold_fdre_C_D)         0.105     1.580    Slow_Clock_0/count_reg[7]
  -------------------------------------------------------------------
                         required time                         -1.580    
                         arrival time                           1.861    
  -------------------------------------------------------------------
                         slack                                  0.281    

Slack (MET) :             0.304ns  (arrival time - required time)
  Source:                 Slow_Clock_0/count_reg[0]/C
                            (rising edge-triggered cell FDRE clocked by sys_clk_pin  {rise@0.000ns fall@5.000ns period=10.000ns})
  Destination:            Slow_Clock_0/count_reg[1]/D
                            (rising edge-triggered cell FDRE clocked by sys_clk_pin  {rise@0.000ns fall@5.000ns period=10.000ns})
  Path Group:             sys_clk_pin
  Path Type:              Hold (Min at Fast Process Corner)
  Requirement:            0.000ns  (sys_clk_pin rise@0.000ns - sys_clk_pin rise@0.000ns)
  Data Path Delay:        0.422ns  (logic 0.288ns (68.221%)  route 0.134ns (31.779%))
  Logic Levels:           1  (CARRY4=1)
  Clock Path Skew:        0.013ns (DCD - SCD - CPR)
    Destination Clock Delay (DCD):    1.990ns
    Source Clock Delay      (SCD):    1.475ns
    Clock Pessimism Removal (CPR):    0.502ns

    Location             Delay type                Incr(ns)  Path(ns)    Netlist Resource(s)
  -------------------------------------------------------------------    -------------------
                         (clock sys_clk_pin rise edge)
                                                      0.000     0.000 r  
    W5                                                0.000     0.000 r  Clk_in (IN)
                         net (fo=0)                   0.000     0.000    Clk_in
    W5                   IBUF (Prop_ibuf_I_O)         0.226     0.226 r  Clk_in_IBUF_inst/O
                         net (fo=1, routed)           0.631     0.858    Clk_in_IBUF
    BUFGCTRL_X0Y0        BUFG (Prop_bufg_I_O)         0.026     0.884 r  Clk_in_IBUF_BUFG_inst/O
                         net (fo=34, routed)          0.592     1.475    Slow_Clock_0/Clk_in_IBUF_BUFG
    SLICE_X63Y57         FDRE                                         r  Slow_Clock_0/count_reg[0]/C
  -------------------------------------------------------------------    -------------------
    SLICE_X63Y57         FDRE (Prop_fdre_C_Q)         0.141     1.616 r  Slow_Clock_0/count_reg[0]/Q
                         net (fo=3, routed)           0.134     1.750    Slow_Clock_0/count[0]
    SLICE_X62Y57         CARRY4 (Prop_carry4_CYINIT_O[0])
                                                      0.147     1.897 r  Slow_Clock_0/count0_carry/O[0]
                         net (fo=1, routed)           0.000     1.897    Slow_Clock_0/data0[1]
    SLICE_X62Y57         FDRE                                         r  Slow_Clock_0/count_reg[1]/D
  -------------------------------------------------------------------    -------------------

                         (clock sys_clk_pin rise edge)
                                                      0.000     0.000 r  
    W5                                                0.000     0.000 r  Clk_in (IN)
                         net (fo=0)                   0.000     0.000    Clk_in
    W5                   IBUF (Prop_ibuf_I_O)         0.414     0.414 r  Clk_in_IBUF_inst/O
                         net (fo=1, routed)           0.685     1.099    Clk_in_IBUF
    BUFGCTRL_X0Y0        BUFG (Prop_bufg_I_O)         0.029     1.128 r  Clk_in_IBUF_BUFG_inst/O
                         net (fo=34, routed)          0.862     1.990    Slow_Clock_0/Clk_in_IBUF_BUFG
    SLICE_X62Y57         FDRE                                         r  Slow_Clock_0/count_reg[1]/C
                         clock pessimism             -0.502     1.488    
    SLICE_X62Y57         FDRE (Hold_fdre_C_D)         0.105     1.593    Slow_Clock_0/count_reg[1]
  -------------------------------------------------------------------
                         required time                         -1.593    
                         arrival time                           1.897    
  -------------------------------------------------------------------
                         slack                                  0.304    

Slack (MET) :             0.313ns  (arrival time - required time)
  Source:                 Slow_Clock_0/count_reg[11]/C
                            (rising edge-triggered cell FDRE clocked by sys_clk_pin  {rise@0.000ns fall@5.000ns period=10.000ns})
  Destination:            Slow_Clock_0/count_reg[12]/D
                            (rising edge-triggered cell FDRE clocked by sys_clk_pin  {rise@0.000ns fall@5.000ns period=10.000ns})
  Path Group:             sys_clk_pin
  Path Type:              Hold (Min at Fast Process Corner)
  Requirement:            0.000ns  (sys_clk_pin rise@0.000ns - sys_clk_pin rise@0.000ns)
  Data Path Delay:        0.418ns  (logic 0.285ns (68.254%)  route 0.133ns (31.747%))
  Logic Levels:           1  (CARRY4=1)
  Clock Path Skew:        0.000ns (DCD - SCD - CPR)
    Destination Clock Delay (DCD):    1.990ns
    Source Clock Delay      (SCD):    1.475ns
    Clock Pessimism Removal (CPR):    0.515ns

    Location             Delay type                Incr(ns)  Path(ns)    Netlist Resource(s)
  -------------------------------------------------------------------    -------------------
                         (clock sys_clk_pin rise edge)
                                                      0.000     0.000 r  
    W5                                                0.000     0.000 r  Clk_in (IN)
                         net (fo=0)                   0.000     0.000    Clk_in
    W5                   IBUF (Prop_ibuf_I_O)         0.226     0.226 r  Clk_in_IBUF_inst/O
                         net (fo=1, routed)           0.631     0.858    Clk_in_IBUF
    BUFGCTRL_X0Y0        BUFG (Prop_bufg_I_O)         0.026     0.884 r  Clk_in_IBUF_BUFG_inst/O
                         net (fo=34, routed)          0.592     1.475    Slow_Clock_0/Clk_in_IBUF_BUFG
    SLICE_X62Y59         FDRE                                         r  Slow_Clock_0/count_reg[11]/C
  -------------------------------------------------------------------    -------------------
    SLICE_X62Y59         FDRE (Prop_fdre_C_Q)         0.141     1.616 r  Slow_Clock_0/count_reg[11]/Q
                         net (fo=2, routed)           0.133     1.749    Slow_Clock_0/count[11]
    SLICE_X62Y59         CARRY4 (Prop_carry4_S[2]_O[3])
                                                      0.144     1.893 r  Slow_Clock_0/count0_carry__1/O[3]
                         net (fo=1, routed)           0.000     1.893    Slow_Clock_0/data0[12]
    SLICE_X62Y59         FDRE                                         r  Slow_Clock_0/count_reg[12]/D
  -------------------------------------------------------------------    -------------------

                         (clock sys_clk_pin rise edge)
                                                      0.000     0.000 r  
    W5                                                0.000     0.000 r  Clk_in (IN)
                         net (fo=0)                   0.000     0.000    Clk_in
    W5                   IBUF (Prop_ibuf_I_O)         0.414     0.414 r  Clk_in_IBUF_inst/O
                         net (fo=1, routed)           0.685     1.099    Clk_in_IBUF
    BUFGCTRL_X0Y0        BUFG (Prop_bufg_I_O)         0.029     1.128 r  Clk_in_IBUF_BUFG_inst/O
                         net (fo=34, routed)          0.862     1.990    Slow_Clock_0/Clk_in_IBUF_BUFG
    SLICE_X62Y59         FDRE                                         r  Slow_Clock_0/count_reg[12]/C
                         clock pessimism             -0.515     1.475    
    SLICE_X62Y59         FDRE (Hold_fdre_C_D)         0.105     1.580    Slow_Clock_0/count_reg[12]
  -------------------------------------------------------------------
                         required time                         -1.580    
                         arrival time                           1.893    
  -------------------------------------------------------------------
                         slack                                  0.313    

Slack (MET) :             0.313ns  (arrival time - required time)
  Source:                 Slow_Clock_0/count_reg[15]/C
                            (rising edge-triggered cell FDRE clocked by sys_clk_pin  {rise@0.000ns fall@5.000ns period=10.000ns})
  Destination:            Slow_Clock_0/count_reg[16]/D
                            (rising edge-triggered cell FDRE clocked by sys_clk_pin  {rise@0.000ns fall@5.000ns period=10.000ns})
  Path Group:             sys_clk_pin
  Path Type:              Hold (Min at Fast Process Corner)
  Requirement:            0.000ns  (sys_clk_pin rise@0.000ns - sys_clk_pin rise@0.000ns)
  Data Path Delay:        0.418ns  (logic 0.285ns (68.253%)  route 0.133ns (31.747%))
  Logic Levels:           1  (CARRY4=1)
  Clock Path Skew:        0.000ns (DCD - SCD - CPR)
    Destination Clock Delay (DCD):    1.989ns
    Source Clock Delay      (SCD):    1.474ns
    Clock Pessimism Removal (CPR):    0.515ns

    Location             Delay type                Incr(ns)  Path(ns)    Netlist Resource(s)
  -------------------------------------------------------------------    -------------------
                         (clock sys_clk_pin rise edge)
                                                      0.000     0.000 r  
    W5                                                0.000     0.000 r  Clk_in (IN)
                         net (fo=0)                   0.000     0.000    Clk_in
    W5                   IBUF (Prop_ibuf_I_O)         0.226     0.226 r  Clk_in_IBUF_inst/O
                         net (fo=1, routed)           0.631     0.858    Clk_in_IBUF
    BUFGCTRL_X0Y0        BUFG (Prop_bufg_I_O)         0.026     0.884 r  Clk_in_IBUF_BUFG_inst/O
                         net (fo=34, routed)          0.591     1.474    Slow_Clock_0/Clk_in_IBUF_BUFG
    SLICE_X62Y60         FDRE                                         r  Slow_Clock_0/count_reg[15]/C
  -------------------------------------------------------------------    -------------------
    SLICE_X62Y60         FDRE (Prop_fdre_C_Q)         0.141     1.615 r  Slow_Clock_0/count_reg[15]/Q
                         net (fo=2, routed)           0.133     1.748    Slow_Clock_0/count[15]
    SLICE_X62Y60         CARRY4 (Prop_carry4_S[2]_O[3])
                                                      0.144     1.892 r  Slow_Clock_0/count0_carry__2/O[3]
                         net (fo=1, routed)           0.000     1.892    Slow_Clock_0/data0[16]
    SLICE_X62Y60         FDRE                                         r  Slow_Clock_0/count_reg[16]/D
  -------------------------------------------------------------------    -------------------

                         (clock sys_clk_pin rise edge)
                                                      0.000     0.000 r  
    W5                                                0.000     0.000 r  Clk_in (IN)
                         net (fo=0)                   0.000     0.000    Clk_in
    W5                   IBUF (Prop_ibuf_I_O)         0.414     0.414 r  Clk_in_IBUF_inst/O
                         net (fo=1, routed)           0.685     1.099    Clk_in_IBUF
    BUFGCTRL_X0Y0        BUFG (Prop_bufg_I_O)         0.029     1.128 r  Clk_in_IBUF_BUFG_inst/O
                         net (fo=34, routed)          0.861     1.989    Slow_Clock_0/Clk_in_IBUF_BUFG
    SLICE_X62Y60         FDRE                                         r  Slow_Clock_0/count_reg[16]/C
                         clock pessimism             -0.515     1.474    
    SLICE_X62Y60         FDRE (Hold_fdre_C_D)         0.105     1.579    Slow_Clock_0/count_reg[16]
  -------------------------------------------------------------------
                         required time                         -1.579    
                         arrival time                           1.892    
  -------------------------------------------------------------------
                         slack                                  0.313    





Pulse Width Checks
--------------------------------------------------------------------------------------
Clock Name:         sys_clk_pin
Waveform(ns):       { 0.000 5.000 }
Period(ns):         10.000
Sources:            { Clk_in }

Check Type        Corner  Lib Pin  Reference Pin  Required(ns)  Actual(ns)  Slack(ns)  Location       Pin
Min Period        n/a     BUFG/I   n/a            2.155         10.000      7.845      BUFGCTRL_X0Y0  Clk_in_IBUF_BUFG_inst/I
Min Period        n/a     FDRE/C   n/a            1.000         10.000      9.000      SLICE_X61Y59   Slow_Clock_0/Clk_out_reg/C
Min Period        n/a     FDRE/C   n/a            1.000         10.000      9.000      SLICE_X61Y59   Slow_Clock_0/clk_status_reg/C
Min Period        n/a     FDRE/C   n/a            1.000         10.000      9.000      SLICE_X63Y57   Slow_Clock_0/count_reg[0]/C
Min Period        n/a     FDRE/C   n/a            1.000         10.000      9.000      SLICE_X62Y59   Slow_Clock_0/count_reg[10]/C
Min Period        n/a     FDRE/C   n/a            1.000         10.000      9.000      SLICE_X62Y59   Slow_Clock_0/count_reg[11]/C
Min Period        n/a     FDRE/C   n/a            1.000         10.000      9.000      SLICE_X62Y59   Slow_Clock_0/count_reg[12]/C
Min Period        n/a     FDRE/C   n/a            1.000         10.000      9.000      SLICE_X62Y60   Slow_Clock_0/count_reg[13]/C
Min Period        n/a     FDRE/C   n/a            1.000         10.000      9.000      SLICE_X62Y60   Slow_Clock_0/count_reg[14]/C
Min Period        n/a     FDRE/C   n/a            1.000         10.000      9.000      SLICE_X62Y60   Slow_Clock_0/count_reg[15]/C
Low Pulse Width   Slow    FDRE/C   n/a            0.500         5.000       4.500      SLICE_X61Y59   Slow_Clock_0/Clk_out_reg/C
Low Pulse Width   Slow    FDRE/C   n/a            0.500         5.000       4.500      SLICE_X61Y59   Slow_Clock_0/clk_status_reg/C
Low Pulse Width   Slow    FDRE/C   n/a            0.500         5.000       4.500      SLICE_X62Y61   Slow_Clock_0/count_reg[17]/C
Low Pulse Width   Slow    FDRE/C   n/a            0.500         5.000       4.500      SLICE_X62Y61   Slow_Clock_0/count_reg[18]/C
Low Pulse Width   Slow    FDRE/C   n/a            0.500         5.000       4.500      SLICE_X62Y61   Slow_Clock_0/count_reg[19]/C
Low Pulse Width   Slow    FDRE/C   n/a            0.500         5.000       4.500      SLICE_X62Y61   Slow_Clock_0/count_reg[20]/C
Low Pulse Width   Slow    FDRE/C   n/a            0.500         5.000       4.500      SLICE_X62Y62   Slow_Clock_0/count_reg[21]/C
Low Pulse Width   Slow    FDRE/C   n/a            0.500         5.000       4.500      SLICE_X62Y62   Slow_Clock_0/count_reg[22]/C
Low Pulse Width   Slow    FDRE/C   n/a            0.500         5.000       4.500      SLICE_X62Y62   Slow_Clock_0/count_reg[23]/C
Low Pulse Width   Slow    FDRE/C   n/a            0.500         5.000       4.500      SLICE_X62Y62   Slow_Clock_0/count_reg[24]/C
High Pulse Width  Slow    FDRE/C   n/a            0.500         5.000       4.500      SLICE_X63Y57   Slow_Clock_0/count_reg[0]/C
High Pulse Width  Slow    FDRE/C   n/a            0.500         5.000       4.500      SLICE_X62Y57   Slow_Clock_0/count_reg[1]/C
High Pulse Width  Slow    FDRE/C   n/a            0.500         5.000       4.500      SLICE_X62Y57   Slow_Clock_0/count_reg[2]/C
High Pulse Width  Slow    FDRE/C   n/a            0.500         5.000       4.500      SLICE_X62Y57   Slow_Clock_0/count_reg[3]/C
High Pulse Width  Slow    FDRE/C   n/a            0.500         5.000       4.500      SLICE_X62Y57   Slow_Clock_0/count_reg[4]/C
High Pulse Width  Slow    FDRE/C   n/a            0.500         5.000       4.500      SLICE_X62Y58   Slow_Clock_0/count_reg[5]/C
High Pulse Width  Slow    FDRE/C   n/a            0.500         5.000       4.500      SLICE_X62Y58   Slow_Clock_0/count_reg[6]/C
High Pulse Width  Slow    FDRE/C   n/a            0.500         5.000       4.500      SLICE_X62Y58   Slow_Clock_0/count_reg[7]/C
High Pulse Width  Slow    FDRE/C   n/a            0.500         5.000       4.500      SLICE_X62Y58   Slow_Clock_0/count_reg[8]/C
High Pulse Width  Fast    FDRE/C   n/a            0.500         5.000       4.500      SLICE_X61Y59   Slow_Clock_0/Clk_out_reg/C



