#-----------------------------------------------------------
# Vivado v2018.2 (64-bit)
# SW Build 2258646 on Thu Jun 14 20:03:12 MDT 2018
# IP Build 2256618 on Thu Jun 14 22:10:49 MDT 2018
# Start of session at: Thu Jun  8 14:52:46 2023
# Process ID: 19988
# Current directory: D:/Academic/02. Computer Organization and Digital Design/Lab Work/Nano_Processor
# Command line: vivado.exe -gui_launcher_event rodinguilauncherevent8040 D:\Academic\02. Computer Organization and Digital Design\Lab Work\Nano_Processor\Nano_Processor.xpr
# Log file: D:/Academic/02. Computer Organization and Digital Design/Lab Work/Nano_Processor/vivado.log
# Journal file: D:/Academic/02. Computer Organization and Digital Design/Lab Work/Nano_Processor\vivado.jou
#-----------------------------------------------------------
start_gui
open_project {D:/Academic/02. Computer Organization and Digital Design/Lab Work/Nano_Processor/Nano_Processor.xpr}
Scanning sources...
Finished scanning sources
INFO: [IP_Flow 19-234] Refreshing IP repositories
INFO: [IP_Flow 19-1704] No user IP repositories specified
INFO: [IP_Flow 19-2313] Loaded Vivado IP repository 'D:/Vivado/Vivado/2018.2/data/ip'.
update_compile_order -fileset sources_1
open_hw
connect_hw_server
INFO: [Labtools 27-2285] Connecting to hw_server url TCP:localhost:3121
INFO: [Labtools 27-2222] Launching hw_server...
INFO: [Labtools 27-2221] Launch Output:

****** Xilinx hw_server v2018.2
  **** Build date : Jun 14 2018-20:42:52
    ** Copyright 1986-2018 Xilinx, Inc. All Rights Reserved.


disconnect_hw_server localhost:3121
connect_hw_server
INFO: [Labtools 27-2285] Connecting to hw_server url TCP:localhost:3121
disconnect_hw_server localhost:3121
connect_hw_server
INFO: [Labtools 27-2285] Connecting to hw_server url TCP:localhost:3121
refresh_hw_server {localhost:3121}
WARNING: [Labtoolstcl 44-27] No hardware targets exist on the server [localhost:3121]
Check to make sure the cable targets connected to this machine are properly connected
and powered up, then use the refresh_hw_server command to re-register the hardware targets.
disconnect_hw_server localhost:3121
connect_hw_server
INFO: [Labtools 27-2285] Connecting to hw_server url TCP:localhost:3121
disconnect_hw_server localhost:3121
connect_hw_server
INFO: [Labtools 27-2285] Connecting to hw_server url TCP:localhost:3121
ERROR: [Labtoolstcl 44-494] There is no active target available for server at localhost.
 Targets(s) ", jsn-Basys3-210183A8A8CFA" may be locked by another hw_server.
disconnect_hw_server localhost:3121
connect_hw_server
INFO: [Labtools 27-2285] Connecting to hw_server url TCP:localhost:3121
ERROR: [Labtoolstcl 44-494] There is no active target available for server at localhost.
 Targets(s) ", jsn-Basys3-210183A8A8CFA" may be locked by another hw_server.
disconnect_hw_server localhost:3121
connect_hw_server
INFO: [Labtools 27-2285] Connecting to hw_server url TCP:localhost:3121
ERROR: [Labtoolstcl 44-494] There is no active target available for server at localhost.
 Targets(s) ", jsn-Basys3-210183A8A8CFA" may be locked by another hw_server.
disconnect_hw_server localhost:3121
connect_hw_server
INFO: [Labtools 27-2285] Connecting to hw_server url TCP:localhost:3121
refresh_hw_server {localhost:3121}
WARNING: [Labtoolstcl 44-27] No hardware targets exist on the server [localhost:3121]
Check to make sure the cable targets connected to this machine are properly connected
and powered up, then use the refresh_hw_server command to re-register the hardware targets.
disconnect_hw_server localhost:3121
connect_hw_server
INFO: [Labtools 27-2285] Connecting to hw_server url TCP:localhost:3121
close_hw
