#-----------------------------------------------------------
# Vivado v2018.2 (64-bit)
# SW Build 2258646 on Thu Jun 14 20:03:12 MDT 2018
# IP Build 2256618 on Thu Jun 14 22:10:49 MDT 2018
# Start of session at: Sun May 28 18:10:07 2023
# Process ID: 10408
# Current directory: D:/Academic/02. Computer Organization and Digital Design/Lab Work/Nano_Processor
# Command line: vivado.exe -gui_launcher_event rodinguilauncherevent7680 D:\Academic\02. Computer Organization and Digital Design\Lab Work\Nano_Processor\Nano_Processor.xpr
# Log file: D:/Academic/02. Computer Organization and Digital Design/Lab Work/Nano_Processor/vivado.log
# Journal file: D:/Academic/02. Computer Organization and Digital Design/Lab Work/Nano_Processor\vivado.jou
#-----------------------------------------------------------
start_gui
open_project {D:/Academic/02. Computer Organization and Digital Design/Lab Work/Nano_Processor/Nano_Processor.xpr}
Scanning sources...
Finished scanning sources
INFO: [IP_Flow 19-234] Refreshing IP repositories
INFO: [IP_Flow 19-1704] No user IP repositories specified
INFO: [IP_Flow 19-2313] Loaded Vivado IP repository 'D:/Vivado/Vivado/2018.2/data/ip'.
open_project: Time (s): cpu = 00:00:04 ; elapsed = 00:00:06 . Memory (MB): peak = 909.156 ; gain = 153.789
update_compile_order -fileset sources_1
launch_simulation
INFO: [Vivado 12-5682] Launching behavioral simulation in 'D:/Academic/02. Computer Organization and Digital Design/Lab Work/Nano_Processor/Nano_Processor.sim/sim_1/behav/xsim'
INFO: [SIM-utils-51] Simulation object is 'sim_1'
INFO: [SIM-utils-54] Inspecting design source files for 'TB_4_RCA' in fileset 'sim_1'...
INFO: [USF-XSim-97] Finding global include files...
INFO: [USF-XSim-98] Fetching design files from 'sim_1'...
INFO: [USF-XSim-2] XSim::Compile design
INFO: [USF-XSim-61] Executing 'COMPILE and ANALYZE' step in 'D:/Academic/02. Computer Organization and Digital Design/Lab Work/Nano_Processor/Nano_Processor.sim/sim_1/behav/xsim'
"xvhdl --incr --relax -prj TB_4_RCA_vhdl.prj"
INFO: [USF-XSim-69] 'compile' step finished in '1' seconds
INFO: [USF-XSim-3] XSim::Elaborate design
INFO: [USF-XSim-61] Executing 'ELABORATE' step in 'D:/Academic/02. Computer Organization and Digital Design/Lab Work/Nano_Processor/Nano_Processor.sim/sim_1/behav/xsim'
Vivado Simulator 2018.2
Copyright 1986-1999, 2001-2018 Xilinx, Inc. All Rights Reserved.
Running: D:/Vivado/Vivado/2018.2/bin/unwrapped/win64.o/xelab.exe -wto ebe3c610a3c34cc9a0b30435ad9bf93f --incr --debug typical --relax --mt 2 -L xil_defaultlib -L secureip --snapshot TB_4_RCA_behav xil_defaultlib.TB_4_RCA -log elaborate.log 
Using 2 slave threads.
Starting static elaboration
Completed static elaboration
INFO: [XSIM 43-4323] No Change in HDL. Linking previously generated obj files to create kernel
INFO: [USF-XSim-69] 'elaborate' step finished in '1' seconds
INFO: [USF-XSim-4] XSim::Simulate design
INFO: [USF-XSim-61] Executing 'SIMULATE' step in 'D:/Academic/02. Computer Organization and Digital Design/Lab Work/Nano_Processor/Nano_Processor.sim/sim_1/behav/xsim'
INFO: [USF-XSim-98] *** Running xsim
   with args "TB_4_RCA_behav -key {Behavioral:sim_1:Functional:TB_4_RCA} -tclbatch {TB_4_RCA.tcl} -log {simulate.log}"
INFO: [USF-XSim-8] Loading simulator feature
Vivado Simulator 2018.2
Time resolution is 1 ps
source TB_4_RCA.tcl
# set curr_wave [current_wave_config]
# if { [string length $curr_wave] == 0 } {
#   if { [llength [get_objects]] > 0} {
#     add_wave /
#     set_property needs_save false [current_wave_config]
#   } else {
#      send_msg_id Add_Wave-1 WARNING "No top level signals found. Simulator will start without a wave window. If you want to open a wave window go to 'File->New Waveform Configuration' or type 'create_wave_config' in the TCL console."
#   }
# }
# run 1000ns
INFO: [USF-XSim-96] XSim completed. Design snapshot 'TB_4_RCA_behav' loaded.
INFO: [USF-XSim-97] XSim simulation ran for 1000ns
close [ open {D:/Academic/02. Computer Organization and Digital Design/Lab Work/Nano_Processor/Nano_Processor.srcs/sources_1/new/MUX_2_1.vhd} w ]
add_files {{D:/Academic/02. Computer Organization and Digital Design/Lab Work/Nano_Processor/Nano_Processor.srcs/sources_1/new/MUX_2_1.vhd}}
update_compile_order -fileset sources_1
update_compile_order -fileset sources_1
close_sim
INFO: [Simtcl 6-16] Simulation closed
launch_simulation
INFO: [Vivado 12-5682] Launching behavioral simulation in 'D:/Academic/02. Computer Organization and Digital Design/Lab Work/Nano_Processor/Nano_Processor.sim/sim_1/behav/xsim'
INFO: [SIM-utils-51] Simulation object is 'sim_1'
INFO: [SIM-utils-54] Inspecting design source files for 'TB_4_RCA' in fileset 'sim_1'...
INFO: [USF-XSim-97] Finding global include files...
INFO: [USF-XSim-98] Fetching design files from 'sim_1'...
INFO: [USF-XSim-2] XSim::Compile design
INFO: [USF-XSim-61] Executing 'COMPILE and ANALYZE' step in 'D:/Academic/02. Computer Organization and Digital Design/Lab Work/Nano_Processor/Nano_Processor.sim/sim_1/behav/xsim'
"xvhdl --incr --relax -prj TB_4_RCA_vhdl.prj"
INFO: [VRFC 10-163] Analyzing VHDL file "D:/Academic/02. Computer Organization and Digital Design/Lab Work/Nano_Processor/Nano_Processor.srcs/sources_1/new/MUX_2_1.vhd" into library xil_defaultlib
INFO: [VRFC 10-307] analyzing entity MUX_2_1
INFO: [VRFC 10-163] Analyzing VHDL file "D:/Academic/02. Computer Organization and Digital Design/Lab Work/Nano_Processor/Nano_Processor.srcs/sources_1/imports/new/RCA_4.vhd" into library xil_defaultlib
INFO: [VRFC 10-307] analyzing entity RCA_4
INFO: [USF-XSim-69] 'compile' step finished in '1' seconds
INFO: [USF-XSim-3] XSim::Elaborate design
INFO: [USF-XSim-61] Executing 'ELABORATE' step in 'D:/Academic/02. Computer Organization and Digital Design/Lab Work/Nano_Processor/Nano_Processor.sim/sim_1/behav/xsim'
Vivado Simulator 2018.2
Copyright 1986-1999, 2001-2018 Xilinx, Inc. All Rights Reserved.
Running: D:/Vivado/Vivado/2018.2/bin/unwrapped/win64.o/xelab.exe -wto ebe3c610a3c34cc9a0b30435ad9bf93f --incr --debug typical --relax --mt 2 -L xil_defaultlib -L secureip --snapshot TB_4_RCA_behav xil_defaultlib.TB_4_RCA -log elaborate.log 
Using 2 slave threads.
Starting static elaboration
Completed static elaboration
Starting simulation data flow analysis
Completed simulation data flow analysis
Time Resolution for simulation is 1ps
Compiling package std.standard
Compiling package std.textio
Compiling package ieee.std_logic_1164
Compiling architecture behavioral of entity xil_defaultlib.HA [ha_default]
Compiling architecture behavioral of entity xil_defaultlib.FA [fa_default]
Compiling architecture behavioral of entity xil_defaultlib.MUX_2_1 [mux_2_1_default]
Compiling architecture behavioral of entity xil_defaultlib.RCA_4 [rca_4_default]
Compiling architecture behavioral of entity xil_defaultlib.tb_4_rca
Built simulation snapshot TB_4_RCA_behav

****** Webtalk v2018.2 (64-bit)
  **** SW Build 2258646 on Thu Jun 14 20:03:12 MDT 2018
  **** IP Build 2256618 on Thu Jun 14 22:10:49 MDT 2018
    ** Copyright 1986-2018 Xilinx, Inc. All Rights Reserved.

source D:/Academic/02. -notrace
invalid command name "%"
    while executing
"% Total    % Received % Xferd  Average Speed   Time    Time     Time  Current"
    (file "D:/Academic/02." line 1)
INFO: [Common 17-206] Exiting Webtalk at Sun May 28 18:45:45 2023...
INFO: [USF-XSim-69] 'elaborate' step finished in '2' seconds
INFO: [USF-XSim-4] XSim::Simulate design
INFO: [USF-XSim-61] Executing 'SIMULATE' step in 'D:/Academic/02. Computer Organization and Digital Design/Lab Work/Nano_Processor/Nano_Processor.sim/sim_1/behav/xsim'
INFO: [USF-XSim-98] *** Running xsim
   with args "TB_4_RCA_behav -key {Behavioral:sim_1:Functional:TB_4_RCA} -tclbatch {TB_4_RCA.tcl} -log {simulate.log}"
INFO: [USF-XSim-8] Loading simulator feature
Vivado Simulator 2018.2
Time resolution is 1 ps
source TB_4_RCA.tcl
# set curr_wave [current_wave_config]
# if { [string length $curr_wave] == 0 } {
#   if { [llength [get_objects]] > 0} {
#     add_wave /
#     set_property needs_save false [current_wave_config]
#   } else {
#      send_msg_id Add_Wave-1 WARNING "No top level signals found. Simulator will start without a wave window. If you want to open a wave window go to 'File->New Waveform Configuration' or type 'create_wave_config' in the TCL console."
#   }
# }
# run 1000ns
INFO: [USF-XSim-96] XSim completed. Design snapshot 'TB_4_RCA_behav' loaded.
INFO: [USF-XSim-97] XSim simulation ran for 1000ns
launch_simulation: Time (s): cpu = 00:00:00 ; elapsed = 00:00:07 . Memory (MB): peak = 982.465 ; gain = 0.000
reset_run synth_1
WARNING: [Vivado 12-1017] Problems encountered:
1. Failed to delete one or more files in run directory D:/Academic/02. Computer Organization and Digital Design/Lab Work/Nano_Processor/Nano_Processor.runs/synth_1

launch_runs impl_1 -jobs 8
[Sun May 28 18:48:22 2023] Launched synth_1...
Run output will be captured here: D:/Academic/02. Computer Organization and Digital Design/Lab Work/Nano_Processor/Nano_Processor.runs/synth_1/runme.log
[Sun May 28 18:48:22 2023] Launched impl_1...
Run output will be captured here: D:/Academic/02. Computer Organization and Digital Design/Lab Work/Nano_Processor/Nano_Processor.runs/impl_1/runme.log
open_run impl_1
INFO: [Netlist 29-17] Analyzing 9 Unisim elements for replacement
INFO: [Netlist 29-28] Unisim Transformation completed in 0 CPU seconds
INFO: [Project 1-479] Netlist was created with Vivado 2018.2
INFO: [Device 21-403] Loading part xc7a35tcpg236-1
INFO: [Project 1-570] Preparing netlist for logic optimization
Reading XDEF placement.
Reading placer database...
Reading XDEF routing.
Read XDEF File: Time (s): cpu = 00:00:00 ; elapsed = 00:00:00.030 . Memory (MB): peak = 1280.789 ; gain = 0.039
Restored from archive | CPU: 0.000000 secs | Memory: 0.000000 MB |
Finished XDEF File Restore: Time (s): cpu = 00:00:00 ; elapsed = 00:00:00.030 . Memory (MB): peak = 1280.789 ; gain = 0.039
INFO: [Project 1-111] Unisim Transformation Summary:
No Unisim elements were transformed.

open_run: Time (s): cpu = 00:00:09 ; elapsed = 00:00:08 . Memory (MB): peak = 1404.402 ; gain = 416.883
WARNING: [Timing 38-313] There are no user specified timing constraints. Timing constraints are needed for proper timing analysis.
close_sim
INFO: [Simtcl 6-16] Simulation closed
launch_simulation
INFO: [Vivado 12-5682] Launching behavioral simulation in 'D:/Academic/02. Computer Organization and Digital Design/Lab Work/Nano_Processor/Nano_Processor.sim/sim_1/behav/xsim'
INFO: [SIM-utils-51] Simulation object is 'sim_1'
INFO: [SIM-utils-54] Inspecting design source files for 'TB_4_RCA' in fileset 'sim_1'...
INFO: [USF-XSim-97] Finding global include files...
INFO: [USF-XSim-98] Fetching design files from 'sim_1'...
INFO: [USF-XSim-2] XSim::Compile design
INFO: [USF-XSim-61] Executing 'COMPILE and ANALYZE' step in 'D:/Academic/02. Computer Organization and Digital Design/Lab Work/Nano_Processor/Nano_Processor.sim/sim_1/behav/xsim'
"xvhdl --incr --relax -prj TB_4_RCA_vhdl.prj"
INFO: [USF-XSim-69] 'compile' step finished in '1' seconds
INFO: [USF-XSim-3] XSim::Elaborate design
INFO: [USF-XSim-61] Executing 'ELABORATE' step in 'D:/Academic/02. Computer Organization and Digital Design/Lab Work/Nano_Processor/Nano_Processor.sim/sim_1/behav/xsim'
Vivado Simulator 2018.2
Copyright 1986-1999, 2001-2018 Xilinx, Inc. All Rights Reserved.
Running: D:/Vivado/Vivado/2018.2/bin/unwrapped/win64.o/xelab.exe -wto ebe3c610a3c34cc9a0b30435ad9bf93f --incr --debug typical --relax --mt 2 -L xil_defaultlib -L secureip --snapshot TB_4_RCA_behav xil_defaultlib.TB_4_RCA -log elaborate.log 
Using 2 slave threads.
Starting static elaboration
Completed static elaboration
INFO: [XSIM 43-4323] No Change in HDL. Linking previously generated obj files to create kernel
INFO: [USF-XSim-69] 'elaborate' step finished in '1' seconds
INFO: [USF-XSim-4] XSim::Simulate design
INFO: [USF-XSim-61] Executing 'SIMULATE' step in 'D:/Academic/02. Computer Organization and Digital Design/Lab Work/Nano_Processor/Nano_Processor.sim/sim_1/behav/xsim'
INFO: [USF-XSim-98] *** Running xsim
   with args "TB_4_RCA_behav -key {Behavioral:sim_1:Functional:TB_4_RCA} -tclbatch {TB_4_RCA.tcl} -log {simulate.log}"
INFO: [USF-XSim-8] Loading simulator feature
Vivado Simulator 2018.2
Time resolution is 1 ps
source TB_4_RCA.tcl
# set curr_wave [current_wave_config]
# if { [string length $curr_wave] == 0 } {
#   if { [llength [get_objects]] > 0} {
#     add_wave /
#     set_property needs_save false [current_wave_config]
#   } else {
#      send_msg_id Add_Wave-1 WARNING "No top level signals found. Simulator will start without a wave window. If you want to open a wave window go to 'File->New Waveform Configuration' or type 'create_wave_config' in the TCL console."
#   }
# }
# run 1000ns
INFO: [USF-XSim-96] XSim completed. Design snapshot 'TB_4_RCA_behav' loaded.
INFO: [USF-XSim-97] XSim simulation ran for 1000ns
close_sim
INFO: [Simtcl 6-16] Simulation closed
launch_simulation
INFO: [Vivado 12-5682] Launching behavioral simulation in 'D:/Academic/02. Computer Organization and Digital Design/Lab Work/Nano_Processor/Nano_Processor.sim/sim_1/behav/xsim'
INFO: [SIM-utils-51] Simulation object is 'sim_1'
INFO: [SIM-utils-54] Inspecting design source files for 'TB_4_RCA' in fileset 'sim_1'...
INFO: [USF-XSim-97] Finding global include files...
INFO: [USF-XSim-98] Fetching design files from 'sim_1'...
INFO: [USF-XSim-2] XSim::Compile design
INFO: [USF-XSim-61] Executing 'COMPILE and ANALYZE' step in 'D:/Academic/02. Computer Organization and Digital Design/Lab Work/Nano_Processor/Nano_Processor.sim/sim_1/behav/xsim'
"xvhdl --incr --relax -prj TB_4_RCA_vhdl.prj"
INFO: [VRFC 10-163] Analyzing VHDL file "D:/Academic/02. Computer Organization and Digital Design/Lab Work/Nano_Processor/Nano_Processor.srcs/sim_1/imports/new/TB_4_RCA.vhd" into library xil_defaultlib
INFO: [VRFC 10-307] analyzing entity TB_4_RCA
INFO: [USF-XSim-69] 'compile' step finished in '1' seconds
INFO: [USF-XSim-3] XSim::Elaborate design
INFO: [USF-XSim-61] Executing 'ELABORATE' step in 'D:/Academic/02. Computer Organization and Digital Design/Lab Work/Nano_Processor/Nano_Processor.sim/sim_1/behav/xsim'
Vivado Simulator 2018.2
Copyright 1986-1999, 2001-2018 Xilinx, Inc. All Rights Reserved.
Running: D:/Vivado/Vivado/2018.2/bin/unwrapped/win64.o/xelab.exe -wto ebe3c610a3c34cc9a0b30435ad9bf93f --incr --debug typical --relax --mt 2 -L xil_defaultlib -L secureip --snapshot TB_4_RCA_behav xil_defaultlib.TB_4_RCA -log elaborate.log 
Using 2 slave threads.
Starting static elaboration
Completed static elaboration
Starting simulation data flow analysis
Completed simulation data flow analysis
Time Resolution for simulation is 1ps
Compiling package std.standard
Compiling package std.textio
Compiling package ieee.std_logic_1164
Compiling architecture behavioral of entity xil_defaultlib.HA [ha_default]
Compiling architecture behavioral of entity xil_defaultlib.FA [fa_default]
Compiling architecture behavioral of entity xil_defaultlib.MUX_2_1 [mux_2_1_default]
Compiling architecture behavioral of entity xil_defaultlib.RCA_4 [rca_4_default]
Compiling architecture behavioral of entity xil_defaultlib.tb_4_rca
Built simulation snapshot TB_4_RCA_behav
INFO: [USF-XSim-69] 'elaborate' step finished in '1' seconds
INFO: [USF-XSim-4] XSim::Simulate design
INFO: [USF-XSim-61] Executing 'SIMULATE' step in 'D:/Academic/02. Computer Organization and Digital Design/Lab Work/Nano_Processor/Nano_Processor.sim/sim_1/behav/xsim'
INFO: [USF-XSim-98] *** Running xsim
   with args "TB_4_RCA_behav -key {Behavioral:sim_1:Functional:TB_4_RCA} -tclbatch {TB_4_RCA.tcl} -log {simulate.log}"
INFO: [USF-XSim-8] Loading simulator feature
Vivado Simulator 2018.2
Time resolution is 1 ps
source TB_4_RCA.tcl
# set curr_wave [current_wave_config]
# if { [string length $curr_wave] == 0 } {
#   if { [llength [get_objects]] > 0} {
#     add_wave /
#     set_property needs_save false [current_wave_config]
#   } else {
#      send_msg_id Add_Wave-1 WARNING "No top level signals found. Simulator will start without a wave window. If you want to open a wave window go to 'File->New Waveform Configuration' or type 'create_wave_config' in the TCL console."
#   }
# }
# run 1000ns
INFO: [USF-XSim-96] XSim completed. Design snapshot 'TB_4_RCA_behav' loaded.
INFO: [USF-XSim-97] XSim simulation ran for 1000ns
update_compile_order -fileset sources_1
close_sim
INFO: [Simtcl 6-16] Simulation closed
launch_simulation
INFO: [Vivado 12-5682] Launching behavioral simulation in 'D:/Academic/02. Computer Organization and Digital Design/Lab Work/Nano_Processor/Nano_Processor.sim/sim_1/behav/xsim'
INFO: [SIM-utils-51] Simulation object is 'sim_1'
INFO: [SIM-utils-54] Inspecting design source files for 'TB_4_RCA' in fileset 'sim_1'...
INFO: [USF-XSim-97] Finding global include files...
INFO: [USF-XSim-98] Fetching design files from 'sim_1'...
INFO: [USF-XSim-2] XSim::Compile design
INFO: [USF-XSim-61] Executing 'COMPILE and ANALYZE' step in 'D:/Academic/02. Computer Organization and Digital Design/Lab Work/Nano_Processor/Nano_Processor.sim/sim_1/behav/xsim'
"xvhdl --incr --relax -prj TB_4_RCA_vhdl.prj"
INFO: [VRFC 10-163] Analyzing VHDL file "D:/Academic/02. Computer Organization and Digital Design/Lab Work/Nano_Processor/Nano_Processor.srcs/sources_1/imports/new/RCA_4.vhd" into library xil_defaultlib
INFO: [VRFC 10-307] analyzing entity RCA_4
INFO: [USF-XSim-69] 'compile' step finished in '1' seconds
INFO: [USF-XSim-3] XSim::Elaborate design
INFO: [USF-XSim-61] Executing 'ELABORATE' step in 'D:/Academic/02. Computer Organization and Digital Design/Lab Work/Nano_Processor/Nano_Processor.sim/sim_1/behav/xsim'
Vivado Simulator 2018.2
Copyright 1986-1999, 2001-2018 Xilinx, Inc. All Rights Reserved.
Running: D:/Vivado/Vivado/2018.2/bin/unwrapped/win64.o/xelab.exe -wto ebe3c610a3c34cc9a0b30435ad9bf93f --incr --debug typical --relax --mt 2 -L xil_defaultlib -L secureip --snapshot TB_4_RCA_behav xil_defaultlib.TB_4_RCA -log elaborate.log 
Using 2 slave threads.
Starting static elaboration
ERROR: [VRFC 10-718] formal port <Zero> does not exist in entity <FA>.  Please compare the definition of block <FA> to its component declaration and its instantion to detect the mismatch. [D:/Academic/02. Computer Organization and Digital Design/Lab Work/Nano_Processor/Nano_Processor.srcs/sources_1/imports/new/RCA_4.vhd:50]
ERROR: [XSIM 43-3321] Static elaboration of top level VHDL design unit tb_4_rca in library work failed.
INFO: [USF-XSim-69] 'elaborate' step finished in '2' seconds
INFO: [USF-XSim-99] Step results log file:'D:/Academic/02. Computer Organization and Digital Design/Lab Work/Nano_Processor/Nano_Processor.sim/sim_1/behav/xsim/elaborate.log'
ERROR: [USF-XSim-62] 'elaborate' step failed with error(s). Please check the Tcl console output or 'D:/Academic/02. Computer Organization and Digital Design/Lab Work/Nano_Processor/Nano_Processor.sim/sim_1/behav/xsim/elaborate.log' file for more information.
ERROR: [Vivado 12-4473] Detected error while running simulation. Please correct the issue and retry this operation.
ERROR: [Common 17-39] 'launch_simulation' failed due to earlier errors.
reset_run synth_1
launch_runs impl_1 -jobs 8
[Sun May 28 23:07:41 2023] Launched synth_1...
Run output will be captured here: D:/Academic/02. Computer Organization and Digital Design/Lab Work/Nano_Processor/Nano_Processor.runs/synth_1/runme.log
[Sun May 28 23:07:41 2023] Launched impl_1...
Run output will be captured here: D:/Academic/02. Computer Organization and Digital Design/Lab Work/Nano_Processor/Nano_Processor.runs/impl_1/runme.log
launch_simulation
INFO: [Vivado 12-5682] Launching behavioral simulation in 'D:/Academic/02. Computer Organization and Digital Design/Lab Work/Nano_Processor/Nano_Processor.sim/sim_1/behav/xsim'
INFO: [SIM-utils-51] Simulation object is 'sim_1'
INFO: [SIM-utils-54] Inspecting design source files for 'TB_4_RCA' in fileset 'sim_1'...
INFO: [USF-XSim-97] Finding global include files...
INFO: [USF-XSim-98] Fetching design files from 'sim_1'...
INFO: [USF-XSim-2] XSim::Compile design
INFO: [USF-XSim-61] Executing 'COMPILE and ANALYZE' step in 'D:/Academic/02. Computer Organization and Digital Design/Lab Work/Nano_Processor/Nano_Processor.sim/sim_1/behav/xsim'
"xvhdl --incr --relax -prj TB_4_RCA_vhdl.prj"
INFO: [VRFC 10-163] Analyzing VHDL file "D:/Academic/02. Computer Organization and Digital Design/Lab Work/Nano_Processor/Nano_Processor.srcs/sources_1/imports/new/RCA_4.vhd" into library xil_defaultlib
INFO: [VRFC 10-307] analyzing entity RCA_4
INFO: [USF-XSim-69] 'compile' step finished in '1' seconds
INFO: [USF-XSim-3] XSim::Elaborate design
INFO: [USF-XSim-61] Executing 'ELABORATE' step in 'D:/Academic/02. Computer Organization and Digital Design/Lab Work/Nano_Processor/Nano_Processor.sim/sim_1/behav/xsim'
Vivado Simulator 2018.2
Copyright 1986-1999, 2001-2018 Xilinx, Inc. All Rights Reserved.
Running: D:/Vivado/Vivado/2018.2/bin/unwrapped/win64.o/xelab.exe -wto ebe3c610a3c34cc9a0b30435ad9bf93f --incr --debug typical --relax --mt 2 -L xil_defaultlib -L secureip --snapshot TB_4_RCA_behav xil_defaultlib.TB_4_RCA -log elaborate.log 
Using 2 slave threads.
Starting static elaboration
Completed static elaboration
Starting simulation data flow analysis
Completed simulation data flow analysis
Time Resolution for simulation is 1ps
Compiling package std.standard
Compiling package std.textio
Compiling package ieee.std_logic_1164
Compiling architecture behavioral of entity xil_defaultlib.HA [ha_default]
Compiling architecture behavioral of entity xil_defaultlib.FA [fa_default]
Compiling architecture behavioral of entity xil_defaultlib.RCA_4 [rca_4_default]
Compiling architecture behavioral of entity xil_defaultlib.tb_4_rca
Built simulation snapshot TB_4_RCA_behav
INFO: [USF-XSim-69] 'elaborate' step finished in '3' seconds
INFO: [USF-XSim-4] XSim::Simulate design
INFO: [USF-XSim-61] Executing 'SIMULATE' step in 'D:/Academic/02. Computer Organization and Digital Design/Lab Work/Nano_Processor/Nano_Processor.sim/sim_1/behav/xsim'
INFO: [USF-XSim-98] *** Running xsim
   with args "TB_4_RCA_behav -key {Behavioral:sim_1:Functional:TB_4_RCA} -tclbatch {TB_4_RCA.tcl} -log {simulate.log}"
INFO: [USF-XSim-8] Loading simulator feature
Vivado Simulator 2018.2
Time resolution is 1 ps
source TB_4_RCA.tcl
# set curr_wave [current_wave_config]
# if { [string length $curr_wave] == 0 } {
#   if { [llength [get_objects]] > 0} {
#     add_wave /
#     set_property needs_save false [current_wave_config]
#   } else {
#      send_msg_id Add_Wave-1 WARNING "No top level signals found. Simulator will start without a wave window. If you want to open a wave window go to 'File->New Waveform Configuration' or type 'create_wave_config' in the TCL console."
#   }
# }
# run 1000ns
INFO: [USF-XSim-96] XSim completed. Design snapshot 'TB_4_RCA_behav' loaded.
INFO: [USF-XSim-97] XSim simulation ran for 1000ns
launch_simulation: Time (s): cpu = 00:00:03 ; elapsed = 00:00:07 . Memory (MB): peak = 1857.887 ; gain = 0.000
close_sim
INFO: [Simtcl 6-16] Simulation closed
launch_simulation
INFO: [Vivado 12-5682] Launching behavioral simulation in 'D:/Academic/02. Computer Organization and Digital Design/Lab Work/Nano_Processor/Nano_Processor.sim/sim_1/behav/xsim'
INFO: [SIM-utils-51] Simulation object is 'sim_1'
INFO: [SIM-utils-54] Inspecting design source files for 'TB_4_RCA' in fileset 'sim_1'...
INFO: [USF-XSim-97] Finding global include files...
INFO: [USF-XSim-98] Fetching design files from 'sim_1'...
INFO: [USF-XSim-2] XSim::Compile design
INFO: [USF-XSim-61] Executing 'COMPILE and ANALYZE' step in 'D:/Academic/02. Computer Organization and Digital Design/Lab Work/Nano_Processor/Nano_Processor.sim/sim_1/behav/xsim'
"xvhdl --incr --relax -prj TB_4_RCA_vhdl.prj"
INFO: [VRFC 10-163] Analyzing VHDL file "D:/Academic/02. Computer Organization and Digital Design/Lab Work/Nano_Processor/Nano_Processor.srcs/sim_1/imports/new/TB_4_RCA.vhd" into library xil_defaultlib
INFO: [VRFC 10-307] analyzing entity TB_4_RCA
INFO: [USF-XSim-69] 'compile' step finished in '2' seconds
INFO: [USF-XSim-3] XSim::Elaborate design
INFO: [USF-XSim-61] Executing 'ELABORATE' step in 'D:/Academic/02. Computer Organization and Digital Design/Lab Work/Nano_Processor/Nano_Processor.sim/sim_1/behav/xsim'
Vivado Simulator 2018.2
Copyright 1986-1999, 2001-2018 Xilinx, Inc. All Rights Reserved.
Running: D:/Vivado/Vivado/2018.2/bin/unwrapped/win64.o/xelab.exe -wto ebe3c610a3c34cc9a0b30435ad9bf93f --incr --debug typical --relax --mt 2 -L xil_defaultlib -L secureip --snapshot TB_4_RCA_behav xil_defaultlib.TB_4_RCA -log elaborate.log 
Using 2 slave threads.
Starting static elaboration
Completed static elaboration
Starting simulation data flow analysis
Completed simulation data flow analysis
Time Resolution for simulation is 1ps
Compiling package std.standard
Compiling package std.textio
Compiling package ieee.std_logic_1164
Compiling architecture behavioral of entity xil_defaultlib.HA [ha_default]
Compiling architecture behavioral of entity xil_defaultlib.FA [fa_default]
Compiling architecture behavioral of entity xil_defaultlib.RCA_4 [rca_4_default]
Compiling architecture behavioral of entity xil_defaultlib.tb_4_rca
Built simulation snapshot TB_4_RCA_behav
INFO: [USF-XSim-69] 'elaborate' step finished in '1' seconds
INFO: [USF-XSim-4] XSim::Simulate design
INFO: [USF-XSim-61] Executing 'SIMULATE' step in 'D:/Academic/02. Computer Organization and Digital Design/Lab Work/Nano_Processor/Nano_Processor.sim/sim_1/behav/xsim'
INFO: [USF-XSim-98] *** Running xsim
   with args "TB_4_RCA_behav -key {Behavioral:sim_1:Functional:TB_4_RCA} -tclbatch {TB_4_RCA.tcl} -log {simulate.log}"
INFO: [USF-XSim-8] Loading simulator feature
Vivado Simulator 2018.2
Time resolution is 1 ps
source TB_4_RCA.tcl
# set curr_wave [current_wave_config]
# if { [string length $curr_wave] == 0 } {
#   if { [llength [get_objects]] > 0} {
#     add_wave /
#     set_property needs_save false [current_wave_config]
#   } else {
#      send_msg_id Add_Wave-1 WARNING "No top level signals found. Simulator will start without a wave window. If you want to open a wave window go to 'File->New Waveform Configuration' or type 'create_wave_config' in the TCL console."
#   }
# }
# run 1000ns
INFO: [USF-XSim-96] XSim completed. Design snapshot 'TB_4_RCA_behav' loaded.
INFO: [USF-XSim-97] XSim simulation ran for 1000ns
launch_simulation: Time (s): cpu = 00:00:02 ; elapsed = 00:00:05 . Memory (MB): peak = 1857.887 ; gain = 0.000
reset_run synth_1
WARNING: [Vivado 12-1017] Problems encountered:
1. Failed to delete one or more files in run directory D:/Academic/02. Computer Organization and Digital Design/Lab Work/Nano_Processor/Nano_Processor.runs/synth_1

launch_runs impl_1 -jobs 8
[Sun May 28 23:21:03 2023] Launched synth_1...
Run output will be captured here: D:/Academic/02. Computer Organization and Digital Design/Lab Work/Nano_Processor/Nano_Processor.runs/synth_1/runme.log
[Sun May 28 23:21:03 2023] Launched impl_1...
Run output will be captured here: D:/Academic/02. Computer Organization and Digital Design/Lab Work/Nano_Processor/Nano_Processor.runs/impl_1/runme.log
refresh_design
INFO: [Netlist 29-17] Analyzing 9 Unisim elements for replacement
INFO: [Netlist 29-28] Unisim Transformation completed in 0 CPU seconds
INFO: [Project 1-479] Netlist was created with Vivado 2018.2
INFO: [Project 1-570] Preparing netlist for logic optimization
Reading XDEF placement.
Reading placer database...
Reading XDEF routing.
Read XDEF File: Time (s): cpu = 00:00:00 ; elapsed = 00:00:00.075 . Memory (MB): peak = 1869.914 ; gain = 0.000
Restored from archive | CPU: 0.000000 secs | Memory: 0.000000 MB |
Finished XDEF File Restore: Time (s): cpu = 00:00:00 ; elapsed = 00:00:00.075 . Memory (MB): peak = 1869.914 ; gain = 0.000
refresh_design: Time (s): cpu = 00:00:05 ; elapsed = 00:00:05 . Memory (MB): peak = 1887.094 ; gain = 28.648
WARNING: [Timing 38-313] There are no user specified timing constraints. Timing constraints are needed for proper timing analysis.
close [ open {D:/Academic/02. Computer Organization and Digital Design/Lab Work/Nano_Processor/Nano_Processor.srcs/sources_1/new/Adder_3_Bit.vhd} w ]
add_files {{D:/Academic/02. Computer Organization and Digital Design/Lab Work/Nano_Processor/Nano_Processor.srcs/sources_1/new/Adder_3_Bit.vhd}}
update_compile_order -fileset sources_1
set_property SOURCE_SET sources_1 [get_filesets sim_1]
import_files -fileset sim_1 -norecurse {{D:/Academic/02. Computer Organization and Digital Design/Lab Work/Lab_5/Lab_5.srcs/sim_1/new/Slow_Clk_Sim.vhd}}
update_compile_order -fileset sim_1
file mkdir D:/Academic/02. Computer Organization and Digital Design/Lab Work/Nano_Processor/Nano_Processor.srcs/sim_1/new
can't create directory "D:/Academic/02.": file already exists
file mkdir D:/Academic/02. Computer Organization and Digital Design/Lab Work/Nano_Processor/Nano_Processor.srcs/sim_1/new
can't create directory "D:/Academic/02.": file already exists
file mkdir D:/Academic/02. Computer Organization and Digital Design/Lab Work/Nano_Processor/Nano_Processor.srcs/sim_1/new
can't create directory "D:/Academic/02.": file already exists
file mkdir D:/Academic/02. Computer Organization and Digital Design/Lab Work/Nano_Processor/Nano_Processor.srcs/sim_1/new
can't create directory "D:/Academic/02.": file already exists
file mkdir D:/Academic/02. Computer Organization and Digital Design/Lab Work/Nano_Processor/Nano_Processor.srcs/sim_1/new
can't create directory "D:/Academic/02.": file already exists
set_property SOURCE_SET sources_1 [get_filesets sim_1]
file mkdir D:/Academic/02. Computer Organization and Digital Design/Lab Work/Nano_Processor/Nano_Processor.srcs/sim_1/new
can't create directory "D:/Academic/02.": file already exists
file mkdir {D:/Academic/02. Computer Organization and Digital Design/Lab Work/Nano_Processor/Nano_Processor.srcs/sim_1/new}
close [ open {D:/Academic/02. Computer Organization and Digital Design/Lab Work/Nano_Processor/Nano_Processor.srcs/sim_1/new/TB_Adder_3_Bit.v} w ]
add_files -fileset sim_1 {{D:/Academic/02. Computer Organization and Digital Design/Lab Work/Nano_Processor/Nano_Processor.srcs/sim_1/new/TB_Adder_3_Bit.v}}
update_compile_order -fileset sim_1
export_ip_user_files -of_objects  [get_files {{D:/Academic/02. Computer Organization and Digital Design/Lab Work/Nano_Processor/Nano_Processor.srcs/sim_1/new/TB_Adder_3_Bit.v}}] -no_script -reset -force -quiet
remove_files  -fileset sim_1 {{D:/Academic/02. Computer Organization and Digital Design/Lab Work/Nano_Processor/Nano_Processor.srcs/sim_1/new/TB_Adder_3_Bit.v}}
export_ip_user_files -of_objects  [get_files {{D:/Academic/02. Computer Organization and Digital Design/Lab Work/Nano_Processor/Nano_Processor.srcs/sim_1/imports/new/Slow_Clk_Sim.vhd}}] -no_script -reset -force -quiet
remove_files  -fileset sim_1 {{D:/Academic/02. Computer Organization and Digital Design/Lab Work/Nano_Processor/Nano_Processor.srcs/sim_1/imports/new/Slow_Clk_Sim.vhd}}
set_property SOURCE_SET sources_1 [get_filesets sim_1]
close [ open {D:/Academic/02. Computer Organization and Digital Design/Lab Work/Nano_Processor/Nano_Processor.srcs/sim_1/new/TB_Adder_3_Bit.vhd} w ]
add_files -fileset sim_1 {{D:/Academic/02. Computer Organization and Digital Design/Lab Work/Nano_Processor/Nano_Processor.srcs/sim_1/new/TB_Adder_3_Bit.vhd}}
update_compile_order -fileset sim_1
reset_run synth_1
WARNING: [Vivado 12-1017] Problems encountered:
1. Failed to delete one or more files in run directory D:/Academic/02. Computer Organization and Digital Design/Lab Work/Nano_Processor/Nano_Processor.runs/synth_1

set_property top Adder_3_Bit [current_fileset]
update_compile_order -fileset sources_1
set_property top TB_Adder_3_Bit [get_filesets sim_1]
set_property top_lib xil_defaultlib [get_filesets sim_1]
update_compile_order -fileset sim_1
launch_runs synth_1 -jobs 8
[Sun May 28 23:55:14 2023] Launched synth_1...
Run output will be captured here: D:/Academic/02. Computer Organization and Digital Design/Lab Work/Nano_Processor/Nano_Processor.runs/synth_1/runme.log
launch_runs impl_1 -jobs 8
[Sun May 28 23:57:11 2023] Launched impl_1...
Run output will be captured here: D:/Academic/02. Computer Organization and Digital Design/Lab Work/Nano_Processor/Nano_Processor.runs/impl_1/runme.log
refresh_design
INFO: [Netlist 29-17] Analyzing 3 Unisim elements for replacement
INFO: [Netlist 29-28] Unisim Transformation completed in 0 CPU seconds
INFO: [Project 1-479] Netlist was created with Vivado 2018.2
INFO: [Project 1-570] Preparing netlist for logic optimization
Reading XDEF placement.
Reading placer database...
Reading XDEF routing.
Read XDEF File: Time (s): cpu = 00:00:00 ; elapsed = 00:00:00.035 . Memory (MB): peak = 1903.230 ; gain = 0.000
Restored from archive | CPU: 0.000000 secs | Memory: 0.000000 MB |
Finished XDEF File Restore: Time (s): cpu = 00:00:00 ; elapsed = 00:00:00.035 . Memory (MB): peak = 1903.230 ; gain = 0.000
refresh_design: Time (s): cpu = 00:00:05 ; elapsed = 00:00:06 . Memory (MB): peak = 1905.785 ; gain = 2.555
WARNING: [Timing 38-313] There are no user specified timing constraints. Timing constraints are needed for proper timing analysis.
launch_simulation
INFO: [Vivado 12-5682] Launching behavioral simulation in 'D:/Academic/02. Computer Organization and Digital Design/Lab Work/Nano_Processor/Nano_Processor.sim/sim_1/behav/xsim'
INFO: [SIM-utils-51] Simulation object is 'sim_1'
INFO: [SIM-utils-54] Inspecting design source files for 'TB_Adder_3_Bit' in fileset 'sim_1'...
INFO: [USF-XSim-97] Finding global include files...
INFO: [USF-XSim-98] Fetching design files from 'sim_1'...
INFO: [USF-XSim-2] XSim::Compile design
INFO: [USF-XSim-61] Executing 'COMPILE and ANALYZE' step in 'D:/Academic/02. Computer Organization and Digital Design/Lab Work/Nano_Processor/Nano_Processor.sim/sim_1/behav/xsim'
"xvhdl --incr --relax -prj TB_Adder_3_Bit_vhdl.prj"
INFO: [VRFC 10-163] Analyzing VHDL file "D:/Academic/02. Computer Organization and Digital Design/Lab Work/Nano_Processor/Nano_Processor.srcs/sources_1/new/Adder_3_Bit.vhd" into library xil_defaultlib
INFO: [VRFC 10-307] analyzing entity Adder_3_Bit
INFO: [VRFC 10-163] Analyzing VHDL file "D:/Academic/02. Computer Organization and Digital Design/Lab Work/Nano_Processor/Nano_Processor.srcs/sim_1/new/TB_Adder_3_Bit.vhd" into library xil_defaultlib
INFO: [VRFC 10-307] analyzing entity TB_Adder_3_Bit
INFO: [USF-XSim-69] 'compile' step finished in '2' seconds
INFO: [USF-XSim-3] XSim::Elaborate design
INFO: [USF-XSim-61] Executing 'ELABORATE' step in 'D:/Academic/02. Computer Organization and Digital Design/Lab Work/Nano_Processor/Nano_Processor.sim/sim_1/behav/xsim'
Vivado Simulator 2018.2
Copyright 1986-1999, 2001-2018 Xilinx, Inc. All Rights Reserved.
Running: D:/Vivado/Vivado/2018.2/bin/unwrapped/win64.o/xelab.exe -wto ebe3c610a3c34cc9a0b30435ad9bf93f --incr --debug typical --relax --mt 2 -L xil_defaultlib -L secureip --snapshot TB_Adder_3_Bit_behav xil_defaultlib.TB_Adder_3_Bit -log elaborate.log 
Using 2 slave threads.
Starting static elaboration
Completed static elaboration
Starting simulation data flow analysis
Completed simulation data flow analysis
Time Resolution for simulation is 1ps
Compiling package std.standard
Compiling package std.textio
Compiling package ieee.std_logic_1164
Compiling architecture behavioral of entity xil_defaultlib.HA [ha_default]
Compiling architecture behavioral of entity xil_defaultlib.FA [fa_default]
Compiling architecture behavioral of entity xil_defaultlib.Adder_3_Bit [adder_3_bit_default]
Compiling architecture behavioral of entity xil_defaultlib.tb_adder_3_bit
Built simulation snapshot TB_Adder_3_Bit_behav

****** Webtalk v2018.2 (64-bit)
  **** SW Build 2258646 on Thu Jun 14 20:03:12 MDT 2018
  **** IP Build 2256618 on Thu Jun 14 22:10:49 MDT 2018
    ** Copyright 1986-2018 Xilinx, Inc. All Rights Reserved.

source D:/Academic/02. -notrace
invalid command name "%"
    while executing
"% Total    % Received % Xferd  Average Speed   Time    Time     Time  Current"
    (file "D:/Academic/02." line 1)
INFO: [Common 17-206] Exiting Webtalk at Sun May 28 23:58:45 2023...
INFO: [USF-XSim-69] 'elaborate' step finished in '2' seconds
INFO: [USF-XSim-4] XSim::Simulate design
INFO: [USF-XSim-61] Executing 'SIMULATE' step in 'D:/Academic/02. Computer Organization and Digital Design/Lab Work/Nano_Processor/Nano_Processor.sim/sim_1/behav/xsim'
INFO: [USF-XSim-98] *** Running xsim
   with args "TB_Adder_3_Bit_behav -key {Behavioral:sim_1:Functional:TB_Adder_3_Bit} -tclbatch {TB_Adder_3_Bit.tcl} -log {simulate.log}"
INFO: [USF-XSim-8] Loading simulator feature
Vivado Simulator 2018.2
Time resolution is 1 ps
source TB_Adder_3_Bit.tcl
# set curr_wave [current_wave_config]
# if { [string length $curr_wave] == 0 } {
#   if { [llength [get_objects]] > 0} {
#     add_wave /
#     set_property needs_save false [current_wave_config]
#   } else {
#      send_msg_id Add_Wave-1 WARNING "No top level signals found. Simulator will start without a wave window. If you want to open a wave window go to 'File->New Waveform Configuration' or type 'create_wave_config' in the TCL console."
#   }
# }
# run 1000ns
INFO: [USF-XSim-96] XSim completed. Design snapshot 'TB_Adder_3_Bit_behav' loaded.
INFO: [USF-XSim-97] XSim simulation ran for 1000ns
launch_simulation: Time (s): cpu = 00:00:03 ; elapsed = 00:00:07 . Memory (MB): peak = 1916.434 ; gain = 9.148
close_sim
INFO: [Simtcl 6-16] Simulation closed
launch_simulation
INFO: [Vivado 12-5682] Launching behavioral simulation in 'D:/Academic/02. Computer Organization and Digital Design/Lab Work/Nano_Processor/Nano_Processor.sim/sim_1/behav/xsim'
INFO: [SIM-utils-51] Simulation object is 'sim_1'
INFO: [SIM-utils-54] Inspecting design source files for 'TB_Adder_3_Bit' in fileset 'sim_1'...
INFO: [USF-XSim-97] Finding global include files...
INFO: [USF-XSim-98] Fetching design files from 'sim_1'...
INFO: [USF-XSim-2] XSim::Compile design
INFO: [USF-XSim-61] Executing 'COMPILE and ANALYZE' step in 'D:/Academic/02. Computer Organization and Digital Design/Lab Work/Nano_Processor/Nano_Processor.sim/sim_1/behav/xsim'
"xvhdl --incr --relax -prj TB_Adder_3_Bit_vhdl.prj"
INFO: [VRFC 10-163] Analyzing VHDL file "D:/Academic/02. Computer Organization and Digital Design/Lab Work/Nano_Processor/Nano_Processor.srcs/sim_1/new/TB_Adder_3_Bit.vhd" into library xil_defaultlib
INFO: [VRFC 10-307] analyzing entity TB_Adder_3_Bit
ERROR: [VRFC 10-1412] syntax error near s [D:/Academic/02. Computer Organization and Digital Design/Lab Work/Nano_Processor/Nano_Processor.srcs/sim_1/new/TB_Adder_3_Bit.vhd:55]
ERROR: [VRFC 10-1504] unit behavioral ignored due to previous errors [D:/Academic/02. Computer Organization and Digital Design/Lab Work/Nano_Processor/Nano_Processor.srcs/sim_1/new/TB_Adder_3_Bit.vhd:38]
INFO: [VRFC 10-240] VHDL file D:/Academic/02. Computer Organization and Digital Design/Lab Work/Nano_Processor/Nano_Processor.srcs/sim_1/new/TB_Adder_3_Bit.vhd ignored due to errors
INFO: [USF-XSim-69] 'compile' step finished in '1' seconds
INFO: [USF-XSim-99] Step results log file:'D:/Academic/02. Computer Organization and Digital Design/Lab Work/Nano_Processor/Nano_Processor.sim/sim_1/behav/xsim/xvhdl.log'
ERROR: [USF-XSim-62] 'compile' step failed with error(s). Please check the Tcl console output or 'D:/Academic/02. Computer Organization and Digital Design/Lab Work/Nano_Processor/Nano_Processor.sim/sim_1/behav/xsim/xvhdl.log' file for more information.
ERROR: [Vivado 12-4473] Detected error while running simulation. Please correct the issue and retry this operation.
ERROR: [Common 17-39] 'launch_simulation' failed due to earlier errors.
launch_simulation
INFO: [Vivado 12-5682] Launching behavioral simulation in 'D:/Academic/02. Computer Organization and Digital Design/Lab Work/Nano_Processor/Nano_Processor.sim/sim_1/behav/xsim'
INFO: [SIM-utils-51] Simulation object is 'sim_1'
INFO: [SIM-utils-54] Inspecting design source files for 'TB_Adder_3_Bit' in fileset 'sim_1'...
INFO: [USF-XSim-97] Finding global include files...
INFO: [USF-XSim-98] Fetching design files from 'sim_1'...
INFO: [USF-XSim-2] XSim::Compile design
INFO: [USF-XSim-61] Executing 'COMPILE and ANALYZE' step in 'D:/Academic/02. Computer Organization and Digital Design/Lab Work/Nano_Processor/Nano_Processor.sim/sim_1/behav/xsim'
"xvhdl --incr --relax -prj TB_Adder_3_Bit_vhdl.prj"
INFO: [VRFC 10-163] Analyzing VHDL file "D:/Academic/02. Computer Organization and Digital Design/Lab Work/Nano_Processor/Nano_Processor.srcs/sim_1/new/TB_Adder_3_Bit.vhd" into library xil_defaultlib
INFO: [VRFC 10-307] analyzing entity TB_Adder_3_Bit
INFO: [USF-XSim-69] 'compile' step finished in '1' seconds
INFO: [USF-XSim-3] XSim::Elaborate design
INFO: [USF-XSim-61] Executing 'ELABORATE' step in 'D:/Academic/02. Computer Organization and Digital Design/Lab Work/Nano_Processor/Nano_Processor.sim/sim_1/behav/xsim'
Vivado Simulator 2018.2
Copyright 1986-1999, 2001-2018 Xilinx, Inc. All Rights Reserved.
Running: D:/Vivado/Vivado/2018.2/bin/unwrapped/win64.o/xelab.exe -wto ebe3c610a3c34cc9a0b30435ad9bf93f --incr --debug typical --relax --mt 2 -L xil_defaultlib -L secureip --snapshot TB_Adder_3_Bit_behav xil_defaultlib.TB_Adder_3_Bit -log elaborate.log 
Using 2 slave threads.
Starting static elaboration
Completed static elaboration
Starting simulation data flow analysis
Completed simulation data flow analysis
Time Resolution for simulation is 1ps
Compiling package std.standard
Compiling package std.textio
Compiling package ieee.std_logic_1164
Compiling architecture behavioral of entity xil_defaultlib.HA [ha_default]
Compiling architecture behavioral of entity xil_defaultlib.FA [fa_default]
Compiling architecture behavioral of entity xil_defaultlib.Adder_3_Bit [adder_3_bit_default]
Compiling architecture behavioral of entity xil_defaultlib.tb_adder_3_bit
Built simulation snapshot TB_Adder_3_Bit_behav
INFO: [USF-XSim-69] 'elaborate' step finished in '2' seconds
INFO: [USF-XSim-4] XSim::Simulate design
INFO: [USF-XSim-61] Executing 'SIMULATE' step in 'D:/Academic/02. Computer Organization and Digital Design/Lab Work/Nano_Processor/Nano_Processor.sim/sim_1/behav/xsim'
INFO: [USF-XSim-98] *** Running xsim
   with args "TB_Adder_3_Bit_behav -key {Behavioral:sim_1:Functional:TB_Adder_3_Bit} -tclbatch {TB_Adder_3_Bit.tcl} -log {simulate.log}"
INFO: [USF-XSim-8] Loading simulator feature
Vivado Simulator 2018.2
Time resolution is 1 ps
source TB_Adder_3_Bit.tcl
# set curr_wave [current_wave_config]
# if { [string length $curr_wave] == 0 } {
#   if { [llength [get_objects]] > 0} {
#     add_wave /
#     set_property needs_save false [current_wave_config]
#   } else {
#      send_msg_id Add_Wave-1 WARNING "No top level signals found. Simulator will start without a wave window. If you want to open a wave window go to 'File->New Waveform Configuration' or type 'create_wave_config' in the TCL console."
#   }
# }
# run 1000ns
INFO: [USF-XSim-96] XSim completed. Design snapshot 'TB_Adder_3_Bit_behav' loaded.
INFO: [USF-XSim-97] XSim simulation ran for 1000ns
launch_simulation: Time (s): cpu = 00:00:03 ; elapsed = 00:00:05 . Memory (MB): peak = 1922.617 ; gain = 2.355
close_sim
INFO: [Simtcl 6-16] Simulation closed
launch_simulation
INFO: [Vivado 12-5682] Launching behavioral simulation in 'D:/Academic/02. Computer Organization and Digital Design/Lab Work/Nano_Processor/Nano_Processor.sim/sim_1/behav/xsim'
INFO: [SIM-utils-51] Simulation object is 'sim_1'
INFO: [SIM-utils-54] Inspecting design source files for 'TB_Adder_3_Bit' in fileset 'sim_1'...
INFO: [USF-XSim-97] Finding global include files...
INFO: [USF-XSim-98] Fetching design files from 'sim_1'...
INFO: [USF-XSim-2] XSim::Compile design
INFO: [USF-XSim-61] Executing 'COMPILE and ANALYZE' step in 'D:/Academic/02. Computer Organization and Digital Design/Lab Work/Nano_Processor/Nano_Processor.sim/sim_1/behav/xsim'
"xvhdl --incr --relax -prj TB_Adder_3_Bit_vhdl.prj"
INFO: [VRFC 10-163] Analyzing VHDL file "D:/Academic/02. Computer Organization and Digital Design/Lab Work/Nano_Processor/Nano_Processor.srcs/sim_1/new/TB_Adder_3_Bit.vhd" into library xil_defaultlib
INFO: [VRFC 10-307] analyzing entity TB_Adder_3_Bit
INFO: [USF-XSim-69] 'compile' step finished in '1' seconds
INFO: [USF-XSim-3] XSim::Elaborate design
INFO: [USF-XSim-61] Executing 'ELABORATE' step in 'D:/Academic/02. Computer Organization and Digital Design/Lab Work/Nano_Processor/Nano_Processor.sim/sim_1/behav/xsim'
Vivado Simulator 2018.2
Copyright 1986-1999, 2001-2018 Xilinx, Inc. All Rights Reserved.
Running: D:/Vivado/Vivado/2018.2/bin/unwrapped/win64.o/xelab.exe -wto ebe3c610a3c34cc9a0b30435ad9bf93f --incr --debug typical --relax --mt 2 -L xil_defaultlib -L secureip --snapshot TB_Adder_3_Bit_behav xil_defaultlib.TB_Adder_3_Bit -log elaborate.log 
Using 2 slave threads.
Starting static elaboration
Completed static elaboration
Starting simulation data flow analysis
Completed simulation data flow analysis
Time Resolution for simulation is 1ps
Compiling package std.standard
Compiling package std.textio
Compiling package ieee.std_logic_1164
Compiling architecture behavioral of entity xil_defaultlib.HA [ha_default]
Compiling architecture behavioral of entity xil_defaultlib.FA [fa_default]
Compiling architecture behavioral of entity xil_defaultlib.Adder_3_Bit [adder_3_bit_default]
Compiling architecture behavioral of entity xil_defaultlib.tb_adder_3_bit
Built simulation snapshot TB_Adder_3_Bit_behav
INFO: [USF-XSim-69] 'elaborate' step finished in '2' seconds
INFO: [USF-XSim-4] XSim::Simulate design
INFO: [USF-XSim-61] Executing 'SIMULATE' step in 'D:/Academic/02. Computer Organization and Digital Design/Lab Work/Nano_Processor/Nano_Processor.sim/sim_1/behav/xsim'
INFO: [USF-XSim-98] *** Running xsim
   with args "TB_Adder_3_Bit_behav -key {Behavioral:sim_1:Functional:TB_Adder_3_Bit} -tclbatch {TB_Adder_3_Bit.tcl} -log {simulate.log}"
INFO: [USF-XSim-8] Loading simulator feature
Vivado Simulator 2018.2
Time resolution is 1 ps
source TB_Adder_3_Bit.tcl
# set curr_wave [current_wave_config]
# if { [string length $curr_wave] == 0 } {
#   if { [llength [get_objects]] > 0} {
#     add_wave /
#     set_property needs_save false [current_wave_config]
#   } else {
#      send_msg_id Add_Wave-1 WARNING "No top level signals found. Simulator will start without a wave window. If you want to open a wave window go to 'File->New Waveform Configuration' or type 'create_wave_config' in the TCL console."
#   }
# }
# run 1000ns
INFO: [USF-XSim-96] XSim completed. Design snapshot 'TB_Adder_3_Bit_behav' loaded.
INFO: [USF-XSim-97] XSim simulation ran for 1000ns
launch_simulation: Time (s): cpu = 00:00:02 ; elapsed = 00:00:05 . Memory (MB): peak = 1925.336 ; gain = 0.738
close_sim
INFO: [Simtcl 6-16] Simulation closed
launch_simulation
INFO: [Vivado 12-5682] Launching behavioral simulation in 'D:/Academic/02. Computer Organization and Digital Design/Lab Work/Nano_Processor/Nano_Processor.sim/sim_1/behav/xsim'
INFO: [SIM-utils-51] Simulation object is 'sim_1'
INFO: [SIM-utils-54] Inspecting design source files for 'TB_Adder_3_Bit' in fileset 'sim_1'...
INFO: [USF-XSim-97] Finding global include files...
INFO: [USF-XSim-98] Fetching design files from 'sim_1'...
INFO: [USF-XSim-2] XSim::Compile design
INFO: [USF-XSim-61] Executing 'COMPILE and ANALYZE' step in 'D:/Academic/02. Computer Organization and Digital Design/Lab Work/Nano_Processor/Nano_Processor.sim/sim_1/behav/xsim'
"xvhdl --incr --relax -prj TB_Adder_3_Bit_vhdl.prj"
INFO: [VRFC 10-163] Analyzing VHDL file "D:/Academic/02. Computer Organization and Digital Design/Lab Work/Nano_Processor/Nano_Processor.srcs/sim_1/new/TB_Adder_3_Bit.vhd" into library xil_defaultlib
INFO: [VRFC 10-307] analyzing entity TB_Adder_3_Bit
INFO: [USF-XSim-69] 'compile' step finished in '1' seconds
INFO: [USF-XSim-3] XSim::Elaborate design
INFO: [USF-XSim-61] Executing 'ELABORATE' step in 'D:/Academic/02. Computer Organization and Digital Design/Lab Work/Nano_Processor/Nano_Processor.sim/sim_1/behav/xsim'
Vivado Simulator 2018.2
Copyright 1986-1999, 2001-2018 Xilinx, Inc. All Rights Reserved.
Running: D:/Vivado/Vivado/2018.2/bin/unwrapped/win64.o/xelab.exe -wto ebe3c610a3c34cc9a0b30435ad9bf93f --incr --debug typical --relax --mt 2 -L xil_defaultlib -L secureip --snapshot TB_Adder_3_Bit_behav xil_defaultlib.TB_Adder_3_Bit -log elaborate.log 
Using 2 slave threads.
Starting static elaboration
Completed static elaboration
Starting simulation data flow analysis
Completed simulation data flow analysis
Time Resolution for simulation is 1ps
Compiling package std.standard
Compiling package std.textio
Compiling package ieee.std_logic_1164
Compiling architecture behavioral of entity xil_defaultlib.HA [ha_default]
Compiling architecture behavioral of entity xil_defaultlib.FA [fa_default]
Compiling architecture behavioral of entity xil_defaultlib.Adder_3_Bit [adder_3_bit_default]
Compiling architecture behavioral of entity xil_defaultlib.tb_adder_3_bit
Built simulation snapshot TB_Adder_3_Bit_behav
INFO: [USF-XSim-69] 'elaborate' step finished in '2' seconds
INFO: [USF-XSim-4] XSim::Simulate design
INFO: [USF-XSim-61] Executing 'SIMULATE' step in 'D:/Academic/02. Computer Organization and Digital Design/Lab Work/Nano_Processor/Nano_Processor.sim/sim_1/behav/xsim'
INFO: [USF-XSim-98] *** Running xsim
   with args "TB_Adder_3_Bit_behav -key {Behavioral:sim_1:Functional:TB_Adder_3_Bit} -tclbatch {TB_Adder_3_Bit.tcl} -log {simulate.log}"
INFO: [USF-XSim-8] Loading simulator feature
Vivado Simulator 2018.2
Time resolution is 1 ps
source TB_Adder_3_Bit.tcl
# set curr_wave [current_wave_config]
# if { [string length $curr_wave] == 0 } {
#   if { [llength [get_objects]] > 0} {
#     add_wave /
#     set_property needs_save false [current_wave_config]
#   } else {
#      send_msg_id Add_Wave-1 WARNING "No top level signals found. Simulator will start without a wave window. If you want to open a wave window go to 'File->New Waveform Configuration' or type 'create_wave_config' in the TCL console."
#   }
# }
# run 1000ns
INFO: [USF-XSim-96] XSim completed. Design snapshot 'TB_Adder_3_Bit_behav' loaded.
INFO: [USF-XSim-97] XSim simulation ran for 1000ns
launch_simulation: Time (s): cpu = 00:00:02 ; elapsed = 00:00:05 . Memory (MB): peak = 1926.527 ; gain = 0.250
close_sim
INFO: [Simtcl 6-16] Simulation closed
launch_simulation
INFO: [Vivado 12-5682] Launching behavioral simulation in 'D:/Academic/02. Computer Organization and Digital Design/Lab Work/Nano_Processor/Nano_Processor.sim/sim_1/behav/xsim'
INFO: [SIM-utils-51] Simulation object is 'sim_1'
INFO: [SIM-utils-54] Inspecting design source files for 'TB_Adder_3_Bit' in fileset 'sim_1'...
INFO: [USF-XSim-97] Finding global include files...
INFO: [USF-XSim-98] Fetching design files from 'sim_1'...
INFO: [USF-XSim-2] XSim::Compile design
INFO: [USF-XSim-61] Executing 'COMPILE and ANALYZE' step in 'D:/Academic/02. Computer Organization and Digital Design/Lab Work/Nano_Processor/Nano_Processor.sim/sim_1/behav/xsim'
"xvhdl --incr --relax -prj TB_Adder_3_Bit_vhdl.prj"
INFO: [VRFC 10-163] Analyzing VHDL file "D:/Academic/02. Computer Organization and Digital Design/Lab Work/Nano_Processor/Nano_Processor.srcs/sim_1/new/TB_Adder_3_Bit.vhd" into library xil_defaultlib
INFO: [VRFC 10-307] analyzing entity TB_Adder_3_Bit
INFO: [USF-XSim-69] 'compile' step finished in '2' seconds
INFO: [USF-XSim-3] XSim::Elaborate design
INFO: [USF-XSim-61] Executing 'ELABORATE' step in 'D:/Academic/02. Computer Organization and Digital Design/Lab Work/Nano_Processor/Nano_Processor.sim/sim_1/behav/xsim'
Vivado Simulator 2018.2
Copyright 1986-1999, 2001-2018 Xilinx, Inc. All Rights Reserved.
Running: D:/Vivado/Vivado/2018.2/bin/unwrapped/win64.o/xelab.exe -wto ebe3c610a3c34cc9a0b30435ad9bf93f --incr --debug typical --relax --mt 2 -L xil_defaultlib -L secureip --snapshot TB_Adder_3_Bit_behav xil_defaultlib.TB_Adder_3_Bit -log elaborate.log 
Using 2 slave threads.
Starting static elaboration
Completed static elaboration
Starting simulation data flow analysis
Completed simulation data flow analysis
Time Resolution for simulation is 1ps
Compiling package std.standard
Compiling package std.textio
Compiling package ieee.std_logic_1164
Compiling architecture behavioral of entity xil_defaultlib.HA [ha_default]
Compiling architecture behavioral of entity xil_defaultlib.FA [fa_default]
Compiling architecture behavioral of entity xil_defaultlib.Adder_3_Bit [adder_3_bit_default]
Compiling architecture behavioral of entity xil_defaultlib.tb_adder_3_bit
Built simulation snapshot TB_Adder_3_Bit_behav
INFO: [USF-XSim-69] 'elaborate' step finished in '1' seconds
INFO: [USF-XSim-4] XSim::Simulate design
INFO: [USF-XSim-61] Executing 'SIMULATE' step in 'D:/Academic/02. Computer Organization and Digital Design/Lab Work/Nano_Processor/Nano_Processor.sim/sim_1/behav/xsim'
INFO: [USF-XSim-98] *** Running xsim
   with args "TB_Adder_3_Bit_behav -key {Behavioral:sim_1:Functional:TB_Adder_3_Bit} -tclbatch {TB_Adder_3_Bit.tcl} -log {simulate.log}"
INFO: [USF-XSim-8] Loading simulator feature
Vivado Simulator 2018.2
Time resolution is 1 ps
source TB_Adder_3_Bit.tcl
# set curr_wave [current_wave_config]
# if { [string length $curr_wave] == 0 } {
#   if { [llength [get_objects]] > 0} {
#     add_wave /
#     set_property needs_save false [current_wave_config]
#   } else {
#      send_msg_id Add_Wave-1 WARNING "No top level signals found. Simulator will start without a wave window. If you want to open a wave window go to 'File->New Waveform Configuration' or type 'create_wave_config' in the TCL console."
#   }
# }
# run 1000ns
INFO: [USF-XSim-96] XSim completed. Design snapshot 'TB_Adder_3_Bit_behav' loaded.
INFO: [USF-XSim-97] XSim simulation ran for 1000ns
launch_simulation: Time (s): cpu = 00:00:02 ; elapsed = 00:00:05 . Memory (MB): peak = 1926.734 ; gain = 0.207
close_sim
INFO: [Simtcl 6-16] Simulation closed
launch_simulation
INFO: [Vivado 12-5682] Launching behavioral simulation in 'D:/Academic/02. Computer Organization and Digital Design/Lab Work/Nano_Processor/Nano_Processor.sim/sim_1/behav/xsim'
INFO: [SIM-utils-51] Simulation object is 'sim_1'
INFO: [SIM-utils-54] Inspecting design source files for 'TB_Adder_3_Bit' in fileset 'sim_1'...
INFO: [USF-XSim-97] Finding global include files...
INFO: [USF-XSim-98] Fetching design files from 'sim_1'...
INFO: [USF-XSim-2] XSim::Compile design
INFO: [USF-XSim-61] Executing 'COMPILE and ANALYZE' step in 'D:/Academic/02. Computer Organization and Digital Design/Lab Work/Nano_Processor/Nano_Processor.sim/sim_1/behav/xsim'
"xvhdl --incr --relax -prj TB_Adder_3_Bit_vhdl.prj"
INFO: [VRFC 10-163] Analyzing VHDL file "D:/Academic/02. Computer Organization and Digital Design/Lab Work/Nano_Processor/Nano_Processor.srcs/sim_1/new/TB_Adder_3_Bit.vhd" into library xil_defaultlib
INFO: [VRFC 10-307] analyzing entity TB_Adder_3_Bit
INFO: [USF-XSim-69] 'compile' step finished in '2' seconds
INFO: [USF-XSim-3] XSim::Elaborate design
INFO: [USF-XSim-61] Executing 'ELABORATE' step in 'D:/Academic/02. Computer Organization and Digital Design/Lab Work/Nano_Processor/Nano_Processor.sim/sim_1/behav/xsim'
Vivado Simulator 2018.2
Copyright 1986-1999, 2001-2018 Xilinx, Inc. All Rights Reserved.
Running: D:/Vivado/Vivado/2018.2/bin/unwrapped/win64.o/xelab.exe -wto ebe3c610a3c34cc9a0b30435ad9bf93f --incr --debug typical --relax --mt 2 -L xil_defaultlib -L secureip --snapshot TB_Adder_3_Bit_behav xil_defaultlib.TB_Adder_3_Bit -log elaborate.log 
Using 2 slave threads.
Starting static elaboration
Completed static elaboration
Starting simulation data flow analysis
Completed simulation data flow analysis
Time Resolution for simulation is 1ps
Compiling package std.standard
Compiling package std.textio
Compiling package ieee.std_logic_1164
Compiling architecture behavioral of entity xil_defaultlib.HA [ha_default]
Compiling architecture behavioral of entity xil_defaultlib.FA [fa_default]
Compiling architecture behavioral of entity xil_defaultlib.Adder_3_Bit [adder_3_bit_default]
Compiling architecture behavioral of entity xil_defaultlib.tb_adder_3_bit
Built simulation snapshot TB_Adder_3_Bit_behav
INFO: [USF-XSim-69] 'elaborate' step finished in '1' seconds
INFO: [USF-XSim-4] XSim::Simulate design
INFO: [USF-XSim-61] Executing 'SIMULATE' step in 'D:/Academic/02. Computer Organization and Digital Design/Lab Work/Nano_Processor/Nano_Processor.sim/sim_1/behav/xsim'
INFO: [USF-XSim-98] *** Running xsim
   with args "TB_Adder_3_Bit_behav -key {Behavioral:sim_1:Functional:TB_Adder_3_Bit} -tclbatch {TB_Adder_3_Bit.tcl} -log {simulate.log}"
INFO: [USF-XSim-8] Loading simulator feature
Vivado Simulator 2018.2
Time resolution is 1 ps
source TB_Adder_3_Bit.tcl
# set curr_wave [current_wave_config]
# if { [string length $curr_wave] == 0 } {
#   if { [llength [get_objects]] > 0} {
#     add_wave /
#     set_property needs_save false [current_wave_config]
#   } else {
#      send_msg_id Add_Wave-1 WARNING "No top level signals found. Simulator will start without a wave window. If you want to open a wave window go to 'File->New Waveform Configuration' or type 'create_wave_config' in the TCL console."
#   }
# }
# run 1000ns
INFO: [USF-XSim-96] XSim completed. Design snapshot 'TB_Adder_3_Bit_behav' loaded.
INFO: [USF-XSim-97] XSim simulation ran for 1000ns
close_sim
INFO: [Simtcl 6-16] Simulation closed
launch_simulation
INFO: [Vivado 12-5682] Launching behavioral simulation in 'D:/Academic/02. Computer Organization and Digital Design/Lab Work/Nano_Processor/Nano_Processor.sim/sim_1/behav/xsim'
INFO: [SIM-utils-51] Simulation object is 'sim_1'
INFO: [SIM-utils-54] Inspecting design source files for 'TB_Adder_3_Bit' in fileset 'sim_1'...
INFO: [USF-XSim-97] Finding global include files...
INFO: [USF-XSim-98] Fetching design files from 'sim_1'...
INFO: [USF-XSim-2] XSim::Compile design
INFO: [USF-XSim-61] Executing 'COMPILE and ANALYZE' step in 'D:/Academic/02. Computer Organization and Digital Design/Lab Work/Nano_Processor/Nano_Processor.sim/sim_1/behav/xsim'
"xvhdl --incr --relax -prj TB_Adder_3_Bit_vhdl.prj"
INFO: [VRFC 10-163] Analyzing VHDL file "D:/Academic/02. Computer Organization and Digital Design/Lab Work/Nano_Processor/Nano_Processor.srcs/sim_1/new/TB_Adder_3_Bit.vhd" into library xil_defaultlib
INFO: [VRFC 10-307] analyzing entity TB_Adder_3_Bit
INFO: [USF-XSim-69] 'compile' step finished in '1' seconds
INFO: [USF-XSim-3] XSim::Elaborate design
INFO: [USF-XSim-61] Executing 'ELABORATE' step in 'D:/Academic/02. Computer Organization and Digital Design/Lab Work/Nano_Processor/Nano_Processor.sim/sim_1/behav/xsim'
Vivado Simulator 2018.2
Copyright 1986-1999, 2001-2018 Xilinx, Inc. All Rights Reserved.
Running: D:/Vivado/Vivado/2018.2/bin/unwrapped/win64.o/xelab.exe -wto ebe3c610a3c34cc9a0b30435ad9bf93f --incr --debug typical --relax --mt 2 -L xil_defaultlib -L secureip --snapshot TB_Adder_3_Bit_behav xil_defaultlib.TB_Adder_3_Bit -log elaborate.log 
Using 2 slave threads.
Starting static elaboration
Completed static elaboration
Starting simulation data flow analysis
Completed simulation data flow analysis
Time Resolution for simulation is 1ps
Compiling package std.standard
Compiling package std.textio
Compiling package ieee.std_logic_1164
Compiling architecture behavioral of entity xil_defaultlib.HA [ha_default]
Compiling architecture behavioral of entity xil_defaultlib.FA [fa_default]
Compiling architecture behavioral of entity xil_defaultlib.Adder_3_Bit [adder_3_bit_default]
Compiling architecture behavioral of entity xil_defaultlib.tb_adder_3_bit
Built simulation snapshot TB_Adder_3_Bit_behav
INFO: [USF-XSim-69] 'elaborate' step finished in '2' seconds
INFO: [USF-XSim-4] XSim::Simulate design
INFO: [USF-XSim-61] Executing 'SIMULATE' step in 'D:/Academic/02. Computer Organization and Digital Design/Lab Work/Nano_Processor/Nano_Processor.sim/sim_1/behav/xsim'
INFO: [USF-XSim-98] *** Running xsim
   with args "TB_Adder_3_Bit_behav -key {Behavioral:sim_1:Functional:TB_Adder_3_Bit} -tclbatch {TB_Adder_3_Bit.tcl} -log {simulate.log}"
INFO: [USF-XSim-8] Loading simulator feature
Vivado Simulator 2018.2
Time resolution is 1 ps
source TB_Adder_3_Bit.tcl
# set curr_wave [current_wave_config]
# if { [string length $curr_wave] == 0 } {
#   if { [llength [get_objects]] > 0} {
#     add_wave /
#     set_property needs_save false [current_wave_config]
#   } else {
#      send_msg_id Add_Wave-1 WARNING "No top level signals found. Simulator will start without a wave window. If you want to open a wave window go to 'File->New Waveform Configuration' or type 'create_wave_config' in the TCL console."
#   }
# }
# run 1000ns
INFO: [USF-XSim-96] XSim completed. Design snapshot 'TB_Adder_3_Bit_behav' loaded.
INFO: [USF-XSim-97] XSim simulation ran for 1000ns
close_sim
INFO: [Simtcl 6-16] Simulation closed
launch_simulation
INFO: [Vivado 12-5682] Launching behavioral simulation in 'D:/Academic/02. Computer Organization and Digital Design/Lab Work/Nano_Processor/Nano_Processor.sim/sim_1/behav/xsim'
INFO: [SIM-utils-51] Simulation object is 'sim_1'
INFO: [SIM-utils-54] Inspecting design source files for 'TB_Adder_3_Bit' in fileset 'sim_1'...
INFO: [USF-XSim-97] Finding global include files...
INFO: [USF-XSim-98] Fetching design files from 'sim_1'...
INFO: [USF-XSim-2] XSim::Compile design
INFO: [USF-XSim-61] Executing 'COMPILE and ANALYZE' step in 'D:/Academic/02. Computer Organization and Digital Design/Lab Work/Nano_Processor/Nano_Processor.sim/sim_1/behav/xsim'
"xvhdl --incr --relax -prj TB_Adder_3_Bit_vhdl.prj"
INFO: [VRFC 10-163] Analyzing VHDL file "D:/Academic/02. Computer Organization and Digital Design/Lab Work/Nano_Processor/Nano_Processor.srcs/sim_1/new/TB_Adder_3_Bit.vhd" into library xil_defaultlib
INFO: [VRFC 10-307] analyzing entity TB_Adder_3_Bit
INFO: [USF-XSim-69] 'compile' step finished in '1' seconds
INFO: [USF-XSim-3] XSim::Elaborate design
INFO: [USF-XSim-61] Executing 'ELABORATE' step in 'D:/Academic/02. Computer Organization and Digital Design/Lab Work/Nano_Processor/Nano_Processor.sim/sim_1/behav/xsim'
Vivado Simulator 2018.2
Copyright 1986-1999, 2001-2018 Xilinx, Inc. All Rights Reserved.
Running: D:/Vivado/Vivado/2018.2/bin/unwrapped/win64.o/xelab.exe -wto ebe3c610a3c34cc9a0b30435ad9bf93f --incr --debug typical --relax --mt 2 -L xil_defaultlib -L secureip --snapshot TB_Adder_3_Bit_behav xil_defaultlib.TB_Adder_3_Bit -log elaborate.log 
Using 2 slave threads.
Starting static elaboration
Completed static elaboration
Starting simulation data flow analysis
Completed simulation data flow analysis
Time Resolution for simulation is 1ps
Compiling package std.standard
Compiling package std.textio
Compiling package ieee.std_logic_1164
Compiling architecture behavioral of entity xil_defaultlib.HA [ha_default]
Compiling architecture behavioral of entity xil_defaultlib.FA [fa_default]
Compiling architecture behavioral of entity xil_defaultlib.Adder_3_Bit [adder_3_bit_default]
Compiling architecture behavioral of entity xil_defaultlib.tb_adder_3_bit
Built simulation snapshot TB_Adder_3_Bit_behav
INFO: [USF-XSim-69] 'elaborate' step finished in '2' seconds
INFO: [USF-XSim-4] XSim::Simulate design
INFO: [USF-XSim-61] Executing 'SIMULATE' step in 'D:/Academic/02. Computer Organization and Digital Design/Lab Work/Nano_Processor/Nano_Processor.sim/sim_1/behav/xsim'
INFO: [USF-XSim-98] *** Running xsim
   with args "TB_Adder_3_Bit_behav -key {Behavioral:sim_1:Functional:TB_Adder_3_Bit} -tclbatch {TB_Adder_3_Bit.tcl} -log {simulate.log}"
INFO: [USF-XSim-8] Loading simulator feature
Vivado Simulator 2018.2
Time resolution is 1 ps
source TB_Adder_3_Bit.tcl
# set curr_wave [current_wave_config]
# if { [string length $curr_wave] == 0 } {
#   if { [llength [get_objects]] > 0} {
#     add_wave /
#     set_property needs_save false [current_wave_config]
#   } else {
#      send_msg_id Add_Wave-1 WARNING "No top level signals found. Simulator will start without a wave window. If you want to open a wave window go to 'File->New Waveform Configuration' or type 'create_wave_config' in the TCL console."
#   }
# }
# run 1000ns
INFO: [USF-XSim-96] XSim completed. Design snapshot 'TB_Adder_3_Bit_behav' loaded.
INFO: [USF-XSim-97] XSim simulation ran for 1000ns
launch_simulation: Time (s): cpu = 00:00:02 ; elapsed = 00:00:05 . Memory (MB): peak = 1930.840 ; gain = 1.797
close_sim
INFO: [Simtcl 6-16] Simulation closed
launch_simulation
INFO: [Vivado 12-5682] Launching behavioral simulation in 'D:/Academic/02. Computer Organization and Digital Design/Lab Work/Nano_Processor/Nano_Processor.sim/sim_1/behav/xsim'
INFO: [SIM-utils-51] Simulation object is 'sim_1'
INFO: [SIM-utils-54] Inspecting design source files for 'TB_Adder_3_Bit' in fileset 'sim_1'...
INFO: [USF-XSim-97] Finding global include files...
INFO: [USF-XSim-98] Fetching design files from 'sim_1'...
INFO: [USF-XSim-2] XSim::Compile design
INFO: [USF-XSim-61] Executing 'COMPILE and ANALYZE' step in 'D:/Academic/02. Computer Organization and Digital Design/Lab Work/Nano_Processor/Nano_Processor.sim/sim_1/behav/xsim'
"xvhdl --incr --relax -prj TB_Adder_3_Bit_vhdl.prj"
INFO: [VRFC 10-163] Analyzing VHDL file "D:/Academic/02. Computer Organization and Digital Design/Lab Work/Nano_Processor/Nano_Processor.srcs/sim_1/new/TB_Adder_3_Bit.vhd" into library xil_defaultlib
INFO: [VRFC 10-307] analyzing entity TB_Adder_3_Bit
INFO: [USF-XSim-69] 'compile' step finished in '2' seconds
INFO: [USF-XSim-3] XSim::Elaborate design
INFO: [USF-XSim-61] Executing 'ELABORATE' step in 'D:/Academic/02. Computer Organization and Digital Design/Lab Work/Nano_Processor/Nano_Processor.sim/sim_1/behav/xsim'
Vivado Simulator 2018.2
Copyright 1986-1999, 2001-2018 Xilinx, Inc. All Rights Reserved.
Running: D:/Vivado/Vivado/2018.2/bin/unwrapped/win64.o/xelab.exe -wto ebe3c610a3c34cc9a0b30435ad9bf93f --incr --debug typical --relax --mt 2 -L xil_defaultlib -L secureip --snapshot TB_Adder_3_Bit_behav xil_defaultlib.TB_Adder_3_Bit -log elaborate.log 
Using 2 slave threads.
Starting static elaboration
Completed static elaboration
Starting simulation data flow analysis
Completed simulation data flow analysis
Time Resolution for simulation is 1ps
Compiling package std.standard
Compiling package std.textio
Compiling package ieee.std_logic_1164
Compiling architecture behavioral of entity xil_defaultlib.HA [ha_default]
Compiling architecture behavioral of entity xil_defaultlib.FA [fa_default]
Compiling architecture behavioral of entity xil_defaultlib.Adder_3_Bit [adder_3_bit_default]
Compiling architecture behavioral of entity xil_defaultlib.tb_adder_3_bit
Built simulation snapshot TB_Adder_3_Bit_behav
INFO: [USF-XSim-69] 'elaborate' step finished in '1' seconds
INFO: [USF-XSim-4] XSim::Simulate design
INFO: [USF-XSim-61] Executing 'SIMULATE' step in 'D:/Academic/02. Computer Organization and Digital Design/Lab Work/Nano_Processor/Nano_Processor.sim/sim_1/behav/xsim'
INFO: [USF-XSim-98] *** Running xsim
   with args "TB_Adder_3_Bit_behav -key {Behavioral:sim_1:Functional:TB_Adder_3_Bit} -tclbatch {TB_Adder_3_Bit.tcl} -log {simulate.log}"
INFO: [USF-XSim-8] Loading simulator feature
Vivado Simulator 2018.2
Time resolution is 1 ps
source TB_Adder_3_Bit.tcl
# set curr_wave [current_wave_config]
# if { [string length $curr_wave] == 0 } {
#   if { [llength [get_objects]] > 0} {
#     add_wave /
#     set_property needs_save false [current_wave_config]
#   } else {
#      send_msg_id Add_Wave-1 WARNING "No top level signals found. Simulator will start without a wave window. If you want to open a wave window go to 'File->New Waveform Configuration' or type 'create_wave_config' in the TCL console."
#   }
# }
# run 1000ns
INFO: [USF-XSim-96] XSim completed. Design snapshot 'TB_Adder_3_Bit_behav' loaded.
INFO: [USF-XSim-97] XSim simulation ran for 1000ns
close_sim
INFO: [Simtcl 6-16] Simulation closed
launch_simulation
INFO: [Vivado 12-5682] Launching behavioral simulation in 'D:/Academic/02. Computer Organization and Digital Design/Lab Work/Nano_Processor/Nano_Processor.sim/sim_1/behav/xsim'
INFO: [SIM-utils-51] Simulation object is 'sim_1'
INFO: [SIM-utils-54] Inspecting design source files for 'TB_Adder_3_Bit' in fileset 'sim_1'...
INFO: [USF-XSim-97] Finding global include files...
INFO: [USF-XSim-98] Fetching design files from 'sim_1'...
INFO: [USF-XSim-2] XSim::Compile design
INFO: [USF-XSim-61] Executing 'COMPILE and ANALYZE' step in 'D:/Academic/02. Computer Organization and Digital Design/Lab Work/Nano_Processor/Nano_Processor.sim/sim_1/behav/xsim'
"xvhdl --incr --relax -prj TB_Adder_3_Bit_vhdl.prj"
INFO: [VRFC 10-163] Analyzing VHDL file "D:/Academic/02. Computer Organization and Digital Design/Lab Work/Nano_Processor/Nano_Processor.srcs/sim_1/new/TB_Adder_3_Bit.vhd" into library xil_defaultlib
INFO: [VRFC 10-307] analyzing entity TB_Adder_3_Bit
INFO: [USF-XSim-69] 'compile' step finished in '2' seconds
INFO: [USF-XSim-3] XSim::Elaborate design
INFO: [USF-XSim-61] Executing 'ELABORATE' step in 'D:/Academic/02. Computer Organization and Digital Design/Lab Work/Nano_Processor/Nano_Processor.sim/sim_1/behav/xsim'
Vivado Simulator 2018.2
Copyright 1986-1999, 2001-2018 Xilinx, Inc. All Rights Reserved.
Running: D:/Vivado/Vivado/2018.2/bin/unwrapped/win64.o/xelab.exe -wto ebe3c610a3c34cc9a0b30435ad9bf93f --incr --debug typical --relax --mt 2 -L xil_defaultlib -L secureip --snapshot TB_Adder_3_Bit_behav xil_defaultlib.TB_Adder_3_Bit -log elaborate.log 
Using 2 slave threads.
Starting static elaboration
Completed static elaboration
Starting simulation data flow analysis
Completed simulation data flow analysis
Time Resolution for simulation is 1ps
Compiling package std.standard
Compiling package std.textio
Compiling package ieee.std_logic_1164
Compiling architecture behavioral of entity xil_defaultlib.HA [ha_default]
Compiling architecture behavioral of entity xil_defaultlib.FA [fa_default]
Compiling architecture behavioral of entity xil_defaultlib.Adder_3_Bit [adder_3_bit_default]
Compiling architecture behavioral of entity xil_defaultlib.tb_adder_3_bit
Built simulation snapshot TB_Adder_3_Bit_behav
INFO: [USF-XSim-69] 'elaborate' step finished in '1' seconds
INFO: [USF-XSim-4] XSim::Simulate design
INFO: [USF-XSim-61] Executing 'SIMULATE' step in 'D:/Academic/02. Computer Organization and Digital Design/Lab Work/Nano_Processor/Nano_Processor.sim/sim_1/behav/xsim'
INFO: [USF-XSim-98] *** Running xsim
   with args "TB_Adder_3_Bit_behav -key {Behavioral:sim_1:Functional:TB_Adder_3_Bit} -tclbatch {TB_Adder_3_Bit.tcl} -log {simulate.log}"
INFO: [USF-XSim-8] Loading simulator feature
Vivado Simulator 2018.2
Time resolution is 1 ps
source TB_Adder_3_Bit.tcl
# set curr_wave [current_wave_config]
# if { [string length $curr_wave] == 0 } {
#   if { [llength [get_objects]] > 0} {
#     add_wave /
#     set_property needs_save false [current_wave_config]
#   } else {
#      send_msg_id Add_Wave-1 WARNING "No top level signals found. Simulator will start without a wave window. If you want to open a wave window go to 'File->New Waveform Configuration' or type 'create_wave_config' in the TCL console."
#   }
# }
# run 1000ns
INFO: [USF-XSim-96] XSim completed. Design snapshot 'TB_Adder_3_Bit_behav' loaded.
INFO: [USF-XSim-97] XSim simulation ran for 1000ns
launch_simulation: Time (s): cpu = 00:00:02 ; elapsed = 00:00:05 . Memory (MB): peak = 1936.449 ; gain = 0.000
close_sim
INFO: [Simtcl 6-16] Simulation closed
close_sim
INFO: [Simtcl 6-16] Simulation closed
exit
INFO: [Common 17-206] Exiting Vivado at Mon May 29 00:30:10 2023...
