#-----------------------------------------------------------
# Vivado v2018.2 (64-bit)
# SW Build 2258646 on Thu Jun 14 20:03:12 MDT 2018
# IP Build 2256618 on Thu Jun 14 22:10:49 MDT 2018
# Start of session at: Sun Jun 11 18:14:42 2023
# Process ID: 14220
# Current directory: D:/Academic/02. Computer Organization and Digital Design/Lab Work/Nano_Processor
# Command line: vivado.exe -gui_launcher_event rodinguilauncherevent8332 D:\Academic\02. Computer Organization and Digital Design\Lab Work\Nano_Processor\Nano_Processor.xpr
# Log file: D:/Academic/02. Computer Organization and Digital Design/Lab Work/Nano_Processor/vivado.log
# Journal file: D:/Academic/02. Computer Organization and Digital Design/Lab Work/Nano_Processor\vivado.jou
#-----------------------------------------------------------
start_gui
open_project {D:/Academic/02. Computer Organization and Digital Design/Lab Work/Nano_Processor/Nano_Processor.xpr}
Scanning sources...
Finished scanning sources
INFO: [IP_Flow 19-234] Refreshing IP repositories
INFO: [IP_Flow 19-1704] No user IP repositories specified
INFO: [IP_Flow 19-2313] Loaded Vivado IP repository 'D:/Vivado/Vivado/2018.2/data/ip'.
open_project: Time (s): cpu = 00:00:04 ; elapsed = 00:00:06 . Memory (MB): peak = 953.852 ; gain = 197.324
update_compile_order -fileset sources_1
export_ip_user_files -of_objects  [get_files {{D:/Academic/02. Computer Organization and Digital Design/Lab Work/Nano_Processor/TB_CPU_behav1.wcfg}}] -no_script -reset -force -quiet
remove_files  -fileset sim_1 {{D:/Academic/02. Computer Organization and Digital Design/Lab Work/Nano_Processor/TB_CPU_behav1.wcfg}}
launch_simulation
INFO: [Vivado 12-5682] Launching behavioral simulation in 'D:/Academic/02. Computer Organization and Digital Design/Lab Work/Nano_Processor/Nano_Processor.sim/sim_1/behav/xsim'
INFO: [SIM-utils-51] Simulation object is 'sim_1'
INFO: [SIM-utils-54] Inspecting design source files for 'TB_CPU' in fileset 'sim_1'...
INFO: [USF-XSim-97] Finding global include files...
INFO: [USF-XSim-98] Fetching design files from 'sim_1'...
INFO: [USF-XSim-2] XSim::Compile design
INFO: [USF-XSim-61] Executing 'COMPILE and ANALYZE' step in 'D:/Academic/02. Computer Organization and Digital Design/Lab Work/Nano_Processor/Nano_Processor.sim/sim_1/behav/xsim'
"xvhdl --incr --relax -prj TB_CPU_vhdl.prj"
INFO: [VRFC 10-163] Analyzing VHDL file "D:/Academic/02. Computer Organization and Digital Design/Lab Work/Nano_Processor/Nano_Processor.srcs/sources_1/new/LUT_7_12.vhd" into library xil_defaultlib
INFO: [VRFC 10-307] analyzing entity LUT_7_12
INFO: [USF-XSim-69] 'compile' step finished in '1' seconds
INFO: [USF-XSim-3] XSim::Elaborate design
INFO: [USF-XSim-61] Executing 'ELABORATE' step in 'D:/Academic/02. Computer Organization and Digital Design/Lab Work/Nano_Processor/Nano_Processor.sim/sim_1/behav/xsim'
Vivado Simulator 2018.2
Copyright 1986-1999, 2001-2018 Xilinx, Inc. All Rights Reserved.
Running: D:/Vivado/Vivado/2018.2/bin/unwrapped/win64.o/xelab.exe -wto ebe3c610a3c34cc9a0b30435ad9bf93f --incr --debug typical --relax --mt 2 -L xil_defaultlib -L secureip --snapshot TB_CPU_behav xil_defaultlib.TB_CPU -log elaborate.log 
Using 2 slave threads.
Starting static elaboration
Completed static elaboration
Starting simulation data flow analysis
Completed simulation data flow analysis
Time Resolution for simulation is 1ps
Compiling package std.standard
Compiling package std.textio
Compiling package ieee.std_logic_1164
Compiling package ieee.numeric_std
Compiling architecture behavioral of entity xil_defaultlib.Slow_Clk [slow_clk_default]
Compiling architecture behavioral of entity xil_defaultlib.Decoder_2_to_4 [decoder_2_to_4_default]
Compiling architecture behavioral of entity xil_defaultlib.Decoder_3_to_8 [decoder_3_to_8_default]
Compiling architecture behavioral of entity xil_defaultlib.Reg_4Bit [reg_4bit_default]
Compiling architecture behavioral of entity xil_defaultlib.Reg_Bank [reg_bank_default]
Compiling architecture behavioral of entity xil_defaultlib.Mux_8_to_1 [mux_8_to_1_default]
Compiling architecture behavioral of entity xil_defaultlib.Mux_8_1_4Bit [mux_8_1_4bit_default]
Compiling architecture behavioral of entity xil_defaultlib.HA [ha_default]
Compiling architecture behavioral of entity xil_defaultlib.FA [fa_default]
Compiling architecture behavioral of entity xil_defaultlib.RCA_4 [rca_4_default]
Compiling architecture behavioral of entity xil_defaultlib.Instruction_Decoder [instruction_decoder_default]
Compiling architecture behavioral of entity xil_defaultlib.MUX_2_1_4Bit [mux_2_1_4bit_default]
Compiling architecture behavioral of entity xil_defaultlib.Adder_3_Bit [adder_3_bit_default]
Compiling architecture behavioral of entity xil_defaultlib.MUX_2_1_3Bit [mux_2_1_3bit_default]
Compiling architecture behavioral of entity xil_defaultlib.Program_Counter_3Bit [program_counter_3bit_default]
Compiling architecture behavioral of entity xil_defaultlib.LUT_7_12 [lut_7_12_default]
Compiling architecture behavioral of entity xil_defaultlib.LUT_16_7 [lut_16_7_default]
Compiling architecture behavioral of entity xil_defaultlib.CPU [cpu_default]
Compiling architecture behavioral of entity xil_defaultlib.tb_cpu
Built simulation snapshot TB_CPU_behav

****** Webtalk v2018.2 (64-bit)
  **** SW Build 2258646 on Thu Jun 14 20:03:12 MDT 2018
  **** IP Build 2256618 on Thu Jun 14 22:10:49 MDT 2018
    ** Copyright 1986-2018 Xilinx, Inc. All Rights Reserved.

source D:/Academic/02. -notrace
invalid command name "%"
    while executing
"% Total    % Received % Xferd  Average Speed   Time    Time     Time  Current"
    (file "D:/Academic/02." line 1)
INFO: [Common 17-206] Exiting Webtalk at Sun Jun 11 19:03:35 2023...
INFO: [USF-XSim-69] 'elaborate' step finished in '4' seconds
INFO: [USF-XSim-4] XSim::Simulate design
INFO: [USF-XSim-61] Executing 'SIMULATE' step in 'D:/Academic/02. Computer Organization and Digital Design/Lab Work/Nano_Processor/Nano_Processor.sim/sim_1/behav/xsim'
INFO: [USF-XSim-98] *** Running xsim
   with args "TB_CPU_behav -key {Behavioral:sim_1:Functional:TB_CPU} -tclbatch {TB_CPU.tcl} -log {simulate.log}"
INFO: [USF-XSim-8] Loading simulator feature
Vivado Simulator 2018.2
Time resolution is 1 ps
source TB_CPU.tcl
# set curr_wave [current_wave_config]
# if { [string length $curr_wave] == 0 } {
#   if { [llength [get_objects]] > 0} {
#     add_wave /
#     set_property needs_save false [current_wave_config]
#   } else {
#      send_msg_id Add_Wave-1 WARNING "No top level signals found. Simulator will start without a wave window. If you want to open a wave window go to 'File->New Waveform Configuration' or type 'create_wave_config' in the TCL console."
#   }
# }
# run 1000ns
INFO: [USF-XSim-96] XSim completed. Design snapshot 'TB_CPU_behav' loaded.
INFO: [USF-XSim-97] XSim simulation ran for 1000ns
launch_simulation: Time (s): cpu = 00:00:01 ; elapsed = 00:00:09 . Memory (MB): peak = 994.234 ; gain = 3.098
current_wave_config {Untitled 1}
Untitled 1
add_wave {{/TB_CPU/UUT/RCA_4_0/A}} 
current_wave_config {Untitled 1}
Untitled 1
add_wave {{/TB_CPU/UUT/RCA_4_0/B}} 
current_wave_config {Untitled 1}
Untitled 1
add_wave {{/TB_CPU/UUT/RCA_4_0/C_in}} 
current_wave_config {Untitled 1}
Untitled 1
add_wave {{/TB_CPU/UUT/RCA_4_0/S}} 
current_wave_config {Untitled 1}
Untitled 1
add_wave {{/TB_CPU/UUT/RCA_4_0/C_out}} 
current_wave_config {Untitled 1}
Untitled 1
add_wave {{/TB_CPU/UUT/RCA_4_0/Zero}} 
current_wave_config {Untitled 1}
Untitled 1
add_wave {{/TB_CPU/UUT/RCA_4_0/Carry}} 
save_wave_config {D:/Academic/02. Computer Organization and Digital Design/Lab Work/Nano_Processor/TB_CPU_behav2.wcfg}
add_files -fileset sim_1 -norecurse {{D:/Academic/02. Computer Organization and Digital Design/Lab Work/Nano_Processor/TB_CPU_behav2.wcfg}}
set_property xsim.view {{D:/Academic/02. Computer Organization and Digital Design/Lab Work/Nano_Processor/TB_CPU_behav.wcfg} {D:/Academic/02. Computer Organization and Digital Design/Lab Work/Nano_Processor/TB_CPU_behav1.wcfg} {D:/Academic/02. Computer Organization and Digital Design/Lab Work/Nano_Processor/TB_CPU_behav2.wcfg}} [get_filesets sim_1]
close_sim
INFO: [Simtcl 6-16] Simulation closed
launch_simulation
INFO: [Vivado 12-5682] Launching behavioral simulation in 'D:/Academic/02. Computer Organization and Digital Design/Lab Work/Nano_Processor/Nano_Processor.sim/sim_1/behav/xsim'
INFO: [SIM-utils-51] Simulation object is 'sim_1'
INFO: [SIM-utils-54] Inspecting design source files for 'TB_CPU' in fileset 'sim_1'...
INFO: [USF-XSim-97] Finding global include files...
INFO: [USF-XSim-98] Fetching design files from 'sim_1'...
INFO: [USF-XSim-2] XSim::Compile design
INFO: [USF-XSim-61] Executing 'COMPILE and ANALYZE' step in 'D:/Academic/02. Computer Organization and Digital Design/Lab Work/Nano_Processor/Nano_Processor.sim/sim_1/behav/xsim'
"xvhdl --incr --relax -prj TB_CPU_vhdl.prj"
INFO: [USF-XSim-69] 'compile' step finished in '1' seconds
INFO: [USF-XSim-3] XSim::Elaborate design
INFO: [USF-XSim-61] Executing 'ELABORATE' step in 'D:/Academic/02. Computer Organization and Digital Design/Lab Work/Nano_Processor/Nano_Processor.sim/sim_1/behav/xsim'
Vivado Simulator 2018.2
Copyright 1986-1999, 2001-2018 Xilinx, Inc. All Rights Reserved.
Running: D:/Vivado/Vivado/2018.2/bin/unwrapped/win64.o/xelab.exe -wto ebe3c610a3c34cc9a0b30435ad9bf93f --incr --debug typical --relax --mt 2 -L xil_defaultlib -L secureip --snapshot TB_CPU_behav xil_defaultlib.TB_CPU -log elaborate.log 
Using 2 slave threads.
Starting static elaboration
Completed static elaboration
INFO: [XSIM 43-4323] No Change in HDL. Linking previously generated obj files to create kernel
INFO: [USF-XSim-69] 'elaborate' step finished in '1' seconds
INFO: [USF-XSim-4] XSim::Simulate design
INFO: [USF-XSim-61] Executing 'SIMULATE' step in 'D:/Academic/02. Computer Organization and Digital Design/Lab Work/Nano_Processor/Nano_Processor.sim/sim_1/behav/xsim'
INFO: [USF-XSim-98] *** Running xsim
   with args "TB_CPU_behav -key {Behavioral:sim_1:Functional:TB_CPU} -tclbatch {TB_CPU.tcl} -view {{D:/Academic/02. Computer Organization and Digital Design/Lab Work/Nano_Processor/TB_CPU_behav2.wcfg}} -log {simulate.log}"
INFO: [USF-XSim-8] Loading simulator feature
Vivado Simulator 2018.2
Time resolution is 1 ps
open_wave_config {D:/Academic/02. Computer Organization and Digital Design/Lab Work/Nano_Processor/TB_CPU_behav2.wcfg}
source TB_CPU.tcl
# set curr_wave [current_wave_config]
# if { [string length $curr_wave] == 0 } {
#   if { [llength [get_objects]] > 0} {
#     add_wave /
#     set_property needs_save false [current_wave_config]
#   } else {
#      send_msg_id Add_Wave-1 WARNING "No top level signals found. Simulator will start without a wave window. If you want to open a wave window go to 'File->New Waveform Configuration' or type 'create_wave_config' in the TCL console."
#   }
# }
# run 1000ns
INFO: [USF-XSim-96] XSim completed. Design snapshot 'TB_CPU_behav' loaded.
INFO: [USF-XSim-97] XSim simulation ran for 1000ns
close_sim
INFO: [Simtcl 6-16] Simulation closed
launch_simulation
INFO: [Vivado 12-5682] Launching behavioral simulation in 'D:/Academic/02. Computer Organization and Digital Design/Lab Work/Nano_Processor/Nano_Processor.sim/sim_1/behav/xsim'
INFO: [SIM-utils-51] Simulation object is 'sim_1'
INFO: [SIM-utils-54] Inspecting design source files for 'TB_CPU' in fileset 'sim_1'...
INFO: [USF-XSim-97] Finding global include files...
INFO: [USF-XSim-98] Fetching design files from 'sim_1'...
INFO: [USF-XSim-2] XSim::Compile design
INFO: [USF-XSim-61] Executing 'COMPILE and ANALYZE' step in 'D:/Academic/02. Computer Organization and Digital Design/Lab Work/Nano_Processor/Nano_Processor.sim/sim_1/behav/xsim'
"xvhdl --incr --relax -prj TB_CPU_vhdl.prj"
INFO: [USF-XSim-69] 'compile' step finished in '1' seconds
INFO: [USF-XSim-3] XSim::Elaborate design
INFO: [USF-XSim-61] Executing 'ELABORATE' step in 'D:/Academic/02. Computer Organization and Digital Design/Lab Work/Nano_Processor/Nano_Processor.sim/sim_1/behav/xsim'
Vivado Simulator 2018.2
Copyright 1986-1999, 2001-2018 Xilinx, Inc. All Rights Reserved.
Running: D:/Vivado/Vivado/2018.2/bin/unwrapped/win64.o/xelab.exe -wto ebe3c610a3c34cc9a0b30435ad9bf93f --incr --debug typical --relax --mt 2 -L xil_defaultlib -L secureip --snapshot TB_CPU_behav xil_defaultlib.TB_CPU -log elaborate.log 
Using 2 slave threads.
Starting static elaboration
Completed static elaboration
INFO: [XSIM 43-4323] No Change in HDL. Linking previously generated obj files to create kernel
INFO: [USF-XSim-69] 'elaborate' step finished in '1' seconds
INFO: [USF-XSim-4] XSim::Simulate design
INFO: [USF-XSim-61] Executing 'SIMULATE' step in 'D:/Academic/02. Computer Organization and Digital Design/Lab Work/Nano_Processor/Nano_Processor.sim/sim_1/behav/xsim'
INFO: [USF-XSim-98] *** Running xsim
   with args "TB_CPU_behav -key {Behavioral:sim_1:Functional:TB_CPU} -tclbatch {TB_CPU.tcl} -view {{D:/Academic/02. Computer Organization and Digital Design/Lab Work/Nano_Processor/TB_CPU_behav2.wcfg}} -log {simulate.log}"
INFO: [USF-XSim-8] Loading simulator feature
Vivado Simulator 2018.2
Time resolution is 1 ps
open_wave_config {D:/Academic/02. Computer Organization and Digital Design/Lab Work/Nano_Processor/TB_CPU_behav2.wcfg}
source TB_CPU.tcl
# set curr_wave [current_wave_config]
# if { [string length $curr_wave] == 0 } {
#   if { [llength [get_objects]] > 0} {
#     add_wave /
#     set_property needs_save false [current_wave_config]
#   } else {
#      send_msg_id Add_Wave-1 WARNING "No top level signals found. Simulator will start without a wave window. If you want to open a wave window go to 'File->New Waveform Configuration' or type 'create_wave_config' in the TCL console."
#   }
# }
# run 1000ns
INFO: [USF-XSim-96] XSim completed. Design snapshot 'TB_CPU_behav' loaded.
INFO: [USF-XSim-97] XSim simulation ran for 1000ns
close_sim
INFO: [Simtcl 6-16] Simulation closed
launch_simulation
INFO: [Vivado 12-5682] Launching behavioral simulation in 'D:/Academic/02. Computer Organization and Digital Design/Lab Work/Nano_Processor/Nano_Processor.sim/sim_1/behav/xsim'
INFO: [SIM-utils-51] Simulation object is 'sim_1'
INFO: [SIM-utils-54] Inspecting design source files for 'TB_CPU' in fileset 'sim_1'...
INFO: [USF-XSim-97] Finding global include files...
INFO: [USF-XSim-98] Fetching design files from 'sim_1'...
INFO: [USF-XSim-2] XSim::Compile design
INFO: [USF-XSim-61] Executing 'COMPILE and ANALYZE' step in 'D:/Academic/02. Computer Organization and Digital Design/Lab Work/Nano_Processor/Nano_Processor.sim/sim_1/behav/xsim'
"xvhdl --incr --relax -prj TB_CPU_vhdl.prj"
INFO: [VRFC 10-163] Analyzing VHDL file "D:/Academic/02. Computer Organization and Digital Design/Lab Work/Nano_Processor/Nano_Processor.srcs/sim_1/new/TB_CPU.vhd" into library xil_defaultlib
INFO: [VRFC 10-307] analyzing entity TB_CPU
INFO: [USF-XSim-69] 'compile' step finished in '1' seconds
INFO: [USF-XSim-3] XSim::Elaborate design
INFO: [USF-XSim-61] Executing 'ELABORATE' step in 'D:/Academic/02. Computer Organization and Digital Design/Lab Work/Nano_Processor/Nano_Processor.sim/sim_1/behav/xsim'
Vivado Simulator 2018.2
Copyright 1986-1999, 2001-2018 Xilinx, Inc. All Rights Reserved.
Running: D:/Vivado/Vivado/2018.2/bin/unwrapped/win64.o/xelab.exe -wto ebe3c610a3c34cc9a0b30435ad9bf93f --incr --debug typical --relax --mt 2 -L xil_defaultlib -L secureip --snapshot TB_CPU_behav xil_defaultlib.TB_CPU -log elaborate.log 
Using 2 slave threads.
Starting static elaboration
Completed static elaboration
Starting simulation data flow analysis
Completed simulation data flow analysis
Time Resolution for simulation is 1ps
Compiling package std.standard
Compiling package std.textio
Compiling package ieee.std_logic_1164
Compiling package ieee.numeric_std
Compiling architecture behavioral of entity xil_defaultlib.Slow_Clk [slow_clk_default]
Compiling architecture behavioral of entity xil_defaultlib.Decoder_2_to_4 [decoder_2_to_4_default]
Compiling architecture behavioral of entity xil_defaultlib.Decoder_3_to_8 [decoder_3_to_8_default]
Compiling architecture behavioral of entity xil_defaultlib.Reg_4Bit [reg_4bit_default]
Compiling architecture behavioral of entity xil_defaultlib.Reg_Bank [reg_bank_default]
Compiling architecture behavioral of entity xil_defaultlib.Mux_8_to_1 [mux_8_to_1_default]
Compiling architecture behavioral of entity xil_defaultlib.Mux_8_1_4Bit [mux_8_1_4bit_default]
Compiling architecture behavioral of entity xil_defaultlib.HA [ha_default]
Compiling architecture behavioral of entity xil_defaultlib.FA [fa_default]
Compiling architecture behavioral of entity xil_defaultlib.RCA_4 [rca_4_default]
Compiling architecture behavioral of entity xil_defaultlib.Instruction_Decoder [instruction_decoder_default]
Compiling architecture behavioral of entity xil_defaultlib.MUX_2_1_4Bit [mux_2_1_4bit_default]
Compiling architecture behavioral of entity xil_defaultlib.Adder_3_Bit [adder_3_bit_default]
Compiling architecture behavioral of entity xil_defaultlib.MUX_2_1_3Bit [mux_2_1_3bit_default]
Compiling architecture behavioral of entity xil_defaultlib.Program_Counter_3Bit [program_counter_3bit_default]
Compiling architecture behavioral of entity xil_defaultlib.LUT_7_12 [lut_7_12_default]
Compiling architecture behavioral of entity xil_defaultlib.LUT_16_7 [lut_16_7_default]
Compiling architecture behavioral of entity xil_defaultlib.CPU [cpu_default]
Compiling architecture behavioral of entity xil_defaultlib.tb_cpu
Built simulation snapshot TB_CPU_behav
INFO: [USF-XSim-69] 'elaborate' step finished in '1' seconds
INFO: [USF-XSim-4] XSim::Simulate design
INFO: [USF-XSim-61] Executing 'SIMULATE' step in 'D:/Academic/02. Computer Organization and Digital Design/Lab Work/Nano_Processor/Nano_Processor.sim/sim_1/behav/xsim'
INFO: [USF-XSim-98] *** Running xsim
   with args "TB_CPU_behav -key {Behavioral:sim_1:Functional:TB_CPU} -tclbatch {TB_CPU.tcl} -view {{D:/Academic/02. Computer Organization and Digital Design/Lab Work/Nano_Processor/TB_CPU_behav2.wcfg}} -log {simulate.log}"
INFO: [USF-XSim-8] Loading simulator feature
Vivado Simulator 2018.2
Time resolution is 1 ps
open_wave_config {D:/Academic/02. Computer Organization and Digital Design/Lab Work/Nano_Processor/TB_CPU_behav2.wcfg}
source TB_CPU.tcl
# set curr_wave [current_wave_config]
# if { [string length $curr_wave] == 0 } {
#   if { [llength [get_objects]] > 0} {
#     add_wave /
#     set_property needs_save false [current_wave_config]
#   } else {
#      send_msg_id Add_Wave-1 WARNING "No top level signals found. Simulator will start without a wave window. If you want to open a wave window go to 'File->New Waveform Configuration' or type 'create_wave_config' in the TCL console."
#   }
# }
# run 1000ns
INFO: [USF-XSim-96] XSim completed. Design snapshot 'TB_CPU_behav' loaded.
INFO: [USF-XSim-97] XSim simulation ran for 1000ns
current_wave_config {TB_CPU_behav2.wcfg}
TB_CPU_behav2.wcfg
add_wave {{/TB_CPU/UUT/Adder_3_Bit_0}} 
save_wave_config {D:/Academic/02. Computer Organization and Digital Design/Lab Work/Nano_Processor/TB_CPU_behav2.wcfg}
close_sim
INFO: [Simtcl 6-16] Simulation closed
launch_simulation
INFO: [Vivado 12-5682] Launching behavioral simulation in 'D:/Academic/02. Computer Organization and Digital Design/Lab Work/Nano_Processor/Nano_Processor.sim/sim_1/behav/xsim'
INFO: [SIM-utils-51] Simulation object is 'sim_1'
INFO: [SIM-utils-54] Inspecting design source files for 'TB_CPU' in fileset 'sim_1'...
INFO: [USF-XSim-97] Finding global include files...
INFO: [USF-XSim-98] Fetching design files from 'sim_1'...
INFO: [USF-XSim-2] XSim::Compile design
INFO: [USF-XSim-61] Executing 'COMPILE and ANALYZE' step in 'D:/Academic/02. Computer Organization and Digital Design/Lab Work/Nano_Processor/Nano_Processor.sim/sim_1/behav/xsim'
"xvhdl --incr --relax -prj TB_CPU_vhdl.prj"
INFO: [USF-XSim-69] 'compile' step finished in '1' seconds
INFO: [USF-XSim-3] XSim::Elaborate design
INFO: [USF-XSim-61] Executing 'ELABORATE' step in 'D:/Academic/02. Computer Organization and Digital Design/Lab Work/Nano_Processor/Nano_Processor.sim/sim_1/behav/xsim'
Vivado Simulator 2018.2
Copyright 1986-1999, 2001-2018 Xilinx, Inc. All Rights Reserved.
Running: D:/Vivado/Vivado/2018.2/bin/unwrapped/win64.o/xelab.exe -wto ebe3c610a3c34cc9a0b30435ad9bf93f --incr --debug typical --relax --mt 2 -L xil_defaultlib -L secureip --snapshot TB_CPU_behav xil_defaultlib.TB_CPU -log elaborate.log 
Using 2 slave threads.
Starting static elaboration
Completed static elaboration
INFO: [XSIM 43-4323] No Change in HDL. Linking previously generated obj files to create kernel
INFO: [USF-XSim-69] 'elaborate' step finished in '1' seconds
INFO: [USF-XSim-4] XSim::Simulate design
INFO: [USF-XSim-61] Executing 'SIMULATE' step in 'D:/Academic/02. Computer Organization and Digital Design/Lab Work/Nano_Processor/Nano_Processor.sim/sim_1/behav/xsim'
INFO: [USF-XSim-98] *** Running xsim
   with args "TB_CPU_behav -key {Behavioral:sim_1:Functional:TB_CPU} -tclbatch {TB_CPU.tcl} -view {{D:/Academic/02. Computer Organization and Digital Design/Lab Work/Nano_Processor/TB_CPU_behav2.wcfg}} -log {simulate.log}"
INFO: [USF-XSim-8] Loading simulator feature
Vivado Simulator 2018.2
Time resolution is 1 ps
open_wave_config {D:/Academic/02. Computer Organization and Digital Design/Lab Work/Nano_Processor/TB_CPU_behav2.wcfg}
source TB_CPU.tcl
# set curr_wave [current_wave_config]
# if { [string length $curr_wave] == 0 } {
#   if { [llength [get_objects]] > 0} {
#     add_wave /
#     set_property needs_save false [current_wave_config]
#   } else {
#      send_msg_id Add_Wave-1 WARNING "No top level signals found. Simulator will start without a wave window. If you want to open a wave window go to 'File->New Waveform Configuration' or type 'create_wave_config' in the TCL console."
#   }
# }
# run 1000ns
INFO: [USF-XSim-96] XSim completed. Design snapshot 'TB_CPU_behav' loaded.
INFO: [USF-XSim-97] XSim simulation ran for 1000ns
current_wave_config {TB_CPU_behav2.wcfg}
TB_CPU_behav2.wcfg
add_wave {{/TB_CPU/UUT/Program_Counter_3Bit_0}} 
save_wave_config {D:/Academic/02. Computer Organization and Digital Design/Lab Work/Nano_Processor/TB_CPU_behav2.wcfg}
close_sim
INFO: [Simtcl 6-16] Simulation closed
launch_simulation
INFO: [Vivado 12-5682] Launching behavioral simulation in 'D:/Academic/02. Computer Organization and Digital Design/Lab Work/Nano_Processor/Nano_Processor.sim/sim_1/behav/xsim'
INFO: [SIM-utils-51] Simulation object is 'sim_1'
INFO: [SIM-utils-54] Inspecting design source files for 'TB_CPU' in fileset 'sim_1'...
INFO: [USF-XSim-97] Finding global include files...
INFO: [USF-XSim-98] Fetching design files from 'sim_1'...
INFO: [USF-XSim-2] XSim::Compile design
INFO: [USF-XSim-61] Executing 'COMPILE and ANALYZE' step in 'D:/Academic/02. Computer Organization and Digital Design/Lab Work/Nano_Processor/Nano_Processor.sim/sim_1/behav/xsim'
"xvhdl --incr --relax -prj TB_CPU_vhdl.prj"
INFO: [USF-XSim-69] 'compile' step finished in '1' seconds
INFO: [USF-XSim-3] XSim::Elaborate design
INFO: [USF-XSim-61] Executing 'ELABORATE' step in 'D:/Academic/02. Computer Organization and Digital Design/Lab Work/Nano_Processor/Nano_Processor.sim/sim_1/behav/xsim'
Vivado Simulator 2018.2
Copyright 1986-1999, 2001-2018 Xilinx, Inc. All Rights Reserved.
Running: D:/Vivado/Vivado/2018.2/bin/unwrapped/win64.o/xelab.exe -wto ebe3c610a3c34cc9a0b30435ad9bf93f --incr --debug typical --relax --mt 2 -L xil_defaultlib -L secureip --snapshot TB_CPU_behav xil_defaultlib.TB_CPU -log elaborate.log 
Using 2 slave threads.
Starting static elaboration
Completed static elaboration
INFO: [XSIM 43-4323] No Change in HDL. Linking previously generated obj files to create kernel
INFO: [USF-XSim-69] 'elaborate' step finished in '1' seconds
INFO: [USF-XSim-4] XSim::Simulate design
INFO: [USF-XSim-61] Executing 'SIMULATE' step in 'D:/Academic/02. Computer Organization and Digital Design/Lab Work/Nano_Processor/Nano_Processor.sim/sim_1/behav/xsim'
INFO: [USF-XSim-98] *** Running xsim
   with args "TB_CPU_behav -key {Behavioral:sim_1:Functional:TB_CPU} -tclbatch {TB_CPU.tcl} -view {{D:/Academic/02. Computer Organization and Digital Design/Lab Work/Nano_Processor/TB_CPU_behav2.wcfg}} -log {simulate.log}"
INFO: [USF-XSim-8] Loading simulator feature
Vivado Simulator 2018.2
Time resolution is 1 ps
open_wave_config {D:/Academic/02. Computer Organization and Digital Design/Lab Work/Nano_Processor/TB_CPU_behav2.wcfg}
source TB_CPU.tcl
# set curr_wave [current_wave_config]
# if { [string length $curr_wave] == 0 } {
#   if { [llength [get_objects]] > 0} {
#     add_wave /
#     set_property needs_save false [current_wave_config]
#   } else {
#      send_msg_id Add_Wave-1 WARNING "No top level signals found. Simulator will start without a wave window. If you want to open a wave window go to 'File->New Waveform Configuration' or type 'create_wave_config' in the TCL console."
#   }
# }
# run 1000ns
INFO: [USF-XSim-96] XSim completed. Design snapshot 'TB_CPU_behav' loaded.
INFO: [USF-XSim-97] XSim simulation ran for 1000ns
current_wave_config {TB_CPU_behav2.wcfg}
TB_CPU_behav2.wcfg
add_wave {{/TB_CPU/UUT/Mux_2_1_3Bit_0}} 
save_wave_config {D:/Academic/02. Computer Organization and Digital Design/Lab Work/Nano_Processor/TB_CPU_behav2.wcfg}
close_sim
INFO: [Simtcl 6-16] Simulation closed
launch_simulation
INFO: [Vivado 12-5682] Launching behavioral simulation in 'D:/Academic/02. Computer Organization and Digital Design/Lab Work/Nano_Processor/Nano_Processor.sim/sim_1/behav/xsim'
INFO: [SIM-utils-51] Simulation object is 'sim_1'
INFO: [SIM-utils-54] Inspecting design source files for 'TB_CPU' in fileset 'sim_1'...
INFO: [USF-XSim-97] Finding global include files...
INFO: [USF-XSim-98] Fetching design files from 'sim_1'...
INFO: [USF-XSim-2] XSim::Compile design
INFO: [USF-XSim-61] Executing 'COMPILE and ANALYZE' step in 'D:/Academic/02. Computer Organization and Digital Design/Lab Work/Nano_Processor/Nano_Processor.sim/sim_1/behav/xsim'
"xvhdl --incr --relax -prj TB_CPU_vhdl.prj"
INFO: [USF-XSim-69] 'compile' step finished in '1' seconds
INFO: [USF-XSim-3] XSim::Elaborate design
INFO: [USF-XSim-61] Executing 'ELABORATE' step in 'D:/Academic/02. Computer Organization and Digital Design/Lab Work/Nano_Processor/Nano_Processor.sim/sim_1/behav/xsim'
Vivado Simulator 2018.2
Copyright 1986-1999, 2001-2018 Xilinx, Inc. All Rights Reserved.
Running: D:/Vivado/Vivado/2018.2/bin/unwrapped/win64.o/xelab.exe -wto ebe3c610a3c34cc9a0b30435ad9bf93f --incr --debug typical --relax --mt 2 -L xil_defaultlib -L secureip --snapshot TB_CPU_behav xil_defaultlib.TB_CPU -log elaborate.log 
Using 2 slave threads.
Starting static elaboration
Completed static elaboration
INFO: [XSIM 43-4323] No Change in HDL. Linking previously generated obj files to create kernel
INFO: [USF-XSim-69] 'elaborate' step finished in '1' seconds
INFO: [USF-XSim-4] XSim::Simulate design
INFO: [USF-XSim-61] Executing 'SIMULATE' step in 'D:/Academic/02. Computer Organization and Digital Design/Lab Work/Nano_Processor/Nano_Processor.sim/sim_1/behav/xsim'
INFO: [USF-XSim-98] *** Running xsim
   with args "TB_CPU_behav -key {Behavioral:sim_1:Functional:TB_CPU} -tclbatch {TB_CPU.tcl} -view {{D:/Academic/02. Computer Organization and Digital Design/Lab Work/Nano_Processor/TB_CPU_behav2.wcfg}} -log {simulate.log}"
INFO: [USF-XSim-8] Loading simulator feature
Vivado Simulator 2018.2
Time resolution is 1 ps
open_wave_config {D:/Academic/02. Computer Organization and Digital Design/Lab Work/Nano_Processor/TB_CPU_behav2.wcfg}
source TB_CPU.tcl
# set curr_wave [current_wave_config]
# if { [string length $curr_wave] == 0 } {
#   if { [llength [get_objects]] > 0} {
#     add_wave /
#     set_property needs_save false [current_wave_config]
#   } else {
#      send_msg_id Add_Wave-1 WARNING "No top level signals found. Simulator will start without a wave window. If you want to open a wave window go to 'File->New Waveform Configuration' or type 'create_wave_config' in the TCL console."
#   }
# }
# run 1000ns
INFO: [USF-XSim-96] XSim completed. Design snapshot 'TB_CPU_behav' loaded.
INFO: [USF-XSim-97] XSim simulation ran for 1000ns
current_wave_config {TB_CPU_behav2.wcfg}
TB_CPU_behav2.wcfg
add_wave {{/TB_CPU/UUT/Mux_2_1_4Bit_0}} 
save_wave_config {D:/Academic/02. Computer Organization and Digital Design/Lab Work/Nano_Processor/TB_CPU_behav2.wcfg}
close_sim
INFO: [Simtcl 6-16] Simulation closed
launch_simulation
INFO: [Vivado 12-5682] Launching behavioral simulation in 'D:/Academic/02. Computer Organization and Digital Design/Lab Work/Nano_Processor/Nano_Processor.sim/sim_1/behav/xsim'
INFO: [SIM-utils-51] Simulation object is 'sim_1'
INFO: [SIM-utils-54] Inspecting design source files for 'TB_CPU' in fileset 'sim_1'...
INFO: [USF-XSim-97] Finding global include files...
INFO: [USF-XSim-98] Fetching design files from 'sim_1'...
INFO: [USF-XSim-2] XSim::Compile design
INFO: [USF-XSim-61] Executing 'COMPILE and ANALYZE' step in 'D:/Academic/02. Computer Organization and Digital Design/Lab Work/Nano_Processor/Nano_Processor.sim/sim_1/behav/xsim'
"xvhdl --incr --relax -prj TB_CPU_vhdl.prj"
INFO: [USF-XSim-69] 'compile' step finished in '1' seconds
INFO: [USF-XSim-3] XSim::Elaborate design
INFO: [USF-XSim-61] Executing 'ELABORATE' step in 'D:/Academic/02. Computer Organization and Digital Design/Lab Work/Nano_Processor/Nano_Processor.sim/sim_1/behav/xsim'
Vivado Simulator 2018.2
Copyright 1986-1999, 2001-2018 Xilinx, Inc. All Rights Reserved.
Running: D:/Vivado/Vivado/2018.2/bin/unwrapped/win64.o/xelab.exe -wto ebe3c610a3c34cc9a0b30435ad9bf93f --incr --debug typical --relax --mt 2 -L xil_defaultlib -L secureip --snapshot TB_CPU_behav xil_defaultlib.TB_CPU -log elaborate.log 
Using 2 slave threads.
Starting static elaboration
Completed static elaboration
INFO: [XSIM 43-4323] No Change in HDL. Linking previously generated obj files to create kernel
INFO: [USF-XSim-69] 'elaborate' step finished in '1' seconds
INFO: [USF-XSim-4] XSim::Simulate design
INFO: [USF-XSim-61] Executing 'SIMULATE' step in 'D:/Academic/02. Computer Organization and Digital Design/Lab Work/Nano_Processor/Nano_Processor.sim/sim_1/behav/xsim'
INFO: [USF-XSim-98] *** Running xsim
   with args "TB_CPU_behav -key {Behavioral:sim_1:Functional:TB_CPU} -tclbatch {TB_CPU.tcl} -view {{D:/Academic/02. Computer Organization and Digital Design/Lab Work/Nano_Processor/TB_CPU_behav2.wcfg}} -log {simulate.log}"
INFO: [USF-XSim-8] Loading simulator feature
Vivado Simulator 2018.2
Time resolution is 1 ps
open_wave_config {D:/Academic/02. Computer Organization and Digital Design/Lab Work/Nano_Processor/TB_CPU_behav2.wcfg}
source TB_CPU.tcl
# set curr_wave [current_wave_config]
# if { [string length $curr_wave] == 0 } {
#   if { [llength [get_objects]] > 0} {
#     add_wave /
#     set_property needs_save false [current_wave_config]
#   } else {
#      send_msg_id Add_Wave-1 WARNING "No top level signals found. Simulator will start without a wave window. If you want to open a wave window go to 'File->New Waveform Configuration' or type 'create_wave_config' in the TCL console."
#   }
# }
# run 1000ns
INFO: [USF-XSim-96] XSim completed. Design snapshot 'TB_CPU_behav' loaded.
INFO: [USF-XSim-97] XSim simulation ran for 1000ns
current_wave_config {TB_CPU_behav2.wcfg}
TB_CPU_behav2.wcfg
add_wave {{/TB_CPU/UUT/Mux_8_1_4Bit_0}} 
save_wave_config {D:/Academic/02. Computer Organization and Digital Design/Lab Work/Nano_Processor/TB_CPU_behav2.wcfg}
close_sim
INFO: [Simtcl 6-16] Simulation closed
launch_simulation
INFO: [Vivado 12-5682] Launching behavioral simulation in 'D:/Academic/02. Computer Organization and Digital Design/Lab Work/Nano_Processor/Nano_Processor.sim/sim_1/behav/xsim'
INFO: [SIM-utils-51] Simulation object is 'sim_1'
INFO: [SIM-utils-54] Inspecting design source files for 'TB_CPU' in fileset 'sim_1'...
INFO: [USF-XSim-97] Finding global include files...
INFO: [USF-XSim-98] Fetching design files from 'sim_1'...
INFO: [USF-XSim-2] XSim::Compile design
INFO: [USF-XSim-61] Executing 'COMPILE and ANALYZE' step in 'D:/Academic/02. Computer Organization and Digital Design/Lab Work/Nano_Processor/Nano_Processor.sim/sim_1/behav/xsim'
"xvhdl --incr --relax -prj TB_CPU_vhdl.prj"
INFO: [USF-XSim-69] 'compile' step finished in '1' seconds
INFO: [USF-XSim-3] XSim::Elaborate design
INFO: [USF-XSim-61] Executing 'ELABORATE' step in 'D:/Academic/02. Computer Organization and Digital Design/Lab Work/Nano_Processor/Nano_Processor.sim/sim_1/behav/xsim'
Vivado Simulator 2018.2
Copyright 1986-1999, 2001-2018 Xilinx, Inc. All Rights Reserved.
Running: D:/Vivado/Vivado/2018.2/bin/unwrapped/win64.o/xelab.exe -wto ebe3c610a3c34cc9a0b30435ad9bf93f --incr --debug typical --relax --mt 2 -L xil_defaultlib -L secureip --snapshot TB_CPU_behav xil_defaultlib.TB_CPU -log elaborate.log 
Using 2 slave threads.
Starting static elaboration
Completed static elaboration
INFO: [XSIM 43-4323] No Change in HDL. Linking previously generated obj files to create kernel
INFO: [USF-XSim-69] 'elaborate' step finished in '1' seconds
INFO: [USF-XSim-4] XSim::Simulate design
INFO: [USF-XSim-61] Executing 'SIMULATE' step in 'D:/Academic/02. Computer Organization and Digital Design/Lab Work/Nano_Processor/Nano_Processor.sim/sim_1/behav/xsim'
INFO: [USF-XSim-98] *** Running xsim
   with args "TB_CPU_behav -key {Behavioral:sim_1:Functional:TB_CPU} -tclbatch {TB_CPU.tcl} -view {{D:/Academic/02. Computer Organization and Digital Design/Lab Work/Nano_Processor/TB_CPU_behav2.wcfg}} -log {simulate.log}"
INFO: [USF-XSim-8] Loading simulator feature
Vivado Simulator 2018.2
Time resolution is 1 ps
open_wave_config {D:/Academic/02. Computer Organization and Digital Design/Lab Work/Nano_Processor/TB_CPU_behav2.wcfg}
source TB_CPU.tcl
# set curr_wave [current_wave_config]
# if { [string length $curr_wave] == 0 } {
#   if { [llength [get_objects]] > 0} {
#     add_wave /
#     set_property needs_save false [current_wave_config]
#   } else {
#      send_msg_id Add_Wave-1 WARNING "No top level signals found. Simulator will start without a wave window. If you want to open a wave window go to 'File->New Waveform Configuration' or type 'create_wave_config' in the TCL console."
#   }
# }
# run 1000ns
INFO: [USF-XSim-96] XSim completed. Design snapshot 'TB_CPU_behav' loaded.
INFO: [USF-XSim-97] XSim simulation ran for 1000ns
current_wave_config {TB_CPU_behav2.wcfg}
TB_CPU_behav2.wcfg
add_wave {{/TB_CPU/UUT/Reg_Bank_0}} 
close_sim
INFO: [Simtcl 6-16] Simulation closed
launch_simulation
INFO: [Vivado 12-5682] Launching behavioral simulation in 'D:/Academic/02. Computer Organization and Digital Design/Lab Work/Nano_Processor/Nano_Processor.sim/sim_1/behav/xsim'
INFO: [SIM-utils-51] Simulation object is 'sim_1'
INFO: [SIM-utils-54] Inspecting design source files for 'TB_CPU' in fileset 'sim_1'...
INFO: [USF-XSim-97] Finding global include files...
INFO: [USF-XSim-98] Fetching design files from 'sim_1'...
INFO: [USF-XSim-2] XSim::Compile design
INFO: [USF-XSim-61] Executing 'COMPILE and ANALYZE' step in 'D:/Academic/02. Computer Organization and Digital Design/Lab Work/Nano_Processor/Nano_Processor.sim/sim_1/behav/xsim'
"xvhdl --incr --relax -prj TB_CPU_vhdl.prj"
INFO: [USF-XSim-69] 'compile' step finished in '1' seconds
INFO: [USF-XSim-3] XSim::Elaborate design
INFO: [USF-XSim-61] Executing 'ELABORATE' step in 'D:/Academic/02. Computer Organization and Digital Design/Lab Work/Nano_Processor/Nano_Processor.sim/sim_1/behav/xsim'
Vivado Simulator 2018.2
Copyright 1986-1999, 2001-2018 Xilinx, Inc. All Rights Reserved.
Running: D:/Vivado/Vivado/2018.2/bin/unwrapped/win64.o/xelab.exe -wto ebe3c610a3c34cc9a0b30435ad9bf93f --incr --debug typical --relax --mt 2 -L xil_defaultlib -L secureip --snapshot TB_CPU_behav xil_defaultlib.TB_CPU -log elaborate.log 
Using 2 slave threads.
Starting static elaboration
Completed static elaboration
INFO: [XSIM 43-4323] No Change in HDL. Linking previously generated obj files to create kernel
INFO: [USF-XSim-69] 'elaborate' step finished in '1' seconds
INFO: [USF-XSim-4] XSim::Simulate design
INFO: [USF-XSim-61] Executing 'SIMULATE' step in 'D:/Academic/02. Computer Organization and Digital Design/Lab Work/Nano_Processor/Nano_Processor.sim/sim_1/behav/xsim'
INFO: [USF-XSim-98] *** Running xsim
   with args "TB_CPU_behav -key {Behavioral:sim_1:Functional:TB_CPU} -tclbatch {TB_CPU.tcl} -view {{D:/Academic/02. Computer Organization and Digital Design/Lab Work/Nano_Processor/TB_CPU_behav2.wcfg}} -log {simulate.log}"
INFO: [USF-XSim-8] Loading simulator feature
Vivado Simulator 2018.2
Time resolution is 1 ps
open_wave_config {D:/Academic/02. Computer Organization and Digital Design/Lab Work/Nano_Processor/TB_CPU_behav2.wcfg}
source TB_CPU.tcl
# set curr_wave [current_wave_config]
# if { [string length $curr_wave] == 0 } {
#   if { [llength [get_objects]] > 0} {
#     add_wave /
#     set_property needs_save false [current_wave_config]
#   } else {
#      send_msg_id Add_Wave-1 WARNING "No top level signals found. Simulator will start without a wave window. If you want to open a wave window go to 'File->New Waveform Configuration' or type 'create_wave_config' in the TCL console."
#   }
# }
# run 1000ns
INFO: [USF-XSim-96] XSim completed. Design snapshot 'TB_CPU_behav' loaded.
INFO: [USF-XSim-97] XSim simulation ran for 1000ns
close_sim
INFO: [Simtcl 6-16] Simulation closed
launch_simulation
INFO: [Vivado 12-5682] Launching behavioral simulation in 'D:/Academic/02. Computer Organization and Digital Design/Lab Work/Nano_Processor/Nano_Processor.sim/sim_1/behav/xsim'
INFO: [SIM-utils-51] Simulation object is 'sim_1'
INFO: [SIM-utils-54] Inspecting design source files for 'TB_CPU' in fileset 'sim_1'...
INFO: [USF-XSim-97] Finding global include files...
INFO: [USF-XSim-98] Fetching design files from 'sim_1'...
INFO: [USF-XSim-2] XSim::Compile design
INFO: [USF-XSim-61] Executing 'COMPILE and ANALYZE' step in 'D:/Academic/02. Computer Organization and Digital Design/Lab Work/Nano_Processor/Nano_Processor.sim/sim_1/behav/xsim'
"xvhdl --incr --relax -prj TB_CPU_vhdl.prj"
INFO: [USF-XSim-69] 'compile' step finished in '1' seconds
INFO: [USF-XSim-3] XSim::Elaborate design
INFO: [USF-XSim-61] Executing 'ELABORATE' step in 'D:/Academic/02. Computer Organization and Digital Design/Lab Work/Nano_Processor/Nano_Processor.sim/sim_1/behav/xsim'
Vivado Simulator 2018.2
Copyright 1986-1999, 2001-2018 Xilinx, Inc. All Rights Reserved.
Running: D:/Vivado/Vivado/2018.2/bin/unwrapped/win64.o/xelab.exe -wto ebe3c610a3c34cc9a0b30435ad9bf93f --incr --debug typical --relax --mt 2 -L xil_defaultlib -L secureip --snapshot TB_CPU_behav xil_defaultlib.TB_CPU -log elaborate.log 
Using 2 slave threads.
Starting static elaboration
Completed static elaboration
INFO: [XSIM 43-4323] No Change in HDL. Linking previously generated obj files to create kernel
INFO: [USF-XSim-69] 'elaborate' step finished in '1' seconds
INFO: [USF-XSim-4] XSim::Simulate design
INFO: [USF-XSim-61] Executing 'SIMULATE' step in 'D:/Academic/02. Computer Organization and Digital Design/Lab Work/Nano_Processor/Nano_Processor.sim/sim_1/behav/xsim'
INFO: [USF-XSim-98] *** Running xsim
   with args "TB_CPU_behav -key {Behavioral:sim_1:Functional:TB_CPU} -tclbatch {TB_CPU.tcl} -view {{D:/Academic/02. Computer Organization and Digital Design/Lab Work/Nano_Processor/TB_CPU_behav2.wcfg}} -log {simulate.log}"
INFO: [USF-XSim-8] Loading simulator feature
Vivado Simulator 2018.2
Time resolution is 1 ps
open_wave_config {D:/Academic/02. Computer Organization and Digital Design/Lab Work/Nano_Processor/TB_CPU_behav2.wcfg}
source TB_CPU.tcl
# set curr_wave [current_wave_config]
# if { [string length $curr_wave] == 0 } {
#   if { [llength [get_objects]] > 0} {
#     add_wave /
#     set_property needs_save false [current_wave_config]
#   } else {
#      send_msg_id Add_Wave-1 WARNING "No top level signals found. Simulator will start without a wave window. If you want to open a wave window go to 'File->New Waveform Configuration' or type 'create_wave_config' in the TCL console."
#   }
# }
# run 1000ns
INFO: [USF-XSim-96] XSim completed. Design snapshot 'TB_CPU_behav' loaded.
INFO: [USF-XSim-97] XSim simulation ran for 1000ns
current_wave_config {TB_CPU_behav2.wcfg}
TB_CPU_behav2.wcfg
add_wave {{/TB_CPU/UUT/Reg_Bank_0/Decoder_3_to_8_0}} 
current_wave_config {TB_CPU_behav2.wcfg}
TB_CPU_behav2.wcfg
add_wave {{/TB_CPU/UUT/Reg_Bank_0}} 
save_wave_config {D:/Academic/02. Computer Organization and Digital Design/Lab Work/Nano_Processor/TB_CPU_behav2.wcfg}
close_sim
INFO: [Simtcl 6-16] Simulation closed
launch_simulation
INFO: [Vivado 12-5682] Launching behavioral simulation in 'D:/Academic/02. Computer Organization and Digital Design/Lab Work/Nano_Processor/Nano_Processor.sim/sim_1/behav/xsim'
INFO: [SIM-utils-51] Simulation object is 'sim_1'
INFO: [SIM-utils-54] Inspecting design source files for 'TB_CPU' in fileset 'sim_1'...
INFO: [USF-XSim-97] Finding global include files...
INFO: [USF-XSim-98] Fetching design files from 'sim_1'...
INFO: [USF-XSim-2] XSim::Compile design
INFO: [USF-XSim-61] Executing 'COMPILE and ANALYZE' step in 'D:/Academic/02. Computer Organization and Digital Design/Lab Work/Nano_Processor/Nano_Processor.sim/sim_1/behav/xsim'
"xvhdl --incr --relax -prj TB_CPU_vhdl.prj"
INFO: [USF-XSim-69] 'compile' step finished in '1' seconds
INFO: [USF-XSim-3] XSim::Elaborate design
INFO: [USF-XSim-61] Executing 'ELABORATE' step in 'D:/Academic/02. Computer Organization and Digital Design/Lab Work/Nano_Processor/Nano_Processor.sim/sim_1/behav/xsim'
Vivado Simulator 2018.2
Copyright 1986-1999, 2001-2018 Xilinx, Inc. All Rights Reserved.
Running: D:/Vivado/Vivado/2018.2/bin/unwrapped/win64.o/xelab.exe -wto ebe3c610a3c34cc9a0b30435ad9bf93f --incr --debug typical --relax --mt 2 -L xil_defaultlib -L secureip --snapshot TB_CPU_behav xil_defaultlib.TB_CPU -log elaborate.log 
Using 2 slave threads.
Starting static elaboration
Completed static elaboration
INFO: [XSIM 43-4323] No Change in HDL. Linking previously generated obj files to create kernel
INFO: [USF-XSim-69] 'elaborate' step finished in '1' seconds
INFO: [USF-XSim-4] XSim::Simulate design
INFO: [USF-XSim-61] Executing 'SIMULATE' step in 'D:/Academic/02. Computer Organization and Digital Design/Lab Work/Nano_Processor/Nano_Processor.sim/sim_1/behav/xsim'
INFO: [USF-XSim-98] *** Running xsim
   with args "TB_CPU_behav -key {Behavioral:sim_1:Functional:TB_CPU} -tclbatch {TB_CPU.tcl} -view {{D:/Academic/02. Computer Organization and Digital Design/Lab Work/Nano_Processor/TB_CPU_behav2.wcfg}} -log {simulate.log}"
INFO: [USF-XSim-8] Loading simulator feature
Vivado Simulator 2018.2
Time resolution is 1 ps
open_wave_config {D:/Academic/02. Computer Organization and Digital Design/Lab Work/Nano_Processor/TB_CPU_behav2.wcfg}
source TB_CPU.tcl
# set curr_wave [current_wave_config]
# if { [string length $curr_wave] == 0 } {
#   if { [llength [get_objects]] > 0} {
#     add_wave /
#     set_property needs_save false [current_wave_config]
#   } else {
#      send_msg_id Add_Wave-1 WARNING "No top level signals found. Simulator will start without a wave window. If you want to open a wave window go to 'File->New Waveform Configuration' or type 'create_wave_config' in the TCL console."
#   }
# }
# run 1000ns
INFO: [USF-XSim-96] XSim completed. Design snapshot 'TB_CPU_behav' loaded.
INFO: [USF-XSim-97] XSim simulation ran for 1000ns
current_wave_config {TB_CPU_behav2.wcfg}
TB_CPU_behav2.wcfg
add_wave {{/TB_CPU/UUT/Program_ROM_0}} 
save_wave_config {D:/Academic/02. Computer Organization and Digital Design/Lab Work/Nano_Processor/TB_CPU_behav2.wcfg}
close_sim
INFO: [Simtcl 6-16] Simulation closed
launch_simulation
INFO: [Vivado 12-5682] Launching behavioral simulation in 'D:/Academic/02. Computer Organization and Digital Design/Lab Work/Nano_Processor/Nano_Processor.sim/sim_1/behav/xsim'
INFO: [SIM-utils-51] Simulation object is 'sim_1'
INFO: [SIM-utils-54] Inspecting design source files for 'TB_CPU' in fileset 'sim_1'...
INFO: [USF-XSim-97] Finding global include files...
INFO: [USF-XSim-98] Fetching design files from 'sim_1'...
INFO: [USF-XSim-2] XSim::Compile design
INFO: [USF-XSim-61] Executing 'COMPILE and ANALYZE' step in 'D:/Academic/02. Computer Organization and Digital Design/Lab Work/Nano_Processor/Nano_Processor.sim/sim_1/behav/xsim'
"xvhdl --incr --relax -prj TB_CPU_vhdl.prj"
INFO: [USF-XSim-69] 'compile' step finished in '1' seconds
INFO: [USF-XSim-3] XSim::Elaborate design
INFO: [USF-XSim-61] Executing 'ELABORATE' step in 'D:/Academic/02. Computer Organization and Digital Design/Lab Work/Nano_Processor/Nano_Processor.sim/sim_1/behav/xsim'
Vivado Simulator 2018.2
Copyright 1986-1999, 2001-2018 Xilinx, Inc. All Rights Reserved.
Running: D:/Vivado/Vivado/2018.2/bin/unwrapped/win64.o/xelab.exe -wto ebe3c610a3c34cc9a0b30435ad9bf93f --incr --debug typical --relax --mt 2 -L xil_defaultlib -L secureip --snapshot TB_CPU_behav xil_defaultlib.TB_CPU -log elaborate.log 
Using 2 slave threads.
Starting static elaboration
Completed static elaboration
INFO: [XSIM 43-4323] No Change in HDL. Linking previously generated obj files to create kernel
INFO: [USF-XSim-69] 'elaborate' step finished in '1' seconds
INFO: [USF-XSim-4] XSim::Simulate design
INFO: [USF-XSim-61] Executing 'SIMULATE' step in 'D:/Academic/02. Computer Organization and Digital Design/Lab Work/Nano_Processor/Nano_Processor.sim/sim_1/behav/xsim'
INFO: [USF-XSim-98] *** Running xsim
   with args "TB_CPU_behav -key {Behavioral:sim_1:Functional:TB_CPU} -tclbatch {TB_CPU.tcl} -view {{D:/Academic/02. Computer Organization and Digital Design/Lab Work/Nano_Processor/TB_CPU_behav2.wcfg}} -log {simulate.log}"
INFO: [USF-XSim-8] Loading simulator feature
Vivado Simulator 2018.2
Time resolution is 1 ps
open_wave_config {D:/Academic/02. Computer Organization and Digital Design/Lab Work/Nano_Processor/TB_CPU_behav2.wcfg}
source TB_CPU.tcl
# set curr_wave [current_wave_config]
# if { [string length $curr_wave] == 0 } {
#   if { [llength [get_objects]] > 0} {
#     add_wave /
#     set_property needs_save false [current_wave_config]
#   } else {
#      send_msg_id Add_Wave-1 WARNING "No top level signals found. Simulator will start without a wave window. If you want to open a wave window go to 'File->New Waveform Configuration' or type 'create_wave_config' in the TCL console."
#   }
# }
# run 1000ns
INFO: [USF-XSim-96] XSim completed. Design snapshot 'TB_CPU_behav' loaded.
INFO: [USF-XSim-97] XSim simulation ran for 1000ns
current_wave_config {TB_CPU_behav2.wcfg}
TB_CPU_behav2.wcfg
add_wave {{/TB_CPU/UUT/Instruction_Decoder_0}} 
save_wave_config {D:/Academic/02. Computer Organization and Digital Design/Lab Work/Nano_Processor/TB_CPU_behav2.wcfg}
close_sim
INFO: [Simtcl 6-16] Simulation closed
launch_simulation
INFO: [Vivado 12-5682] Launching behavioral simulation in 'D:/Academic/02. Computer Organization and Digital Design/Lab Work/Nano_Processor/Nano_Processor.sim/sim_1/behav/xsim'
INFO: [SIM-utils-51] Simulation object is 'sim_1'
INFO: [SIM-utils-54] Inspecting design source files for 'TB_CPU' in fileset 'sim_1'...
INFO: [USF-XSim-97] Finding global include files...
INFO: [USF-XSim-98] Fetching design files from 'sim_1'...
INFO: [USF-XSim-2] XSim::Compile design
INFO: [USF-XSim-61] Executing 'COMPILE and ANALYZE' step in 'D:/Academic/02. Computer Organization and Digital Design/Lab Work/Nano_Processor/Nano_Processor.sim/sim_1/behav/xsim'
"xvhdl --incr --relax -prj TB_CPU_vhdl.prj"
INFO: [USF-XSim-69] 'compile' step finished in '1' seconds
INFO: [USF-XSim-3] XSim::Elaborate design
INFO: [USF-XSim-61] Executing 'ELABORATE' step in 'D:/Academic/02. Computer Organization and Digital Design/Lab Work/Nano_Processor/Nano_Processor.sim/sim_1/behav/xsim'
Vivado Simulator 2018.2
Copyright 1986-1999, 2001-2018 Xilinx, Inc. All Rights Reserved.
Running: D:/Vivado/Vivado/2018.2/bin/unwrapped/win64.o/xelab.exe -wto ebe3c610a3c34cc9a0b30435ad9bf93f --incr --debug typical --relax --mt 2 -L xil_defaultlib -L secureip --snapshot TB_CPU_behav xil_defaultlib.TB_CPU -log elaborate.log 
Using 2 slave threads.
Starting static elaboration
Completed static elaboration
INFO: [XSIM 43-4323] No Change in HDL. Linking previously generated obj files to create kernel
INFO: [USF-XSim-69] 'elaborate' step finished in '1' seconds
INFO: [USF-XSim-4] XSim::Simulate design
INFO: [USF-XSim-61] Executing 'SIMULATE' step in 'D:/Academic/02. Computer Organization and Digital Design/Lab Work/Nano_Processor/Nano_Processor.sim/sim_1/behav/xsim'
INFO: [USF-XSim-98] *** Running xsim
   with args "TB_CPU_behav -key {Behavioral:sim_1:Functional:TB_CPU} -tclbatch {TB_CPU.tcl} -view {{D:/Academic/02. Computer Organization and Digital Design/Lab Work/Nano_Processor/TB_CPU_behav2.wcfg}} -log {simulate.log}"
INFO: [USF-XSim-8] Loading simulator feature
Vivado Simulator 2018.2
Time resolution is 1 ps
open_wave_config {D:/Academic/02. Computer Organization and Digital Design/Lab Work/Nano_Processor/TB_CPU_behav2.wcfg}
source TB_CPU.tcl
# set curr_wave [current_wave_config]
# if { [string length $curr_wave] == 0 } {
#   if { [llength [get_objects]] > 0} {
#     add_wave /
#     set_property needs_save false [current_wave_config]
#   } else {
#      send_msg_id Add_Wave-1 WARNING "No top level signals found. Simulator will start without a wave window. If you want to open a wave window go to 'File->New Waveform Configuration' or type 'create_wave_config' in the TCL console."
#   }
# }
# run 1000ns
INFO: [USF-XSim-96] XSim completed. Design snapshot 'TB_CPU_behav' loaded.
INFO: [USF-XSim-97] XSim simulation ran for 1000ns
current_wave_config {TB_CPU_behav2.wcfg}
TB_CPU_behav2.wcfg
add_wave {{/TB_CPU/UUT/Slow_Clock_0}} 
save_wave_config {D:/Academic/02. Computer Organization and Digital Design/Lab Work/Nano_Processor/TB_CPU_behav2.wcfg}
close_sim
INFO: [Simtcl 6-16] Simulation closed
launch_simulation
INFO: [Vivado 12-5682] Launching behavioral simulation in 'D:/Academic/02. Computer Organization and Digital Design/Lab Work/Nano_Processor/Nano_Processor.sim/sim_1/behav/xsim'
INFO: [SIM-utils-51] Simulation object is 'sim_1'
INFO: [SIM-utils-54] Inspecting design source files for 'TB_CPU' in fileset 'sim_1'...
INFO: [USF-XSim-97] Finding global include files...
INFO: [USF-XSim-98] Fetching design files from 'sim_1'...
INFO: [USF-XSim-2] XSim::Compile design
INFO: [USF-XSim-61] Executing 'COMPILE and ANALYZE' step in 'D:/Academic/02. Computer Organization and Digital Design/Lab Work/Nano_Processor/Nano_Processor.sim/sim_1/behav/xsim'
"xvhdl --incr --relax -prj TB_CPU_vhdl.prj"
INFO: [USF-XSim-69] 'compile' step finished in '1' seconds
INFO: [USF-XSim-3] XSim::Elaborate design
INFO: [USF-XSim-61] Executing 'ELABORATE' step in 'D:/Academic/02. Computer Organization and Digital Design/Lab Work/Nano_Processor/Nano_Processor.sim/sim_1/behav/xsim'
Vivado Simulator 2018.2
Copyright 1986-1999, 2001-2018 Xilinx, Inc. All Rights Reserved.
Running: D:/Vivado/Vivado/2018.2/bin/unwrapped/win64.o/xelab.exe -wto ebe3c610a3c34cc9a0b30435ad9bf93f --incr --debug typical --relax --mt 2 -L xil_defaultlib -L secureip --snapshot TB_CPU_behav xil_defaultlib.TB_CPU -log elaborate.log 
Using 2 slave threads.
Starting static elaboration
Completed static elaboration
INFO: [XSIM 43-4323] No Change in HDL. Linking previously generated obj files to create kernel
INFO: [USF-XSim-69] 'elaborate' step finished in '1' seconds
INFO: [USF-XSim-4] XSim::Simulate design
INFO: [USF-XSim-61] Executing 'SIMULATE' step in 'D:/Academic/02. Computer Organization and Digital Design/Lab Work/Nano_Processor/Nano_Processor.sim/sim_1/behav/xsim'
INFO: [USF-XSim-98] *** Running xsim
   with args "TB_CPU_behav -key {Behavioral:sim_1:Functional:TB_CPU} -tclbatch {TB_CPU.tcl} -view {{D:/Academic/02. Computer Organization and Digital Design/Lab Work/Nano_Processor/TB_CPU_behav2.wcfg}} -log {simulate.log}"
INFO: [USF-XSim-8] Loading simulator feature
Vivado Simulator 2018.2
Time resolution is 1 ps
open_wave_config {D:/Academic/02. Computer Organization and Digital Design/Lab Work/Nano_Processor/TB_CPU_behav2.wcfg}
source TB_CPU.tcl
# set curr_wave [current_wave_config]
# if { [string length $curr_wave] == 0 } {
#   if { [llength [get_objects]] > 0} {
#     add_wave /
#     set_property needs_save false [current_wave_config]
#   } else {
#      send_msg_id Add_Wave-1 WARNING "No top level signals found. Simulator will start without a wave window. If you want to open a wave window go to 'File->New Waveform Configuration' or type 'create_wave_config' in the TCL console."
#   }
# }
# run 1000ns
INFO: [USF-XSim-96] XSim completed. Design snapshot 'TB_CPU_behav' loaded.
INFO: [USF-XSim-97] XSim simulation ran for 1000ns
current_wave_config {TB_CPU_behav2.wcfg}
TB_CPU_behav2.wcfg
add_wave {{/TB_CPU/UUT/Seven_segment_0}} 
save_wave_config {D:/Academic/02. Computer Organization and Digital Design/Lab Work/Nano_Processor/TB_CPU_behav2.wcfg}
close_sim
INFO: [Simtcl 6-16] Simulation closed
launch_simulation
INFO: [Vivado 12-5682] Launching behavioral simulation in 'D:/Academic/02. Computer Organization and Digital Design/Lab Work/Nano_Processor/Nano_Processor.sim/sim_1/behav/xsim'
INFO: [SIM-utils-51] Simulation object is 'sim_1'
INFO: [SIM-utils-54] Inspecting design source files for 'TB_CPU' in fileset 'sim_1'...
INFO: [USF-XSim-97] Finding global include files...
INFO: [USF-XSim-98] Fetching design files from 'sim_1'...
INFO: [USF-XSim-2] XSim::Compile design
INFO: [USF-XSim-61] Executing 'COMPILE and ANALYZE' step in 'D:/Academic/02. Computer Organization and Digital Design/Lab Work/Nano_Processor/Nano_Processor.sim/sim_1/behav/xsim'
"xvhdl --incr --relax -prj TB_CPU_vhdl.prj"
INFO: [USF-XSim-69] 'compile' step finished in '1' seconds
INFO: [USF-XSim-3] XSim::Elaborate design
INFO: [USF-XSim-61] Executing 'ELABORATE' step in 'D:/Academic/02. Computer Organization and Digital Design/Lab Work/Nano_Processor/Nano_Processor.sim/sim_1/behav/xsim'
Vivado Simulator 2018.2
Copyright 1986-1999, 2001-2018 Xilinx, Inc. All Rights Reserved.
Running: D:/Vivado/Vivado/2018.2/bin/unwrapped/win64.o/xelab.exe -wto ebe3c610a3c34cc9a0b30435ad9bf93f --incr --debug typical --relax --mt 2 -L xil_defaultlib -L secureip --snapshot TB_CPU_behav xil_defaultlib.TB_CPU -log elaborate.log 
Using 2 slave threads.
Starting static elaboration
Completed static elaboration
INFO: [XSIM 43-4323] No Change in HDL. Linking previously generated obj files to create kernel
INFO: [USF-XSim-69] 'elaborate' step finished in '1' seconds
INFO: [USF-XSim-4] XSim::Simulate design
INFO: [USF-XSim-61] Executing 'SIMULATE' step in 'D:/Academic/02. Computer Organization and Digital Design/Lab Work/Nano_Processor/Nano_Processor.sim/sim_1/behav/xsim'
INFO: [USF-XSim-98] *** Running xsim
   with args "TB_CPU_behav -key {Behavioral:sim_1:Functional:TB_CPU} -tclbatch {TB_CPU.tcl} -view {{D:/Academic/02. Computer Organization and Digital Design/Lab Work/Nano_Processor/TB_CPU_behav2.wcfg}} -log {simulate.log}"
INFO: [USF-XSim-8] Loading simulator feature
Vivado Simulator 2018.2
Time resolution is 1 ps
open_wave_config {D:/Academic/02. Computer Organization and Digital Design/Lab Work/Nano_Processor/TB_CPU_behav2.wcfg}
source TB_CPU.tcl
# set curr_wave [current_wave_config]
# if { [string length $curr_wave] == 0 } {
#   if { [llength [get_objects]] > 0} {
#     add_wave /
#     set_property needs_save false [current_wave_config]
#   } else {
#      send_msg_id Add_Wave-1 WARNING "No top level signals found. Simulator will start without a wave window. If you want to open a wave window go to 'File->New Waveform Configuration' or type 'create_wave_config' in the TCL console."
#   }
# }
# run 1000ns
INFO: [USF-XSim-96] XSim completed. Design snapshot 'TB_CPU_behav' loaded.
INFO: [USF-XSim-97] XSim simulation ran for 1000ns
